[      24ms] [LOG] localhost @ http://localhost:5173/wizards:10
[      24ms] [LOG] localhost @ http://localhost:5173/wizards:25
[     191ms] [LOG] [StoreVersioning] Current version date: 2026-03-07 @ http://localhost:5173/src/stores/storeVersioning.js:66
[     191ms] [LOG] [StoreVersioning] Stored version date: 2026-03-07 @ http://localhost:5173/src/stores/storeVersioning.js:67
[     191ms] [LOG] [StoreVersioning] Stores are up to date, no clearing needed. @ http://localhost:5173/src/stores/storeVersioning.js:89
[     198ms] [WARNING] Initializing MKF in Web Worker (fresh)... @ http://localhost:5173/src/main.js?t=1776025703538:156
[     199ms] [WARNING] Loading core materials in backend @ http://localhost:5173/src/main.js?t=1776025703538:164
[     235ms] [LOG] [MKF Worker] Loading WASM from: /wasm/libMKF.wasm.js?v=2026-03-07 @ http://localhost:5173/WebSharedComponents/assets/js/mkfWorker.js?worker_file&type=module:113
[     659ms] [WARNING] [JavaScript Warning: "The WebAssembly exception handling 'try' instruction is deprecated and should no longer be used. Please recompile to use the 'try_table' instruction instead."] @ :0
[     670ms] [WARNING] Loading core materials in simulator @ http://localhost:5173/src/main.js?t=1776025703538:197
[     671ms] [WARNING] Loading core shapes in simulator @ http://localhost:5173/src/main.js?t=1776025703538:200
[     671ms] [WARNING] Loading wires in simulator @ http://localhost:5173/src/main.js?t=1776025703538:203
[    6882ms] [LOG] Core materials loaded @ http://localhost:5173/src/main.js?t=1776025703538:198
[    7334ms] [LOG] Core shapes loaded @ http://localhost:5173/src/main.js?t=1776025703538:201
[   18130ms] [LOG] Wires loaded @ http://localhost:5173/src/main.js?t=1776025703538:204
[   18131ms] [WARNING] All data loaded @ http://localhost:5173/src/main.js?t=1776025703538:213
[   18131ms] [WARNING] Initializing model settings... @ http://localhost:5173/src/main.js?t=1776025703538:216
[   18138ms] [WARNING] Model settings initialized @ http://localhost:5173/src/main.js?t=1776025703538:219
[   18173ms] [WARNING] [JavaScript Warning: "unreachable code after return statement" {file: "http://localhost:5173/src/components/Wizards/PsfbWizard.vue?t=1776018171279" line: 79}] @ http://localhost:5173/src/components/Wizards/PsfbWizard.vue?t=1776018171279:79
[   18249ms] [LOG] [StateStore] resimulate() called - triggering action subscribers @ http://localhost:5173/src/stores/state.js?t=1775947585724:393
[   18249ms] [LOG] [StateStore] Stored pending simulation models: JSHandle@object @ http://localhost:5173/src/stores/state.js?t=1775947585724:396
[   50443ms] [LOG] Resetting MAS @ http://localhost:5173/MagneticBuilder/src/stores/mas.js?t=1775947585724:43
[   50450ms] [ERROR] [LLC] Nielsen TDA solver did not fully converge: residual=1.68698 A (Vi=200V, Vo=200.16V, fsw=100000Hz) — analytical waveform may be inaccurate for this op. point @ blob:http://localhost:5173/60016785-77d1-4719-84ec-d279d7c11c87:7
[   50504ms] [LOG] 🔍 [calculateLlcInputs] WASM returns: JSHandle@object @ http://localhost:5173/src/stores/taskQueue.js?t=1775943862989:1311
[   51107ms] [ERROR] Error @ http://localhost:5173/src/components/Toolbox/ControlPanel.vue?t=1775947585724:101
[   51226ms] [WARNING] [JavaScript Warning: "The WebAssembly exception handling 'try' instruction is deprecated and should no longer be used. Please recompile to use the 'try_table' instruction instead."] @ :0
[   56869ms] [LOG] [MagneticAdviser] raw coreAdviseMode: standard cores @ http://localhost:5173/src/components/Toolbox/MagneticAdviser.vue?t=1775947585724:96
[   56869ms] [LOG] [MagneticAdviser] typeof coreAdviseMode: string @ http://localhost:5173/src/components/Toolbox/MagneticAdviser.vue?t=1775947585724:97
[   56869ms] [LOG] [MagneticAdviser] coreAdviseMode instanceof Object: false @ http://localhost:5173/src/components/Toolbox/MagneticAdviser.vue?t=1775947585724:98
[   56869ms] [LOG] [MagneticAdviser] String(coreAdviseMode): standard cores @ http://localhost:5173/src/components/Toolbox/MagneticAdviser.vue?t=1775947585724:99
[   56869ms] [LOG] [MagneticAdviser] final coreAdviseMode: standard cores @ http://localhost:5173/src/components/Toolbox/MagneticAdviser.vue?t=1775947585724:110
[   56869ms] [LOG] [DEBUG calculateAdvisedMagnetics] Original weights: Proxy @ http://localhost:5173/src/stores/taskQueue.js?t=1775943862989:244
[   56870ms] [LOG] [DEBUG calculateAdvisedMagnetics] Transformed weights: JSHandle@object @ http://localhost:5173/src/stores/taskQueue.js?t=1775943862989:245
[   56870ms] [LOG] [DEBUG calculateAdvisedMagnetics] FINAL mode: standard cores @ http://localhost:5173/src/stores/taskQueue.js?t=1775943862989:254
[   56870ms] [WARNING] [DEBUG calculateAdvisedMagnetics] Fixed frequency=0 in operating point 0, excitation 0. Set to 100000 @ http://localhost:5173/src/stores/taskQueue.js?t=1775943862989:263
[   56870ms] [WARNING] [DEBUG calculateAdvisedMagnetics] Fixed frequency=0 in operating point 0, excitation 1. Set to 100000 @ http://localhost:5173/src/stores/taskQueue.js?t=1775943862989:263
[   56870ms] [WARNING] [DEBUG calculateAdvisedMagnetics] Fixed frequency=0 in operating point 0, excitation 2. Set to 100000 @ http://localhost:5173/src/stores/taskQueue.js?t=1775943862989:263
[   56870ms] [WARNING] [DEBUG calculateAdvisedMagnetics] Fixed frequency=0 in operating point 0, excitation 3. Set to 100000 @ http://localhost:5173/src/stores/taskQueue.js?t=1775943862989:263
[   56870ms] [WARNING] [DEBUG calculateAdvisedMagnetics] Fixed frequency=0 in operating point 0, excitation 4. Set to 100000 @ http://localhost:5173/src/stores/taskQueue.js?t=1775943862989:263
[   60249ms] [LOG] [CoreAdviser] Starting with 3567 magnetics @ blob:http://localhost:5173/60016785-77d1-4719-84ec-d279d7c11c87:7
[   61306ms] [LOG] [CoreAdviser] After AreaProduct: 1335 @ blob:http://localhost:5173/60016785-77d1-4719-84ec-d279d7c11c87:7
[   61315ms] [LOG] [CoreAdviser] Ferrite cores after pruning: 400 @ blob:http://localhost:5173/60016785-77d1-4719-84ec-d279d7c11c87:7
[   63247ms] [LOG] [CoreAdviser] After gapping: 400 @ blob:http://localhost:5173/60016785-77d1-4719-84ec-d279d7c11c87:7
[   63533ms] [LOG] [CoreAdviser] After FringingFactor: 388 @ blob:http://localhost:5173/60016785-77d1-4719-84ec-d279d7c11c87:7
[   63559ms] [LOG] [CoreAdviser] After Dimensions: 388 @ blob:http://localhost:5173/60016785-77d1-4719-84ec-d279d7c11c87:7
[   63636ms] [LOG] [CoreAdviser] After materials: 776 @ blob:http://localhost:5173/60016785-77d1-4719-84ec-d279d7c11c87:7
[   64023ms] [LOG] [CoreAdviser] After Inductance: 233 @ blob:http://localhost:5173/60016785-77d1-4719-84ec-d279d7c11c87:7
[   64023ms] [LOG] [SatFilter] Using provided voltage: 772.901V @ blob:http://localhost:5173/60016785-77d1-4719-84ec-d279d7c11c87:7
[   64024ms] [LOG] [SatFilter] Core: 98 E 50/15 gapped 0.55 mm stacks=1 Ae=181.091mm2 L=0uH Vpeak=772.901V N=20 f=100000Hz Bpeak=0.339638T Bsat=0.3507T OK @ blob:http://localhost:5173/60016785-77d1-4719-84ec-d279d7c11c87:7
[   64024ms] [LOG] [SatFilter] Using provided voltage: 772.901V @ blob:http://localhost:5173/60016785-77d1-4719-84ec-d279d7c11c87:7
[   64024ms] [LOG] [SatFilter] Core: 95 E 50/15 gapped 0.55 mm stacks=1 Ae=181.091mm2 L=0uH Vpeak=772.901V N=20 f=100000Hz Bpeak=0.339638T Bsat=0.35T OK @ blob:http://localhost:5173/60016785-77d1-4719-84ec-d279d7c11c87:7
[   64025ms] [LOG] [SatFilter] Using provided voltage: 772.901V @ blob:http://localhost:5173/60016785-77d1-4719-84ec-d279d7c11c87:7
[   64025ms] [LOG] [SatFilter] Core: 95 ER 54/18/18 gapped 0.36 mm stacks=1 Ae=274.118mm2 L=0uH Vpeak=772.901V N=13 f=100000Hz Bpeak=0.345193T Bsat=0.35T OK @ blob:http://localhost:5173/60016785-77d1-4719-84ec-d279d7c11c87:7
[   64025ms] [LOG] [SatFilter] Using provided voltage: 772.901V @ blob:http://localhost:5173/60016785-77d1-4719-84ec-d279d7c11c87:7
[   64025ms] [LOG] [SatFilter] Core: 95 ER 54/18/18 gapped 0.36 mm stacks=1 Ae=274.118mm2 L=0uH Vpeak=772.901V N=13 f=100000Hz Bpeak=0.345193T Bsat=0.35T OK @ blob:http://localhost:5173/60016785-77d1-4719-84ec-d279d7c11c87:7
[   64025ms] [LOG] [SatFilter] Using provided voltage: 772.901V @ blob:http://localhost:5173/60016785-77d1-4719-84ec-d279d7c11c87:7
[   64026ms] [LOG] [SatFilter] Core: 95 PQ 40/40 gapped 0.53 mm stacks=1 Ae=189.02mm2 L=0uH Vpeak=772.901V N=19 f=100000Hz Bpeak=0.342516T Bsat=0.35T OK @ blob:http://localhost:5173/60016785-77d1-4719-84ec-d279d7c11c87:7
[   64026ms] [LOG] [SatFilter] Using provided voltage: 772.901V @ blob:http://localhost:5173/60016785-77d1-4719-84ec-d279d7c11c87:7
[   64026ms] [LOG] [SatFilter] Core: 98 PQ 40/40 gapped 0.53 mm stacks=1 Ae=189.02mm2 L=0uH Vpeak=772.901V N=19 f=100000Hz Bpeak=0.342516T Bsat=0.3507T OK @ blob:http://localhost:5173/60016785-77d1-4719-84ec-d279d7c11c87:7
[   64027ms] [LOG] [SatFilter] Using provided voltage: 772.901V @ blob:http://localhost:5173/60016785-77d1-4719-84ec-d279d7c11c87:7
[   64027ms] [LOG] [SatFilter] Core: 98 E 42/21/20 gapped 0.54 mm stacks=1 Ae=186.792mm2 L=0uH Vpeak=772.901V N=19 f=100000Hz Bpeak=0.346602T Bsat=0.3507T OK @ blob:http://localhost:5173/60016785-77d1-4719-84ec-d279d7c11c87:7
[   64027ms] [LOG] [SatFilter] Using provided voltage: 772.901V @ blob:http://localhost:5173/60016785-77d1-4719-84ec-d279d7c11c87:7
[   64027ms] [LOG] [SatFilter] Core: 98 E 42/21/20 gapped 0.54 mm stacks=1 Ae=186.792mm2 L=0uH Vpeak=772.901V N=19 f=100000Hz Bpeak=0.346602T Bsat=0.3507T OK @ blob:http://localhost:5173/60016785-77d1-4719-84ec-d279d7c11c87:7
[   64027ms] [LOG] [SatFilter] Using provided voltage: 772.901V @ blob:http://localhost:5173/60016785-77d1-4719-84ec-d279d7c11c87:7
[   64028ms] [LOG] [SatFilter] Core: 95 ER 48/18/18 gapped 0.47 mm stacks=1 Ae=214.048mm2 L=0uH Vpeak=772.901V N=17 f=100000Hz Bpeak=0.338053T Bsat=0.35T OK @ blob:http://localhost:5173/60016785-77d1-4719-84ec-d279d7c11c87:7
[   64028ms] [LOG] [SatFilter] Using provided voltage: 772.901V @ blob:http://localhost:5173/60016785-77d1-4719-84ec-d279d7c11c87:7
[   64028ms] [LOG] [SatFilter] Core: 98 ER 48/18/18 gapped 0.47 mm stacks=1 Ae=214.048mm2 L=0uH Vpeak=772.901V N=17 f=100000Hz Bpeak=0.338053T Bsat=0.3507T OK @ blob:http://localhost:5173/60016785-77d1-4719-84ec-d279d7c11c87:7
[   64028ms] [LOG] [SatFilter] Using provided voltage: 772.901V @ blob:http://localhost:5173/60016785-77d1-4719-84ec-d279d7c11c87:7
[   64028ms] [LOG] [SatFilter] Core: 95 PQ 50/30 gapped 0.29 mm stacks=1 Ae=342.595mm2 L=0uH Vpeak=772.901V N=11 f=100000Hz Bpeak=0.326415T Bsat=0.35T OK @ blob:http://localhost:5173/60016785-77d1-4719-84ec-d279d7c11c87:7
[   64029ms] [LOG] [SatFilter] Using provided voltage: 772.901V @ blob:http://localhost:5173/60016785-77d1-4719-84ec-d279d7c11c87:7
[   64029ms] [LOG] [SatFilter] Core: 98 PQ 50/30 gapped 0.29 mm stacks=1 Ae=342.595mm2 L=0uH Vpeak=772.901V N=11 f=100000Hz Bpeak=0.326415T Bsat=0.3507T OK @ blob:http://localhost:5173/60016785-77d1-4719-84ec-d279d7c11c87:7
[   64029ms] [LOG] [SatFilter] Using provided voltage: 772.901V @ blob:http://localhost:5173/60016785-77d1-4719-84ec-d279d7c11c87:7
[   64030ms] [LOG] [SatFilter] Core: 95 E 42/21/20 gapped 0.54 mm stacks=1 Ae=186.792mm2 L=0uH Vpeak=772.901V N=19 f=100000Hz Bpeak=0.346602T Bsat=0.35T OK @ blob:http://localhost:5173/60016785-77d1-4719-84ec-d279d7c11c87:7
[   64030ms] [LOG] [SatFilter] Using provided voltage: 772.901V @ blob:http://localhost:5173/60016785-77d1-4719-84ec-d279d7c11c87:7
[   64030ms] [LOG] [SatFilter] Core: 95 E 42/21/20 gapped 0.54 mm stacks=1 Ae=186.792mm2 L=0uH Vpeak=772.901V N=19 f=100000Hz Bpeak=0.346602T Bsat=0.35T OK @ blob:http://localhost:5173/60016785-77d1-4719-84ec-d279d7c11c87:7
[   64030ms] [LOG] [SatFilter] Using provided voltage: 772.901V @ blob:http://localhost:5173/60016785-77d1-4719-84ec-d279d7c11c87:7
[   64031ms] [LOG] [SatFilter] Core: 95 EQ 41/28/17 gapped 0.49 mm stacks=1 Ae=202.977mm2 L=0uH Vpeak=772.901V N=18 f=100000Hz Bpeak=0.336686T Bsat=0.35T OK @ blob:http://localhost:5173/60016785-77d1-4719-84ec-d279d7c11c87:7
[   64031ms] [LOG] [SatFilter] Using provided voltage: 772.901V @ blob:http://localhost:5173/60016785-77d1-4719-84ec-d279d7c11c87:7
[   64031ms] [LOG] [SatFilter] Core: 95 EQ 41/28/17 gapped 0.49 mm stacks=1 Ae=202.977mm2 L=0uH Vpeak=772.901V N=18 f=100000Hz Bpeak=0.336686T Bsat=0.35T OK @ blob:http://localhost:5173/60016785-77d1-4719-84ec-d279d7c11c87:7
[   64031ms] [LOG] [SatFilter] Using provided voltage: 772.901V @ blob:http://localhost:5173/60016785-77d1-4719-84ec-d279d7c11c87:7
[   64031ms] [LOG] [SatFilter] Core: 98 EQ 41/28/17 gapped 0.49 mm stacks=1 Ae=202.977mm2 L=0uH Vpeak=772.901V N=18 f=100000Hz Bpeak=0.336686T Bsat=0.3507T OK @ blob:http://localhost:5173/60016785-77d1-4719-84ec-d279d7c11c87:7
[   64032ms] [LOG] [SatFilter] Using provided voltage: 772.901V @ blob:http://localhost:5173/60016785-77d1-4719-84ec-d279d7c11c87:7
[   64032ms] [LOG] [SatFilter] Core: 98 EQ 41/28/17 gapped 0.49 mm stacks=1 Ae=202.977mm2 L=0uH Vpeak=772.901V N=18 f=100000Hz Bpeak=0.336686T Bsat=0.3507T OK @ blob:http://localhost:5173/60016785-77d1-4719-84ec-d279d7c11c87:7
[   64032ms] [LOG] [SatFilter] Using provided voltage: 772.901V @ blob:http://localhost:5173/60016785-77d1-4719-84ec-d279d7c11c87:7
[   64032ms] [LOG] [SatFilter] Core: 95 P 47/28 gapped 0.29 mm stacks=1 Ae=350.505mm2 L=0uH Vpeak=772.901V N=11 f=100000Hz Bpeak=0.319049T Bsat=0.35T OK @ blob:http://localhost:5173/60016785-77d1-4719-84ec-d279d7c11c87:7
[   64033ms] [LOG] [SatFilter] Using provided voltage: 772.901V @ blob:http://localhost:5173/60016785-77d1-4719-84ec-d279d7c11c87:7
[   64033ms] [LOG] [SatFilter] Core: 98 P 47/28 gapped 0.29 mm stacks=1 Ae=350.505mm2 L=0uH Vpeak=772.901V N=11 f=100000Hz Bpeak=0.319049T Bsat=0.3507T OK @ blob:http://localhost:5173/60016785-77d1-4719-84ec-d279d7c11c87:7
[   64033ms] [LOG] [SatFilter] Using provided voltage: 772.901V @ blob:http://localhost:5173/60016785-77d1-4719-84ec-d279d7c11c87:7
[   64033ms] [LOG] [SatFilter] Core: 95 EQ 50/32/15 gapped 0.29 mm stacks=1 Ae=341.216mm2 L=0uH Vpeak=772.901V N=11 f=100000Hz Bpeak=0.327735T Bsat=0.35T OK @ blob:http://localhost:5173/60016785-77d1-4719-84ec-d279d7c11c87:7
[   64033ms] [LOG] [SatFilter] Using provided voltage: 772.901V @ blob:http://localhost:5173/60016785-77d1-4719-84ec-d279d7c11c87:7
[   64034ms] [LOG] [SatFilter] Core: 98 EQ 50/32/15 gapped 0.29 mm stacks=1 Ae=341.216mm2 L=0uH Vpeak=772.901V N=11 f=100000Hz Bpeak=0.327735T Bsat=0.3507T OK @ blob:http://localhost:5173/60016785-77d1-4719-84ec-d279d7c11c87:7
[   64034ms] [LOG] [SatFilter] Using provided voltage: 772.901V @ blob:http://localhost:5173/60016785-77d1-4719-84ec-d279d7c11c87:7
[   64034ms] [LOG] [SatFilter] Core: 95 EQ 50/32/15.6 gapped 0.29 mm stacks=1 Ae=340.547mm2 L=0uH Vpeak=772.901V N=11 f=100000Hz Bpeak=0.328378T Bsat=0.35T OK @ blob:http://localhost:5173/60016785-77d1-4719-84ec-d279d7c11c87:7
[   64034ms] [LOG] [SatFilter] Using provided voltage: 772.901V @ blob:http://localhost:5173/60016785-77d1-4719-84ec-d279d7c11c87:7
[   64035ms] [LOG] [SatFilter] Core: 98 EQ 50/32/15.6 gapped 0.29 mm stacks=1 Ae=340.547mm2 L=0uH Vpeak=772.901V N=11 f=100000Hz Bpeak=0.328378T Bsat=0.3507T OK @ blob:http://localhost:5173/60016785-77d1-4719-84ec-d279d7c11c87:7
[   64036ms] [LOG] [SatFilter] Using provided voltage: 772.901V @ blob:http://localhost:5173/60016785-77d1-4719-84ec-d279d7c11c87:7
[   64036ms] [LOG] [SatFilter] Core: 95 E 60/16 gapped 0.50 mm stacks=1 Ae=200.6mm2 L=0uH Vpeak=772.901V N=18 f=100000Hz Bpeak=0.340675T Bsat=0.35T OK @ blob:http://localhost:5173/60016785-77d1-4719-84ec-d279d7c11c87:7
[   64036ms] [LOG] [SatFilter] Using provided voltage: 772.901V @ blob:http://localhost:5173/60016785-77d1-4719-84ec-d279d7c11c87:7
[   64036ms] [LOG] [SatFilter] Core: 95 ETD 49/25/16 gapped 0.47 mm stacks=1 Ae=211.192mm2 L=0uH Vpeak=772.901V N=17 f=100000Hz Bpeak=0.342625T Bsat=0.35T OK @ blob:http://localhost:5173/60016785-77d1-4719-84ec-d279d7c11c87:7
[   64036ms] [LOG] [SatFilter] Using provided voltage: 772.901V @ blob:http://localhost:5173/60016785-77d1-4719-84ec-d279d7c11c87:7
[   64036ms] [LOG] [SatFilter] Core: 95 ETD 49/25/16 gapped 0.47 mm stacks=1 Ae=211.192mm2 L=0uH Vpeak=772.901V N=17 f=100000Hz Bpeak=0.342625T Bsat=0.35T OK @ blob:http://localhost:5173/60016785-77d1-4719-84ec-d279d7c11c87:7
[   64036ms] [LOG] [SatFilter] Using provided voltage: 772.901V @ blob:http://localhost:5173/60016785-77d1-4719-84ec-d279d7c11c87:7
[   64037ms] [LOG] [SatFilter] Core: 98 ETD 49/25/16 gapped 0.47 mm stacks=1 Ae=211.192mm2 L=0uH Vpeak=772.901V N=17 f=100000Hz Bpeak=0.342625T Bsat=0.3507T OK @ blob:http://localhost:5173/60016785-77d1-4719-84ec-d279d7c11c87:7
[   64037ms] [LOG] [SatFilter] Using provided voltage: 772.901V @ blob:http://localhost:5173/60016785-77d1-4719-84ec-d279d7c11c87:7
[   64037ms] [LOG] [SatFilter] Core: 98 ETD 49/25/16 gapped 0.47 mm stacks=1 Ae=211.192mm2 L=0uH Vpeak=772.901V N=17 f=100000Hz Bpeak=0.342625T Bsat=0.3507T OK @ blob:http://localhost:5173/60016785-77d1-4719-84ec-d279d7c11c87:7
[   64037ms] [LOG] [SatFilter] Using provided voltage: 772.901V @ blob:http://localhost:5173/60016785-77d1-4719-84ec-d279d7c11c87:7
[   64037ms] [LOG] [SatFilter] Core: 98 E 58/11/38 gapped 0.41 mm stacks=1 Ae=241.34mm2 L=0uH Vpeak=772.901V N=15 f=100000Hz Bpeak=0.339799T Bsat=0.3507T OK @ blob:http://localhost:5173/60016785-77d1-4719-84ec-d279d7c11c87:7
[   64038ms] [LOG] [SatFilter] Using provided voltage: 772.901V @ blob:http://localhost:5173/60016785-77d1-4719-84ec-d279d7c11c87:7
[   64038ms] [LOG] [SatFilter] Core: 95 ER 48/21/21 gapped 0.40 mm stacks=1 Ae=252.661mm2 L=0uH Vpeak=772.901V N=14 f=100000Hz Bpeak=0.347759T Bsat=0.35T OK @ blob:http://localhost:5173/60016785-77d1-4719-84ec-d279d7c11c87:7
[   64038ms] [LOG] [SatFilter] Using provided voltage: 772.901V @ blob:http://localhost:5173/60016785-77d1-4719-84ec-d279d7c11c87:7
[   64038ms] [LOG] [SatFilter] Core: 98 ER 48/21/21 gapped 0.40 mm stacks=1 Ae=252.661mm2 L=0uH Vpeak=772.901V N=14 f=100000Hz Bpeak=0.347759T Bsat=0.3507T OK @ blob:http://localhost:5173/60016785-77d1-4719-84ec-d279d7c11c87:7
[   64038ms] [LOG] [SatFilter] Using provided voltage: 772.901V @ blob:http://localhost:5173/60016785-77d1-4719-84ec-d279d7c11c87:7
[   64039ms] [LOG] [SatFilter] Core: 98 E 60/16 gapped 0.50 mm stacks=1 Ae=200.6mm2 L=0uH Vpeak=772.901V N=18 f=100000Hz Bpeak=0.340675T Bsat=0.3507T OK @ blob:http://localhost:5173/60016785-77d1-4719-84ec-d279d7c11c87:7
[   64039ms] [LOG] [SatFilter] Using provided voltage: 772.901V @ blob:http://localhost:5173/60016785-77d1-4719-84ec-d279d7c11c87:7
[   64039ms] [LOG] [SatFilter] Core: 95 E 58/11/38 gapped 0.41 mm stacks=1 Ae=241.34mm2 L=0uH Vpeak=772.901V N=15 f=100000Hz Bpeak=0.339799T Bsat=0.35T OK @ blob:http://localhost:5173/60016785-77d1-4719-84ec-d279d7c11c87:7
[   64039ms] [LOG] [SatFilter] Using provided voltage: 772.901V @ blob:http://localhost:5173/60016785-77d1-4719-84ec-d279d7c11c87:7
[   64040ms] [LOG] [SatFilter] Core: 95 EQ 50/32/16 gapped 0.29 mm stacks=1 Ae=340.124mm2 L=0uH Vpeak=772.901V N=11 f=100000Hz Bpeak=0.328786T Bsat=0.35T OK @ blob:http://localhost:5173/60016785-77d1-4719-84ec-d279d7c11c87:7
[   64040ms] [LOG] [SatFilter] Using provided voltage: 772.901V @ blob:http://localhost:5173/60016785-77d1-4719-84ec-d279d7c11c87:7
[   64040ms] [LOG] [SatFilter] Core: 95 E 56/24/19 gapped 0.36 mm stacks=1 Ae=274.646mm2 L=0uH Vpeak=772.901V N=13 f=100000Hz Bpeak=0.344531T Bsat=0.35T OK @ blob:http://localhost:5173/60016785-77d1-4719-84ec-d279d7c11c87:7
[   64040ms] [LOG] [SatFilter] Using provided voltage: 772.901V @ blob:http://localhost:5173/60016785-77d1-4719-84ec-d279d7c11c87:7
[   64041ms] [LOG] [SatFilter] Core: 95 PQ 50/35 gapped 0.29 mm stacks=1 Ae=339.599mm2 L=0uH Vpeak=772.901V N=11 f=100000Hz Bpeak=0.329295T Bsat=0.35T OK @ blob:http://localhost:5173/60016785-77d1-4719-84ec-d279d7c11c87:7
[   64041ms] [LOG] [SatFilter] Using provided voltage: 772.901V @ blob:http://localhost:5173/60016785-77d1-4719-84ec-d279d7c11c87:7
[   64041ms] [LOG] [SatFilter] Core: 98 E 56/24/19 gapped 0.36 mm stacks=1 Ae=274.646mm2 L=0uH Vpeak=772.901V N=13 f=100000Hz Bpeak=0.344531T Bsat=0.3507T OK @ blob:http://localhost:5173/60016785-77d1-4719-84ec-d279d7c11c87:7
[   64041ms] [LOG] [SatFilter] Using provided voltage: 772.901V @ blob:http://localhost:5173/60016785-77d1-4719-84ec-d279d7c11c87:7
[   64041ms] [LOG] [SatFilter] Core: 95 U 30/26/26 gapped 0.36 mm stacks=1 Ae=275.6mm2 L=0uH Vpeak=772.901V N=13 f=100000Hz Bpeak=0.343338T Bsat=0.35T OK @ blob:http://localhost:5173/60016785-77d1-4719-84ec-d279d7c11c87:7
[   64042ms] [LOG] [SatFilter] Using provided voltage: 772.901V @ blob:http://localhost:5173/60016785-77d1-4719-84ec-d279d7c11c87:7
[   64042ms] [LOG] [SatFilter] Core: 95 EQ 50/32/17 gapped 0.29 mm stacks=1 Ae=339.141mm2 L=0uH Vpeak=772.901V N=11 f=100000Hz Bpeak=0.32974T Bsat=0.35T OK @ blob:http://localhost:5173/60016785-77d1-4719-84ec-d279d7c11c87:7
[   64042ms] [LOG] [SatFilter] Using provided voltage: 772.901V @ blob:http://localhost:5173/60016785-77d1-4719-84ec-d279d7c11c87:7
[   64042ms] [LOG] [SatFilter] Core: 95 E 58/11/38 gapped 0.33 mm stacks=1 Ae=301.676mm2 L=0uH Vpeak=772.901V N=12 f=100000Hz Bpeak=0.339799T Bsat=0.35T OK @ blob:http://localhost:5173/60016785-77d1-4719-84ec-d279d7c11c87:7
[   64043ms] [LOG] [SatFilter] Using provided voltage: 772.901V @ blob:http://localhost:5173/60016785-77d1-4719-84ec-d279d7c11c87:7
[   64043ms] [LOG] [SatFilter] Core: 95 ER 49/27/17 gapped 0.50 mm stacks=1 Ae=199.534mm2 L=0uH Vpeak=772.901V N=18 f=100000Hz Bpeak=0.342496T Bsat=0.35T OK @ blob:http://localhost:5173/60016785-77d1-4719-84ec-d279d7c11c87:7
[   64043ms] [LOG] [SatFilter] Using provided voltage: 772.901V @ blob:http://localhost:5173/60016785-77d1-4719-84ec-d279d7c11c87:7
[   64043ms] [LOG] [SatFilter] Core: 95 ER 49/27/17 gapped 0.50 mm stacks=1 Ae=199.534mm2 L=0uH Vpeak=772.901V N=18 f=100000Hz Bpeak=0.342496T Bsat=0.35T OK @ blob:http://localhost:5173/60016785-77d1-4719-84ec-d279d7c11c87:7
[   64043ms] [LOG] [SatFilter] Using provided voltage: 772.901V @ blob:http://localhost:5173/60016785-77d1-4719-84ec-d279d7c11c87:7
[   64044ms] [LOG] [SatFilter] Core: 95 ER 49/27/17 gapped 0.50 mm stacks=1 Ae=199.534mm2 L=0uH Vpeak=772.901V N=18 f=100000Hz Bpeak=0.342496T Bsat=0.35T OK @ blob:http://localhost:5173/60016785-77d1-4719-84ec-d279d7c11c87:7
[   64044ms] [LOG] [SatFilter] Using provided voltage: 772.901V @ blob:http://localhost:5173/60016785-77d1-4719-84ec-d279d7c11c87:7
[   64044ms] [LOG] [SatFilter] Core: 98 U 30/26/26 gapped 0.36 mm stacks=1 Ae=275.6mm2 L=0uH Vpeak=772.901V N=13 f=100000Hz Bpeak=0.343338T Bsat=0.3507T OK @ blob:http://localhost:5173/60016785-77d1-4719-84ec-d279d7c11c87:7
[   64044ms] [LOG] [SatFilter] Using provided voltage: 772.901V @ blob:http://localhost:5173/60016785-77d1-4719-84ec-d279d7c11c87:7
[   64045ms] [LOG] [SatFilter] Core: 95 ER 64/13/51 gapped 0.16 mm stacks=1 Ae=624.768mm2 L=0uH Vpeak=772.901V N=7 f=100000Hz Bpeak=0.281272T Bsat=0.35T OK @ blob:http://localhost:5173/60016785-77d1-4719-84ec-d279d7c11c87:7
[   64045ms] [LOG] [SatFilter] Using provided voltage: 772.901V @ blob:http://localhost:5173/60016785-77d1-4719-84ec-d279d7c11c87:7
[   64045ms] [LOG] [SatFilter] Core: 95 ER 64/13/51 gapped 0.16 mm stacks=1 Ae=624.768mm2 L=0uH Vpeak=772.901V N=7 f=100000Hz Bpeak=0.281272T Bsat=0.35T OK @ blob:http://localhost:5173/60016785-77d1-4719-84ec-d279d7c11c87:7
[   64045ms] [LOG] [SatFilter] Using provided voltage: 772.901V @ blob:http://localhost:5173/60016785-77d1-4719-84ec-d279d7c11c87:7
[   64045ms] [LOG] [SatFilter] Core: 95 EQ 50/32/17.5 gapped 0.30 mm stacks=1 Ae=338.685mm2 L=0uH Vpeak=772.901V N=11 f=100000Hz Bpeak=0.330184T Bsat=0.35T OK @ blob:http://localhost:5173/60016785-77d1-4719-84ec-d279d7c11c87:7
[   64046ms] [LOG] [SatFilter] Using provided voltage: 772.901V @ blob:http://localhost:5173/60016785-77d1-4719-84ec-d279d7c11c87:7
[   64046ms] [LOG] [SatFilter] Core: 98 E 58/11/38 gapped 0.33 mm stacks=1 Ae=301.676mm2 L=0uH Vpeak=772.901V N=12 f=100000Hz Bpeak=0.339799T Bsat=0.3507T OK @ blob:http://localhost:5173/60016785-77d1-4719-84ec-d279d7c11c87:7
[   64046ms] [LOG] [SatFilter] Using provided voltage: 772.901V @ blob:http://localhost:5173/60016785-77d1-4719-84ec-d279d7c11c87:7
[   64046ms] [LOG] [SatFilter] Core: 95 E 64/10/50 gapped 0.24 mm stacks=1 Ae=415.939mm2 L=0uH Vpeak=772.901V N=9 f=100000Hz Bpeak=0.328603T Bsat=0.35T OK @ blob:http://localhost:5173/60016785-77d1-4719-84ec-d279d7c11c87:7
[   64047ms] [LOG] [SatFilter] Using provided voltage: 772.901V @ blob:http://localhost:5173/60016785-77d1-4719-84ec-d279d7c11c87:7
[   64047ms] [LOG] [SatFilter] Core: 95 E 64/10/50 gapped 0.24 mm stacks=1 Ae=415.939mm2 L=0uH Vpeak=772.901V N=9 f=100000Hz Bpeak=0.328603T Bsat=0.35T OK @ blob:http://localhost:5173/60016785-77d1-4719-84ec-d279d7c11c87:7
[   64047ms] [LOG] [SatFilter] Using provided voltage: 772.901V @ blob:http://localhost:5173/60016785-77d1-4719-84ec-d279d7c11c87:7
[   64047ms] [LOG] [SatFilter] Core: 98 ER 64/13/51 gapped 0.16 mm stacks=1 Ae=624.768mm2 L=0uH Vpeak=772.901V N=7 f=100000Hz Bpeak=0.281272T Bsat=0.3507T OK @ blob:http://localhost:5173/60016785-77d1-4719-84ec-d279d7c11c87:7
[   64047ms] [LOG] [SatFilter] Using provided voltage: 772.901V @ blob:http://localhost:5173/60016785-77d1-4719-84ec-d279d7c11c87:7
[   64048ms] [LOG] [SatFilter] Core: 98 ER 64/13/51 gapped 0.16 mm stacks=1 Ae=624.768mm2 L=0uH Vpeak=772.901V N=7 f=100000Hz Bpeak=0.281272T Bsat=0.3507T OK @ blob:http://localhost:5173/60016785-77d1-4719-84ec-d279d7c11c87:7
[   64048ms] [LOG] [SatFilter] Using provided voltage: 772.901V @ blob:http://localhost:5173/60016785-77d1-4719-84ec-d279d7c11c87:7
[   64048ms] [LOG] [SatFilter] Core: 98 ER 49/27/17 gapped 0.50 mm stacks=1 Ae=199.534mm2 L=0uH Vpeak=772.901V N=18 f=100000Hz Bpeak=0.342496T Bsat=0.3507T OK @ blob:http://localhost:5173/60016785-77d1-4719-84ec-d279d7c11c87:7
[   64048ms] [LOG] [SatFilter] Using provided voltage: 772.901V @ blob:http://localhost:5173/60016785-77d1-4719-84ec-d279d7c11c87:7
[   64049ms] [LOG] [SatFilter] Core: 98 ER 49/27/17 gapped 0.50 mm stacks=1 Ae=199.534mm2 L=0uH Vpeak=772.901V N=18 f=100000Hz Bpeak=0.342496T Bsat=0.3507T OK @ blob:http://localhost:5173/60016785-77d1-4719-84ec-d279d7c11c87:7
[   64049ms] [LOG] [SatFilter] Using provided voltage: 772.901V @ blob:http://localhost:5173/60016785-77d1-4719-84ec-d279d7c11c87:7
[   64049ms] [LOG] [SatFilter] Core: 98 ER 49/27/17 gapped 0.50 mm stacks=1 Ae=199.534mm2 L=0uH Vpeak=772.901V N=18 f=100000Hz Bpeak=0.342496T Bsat=0.3507T OK @ blob:http://localhost:5173/60016785-77d1-4719-84ec-d279d7c11c87:7
[   64049ms] [LOG] [SatFilter] Using provided voltage: 772.901V @ blob:http://localhost:5173/60016785-77d1-4719-84ec-d279d7c11c87:7
[   64049ms] [LOG] [SatFilter] Core: 95 PM 50/39 gapped 0.29 mm stacks=1 Ae=348.322mm2 L=0uH Vpeak=772.901V N=11 f=100000Hz Bpeak=0.321048T Bsat=0.35T OK @ blob:http://localhost:5173/60016785-77d1-4719-84ec-d279d7c11c87:7
[   64050ms] [LOG] [SatFilter] Using provided voltage: 772.901V @ blob:http://localhost:5173/60016785-77d1-4719-84ec-d279d7c11c87:7
[   64050ms] [LOG] [SatFilter] Core: 95 EQ 50/32/18 gapped 0.30 mm stacks=1 Ae=338.25mm2 L=0uH Vpeak=772.901V N=11 f=100000Hz Bpeak=0.330608T Bsat=0.35T OK @ blob:http://localhost:5173/60016785-77d1-4719-84ec-d279d7c11c87:7
[   64050ms] [LOG] [SatFilter] Using provided voltage: 772.901V @ blob:http://localhost:5173/60016785-77d1-4719-84ec-d279d7c11c87:7
[   64050ms] [LOG] [SatFilter] Core: 98 E 64/10/50 gapped 0.24 mm stacks=1 Ae=415.939mm2 L=0uH Vpeak=772.901V N=9 f=100000Hz Bpeak=0.328603T Bsat=0.3507T OK @ blob:http://localhost:5173/60016785-77d1-4719-84ec-d279d7c11c87:7
[   64050ms] [LOG] [SatFilter] Using provided voltage: 772.901V @ blob:http://localhost:5173/60016785-77d1-4719-84ec-d279d7c11c87:7
[   64051ms] [LOG] [SatFilter] Core: 98 E 64/10/50 gapped 0.24 mm stacks=1 Ae=415.939mm2 L=0uH Vpeak=772.901V N=9 f=100000Hz Bpeak=0.328603T Bsat=0.3507T OK @ blob:http://localhost:5173/60016785-77d1-4719-84ec-d279d7c11c87:7
[   64051ms] [LOG] [SatFilter] Using provided voltage: 772.901V @ blob:http://localhost:5173/60016785-77d1-4719-84ec-d279d7c11c87:7
[   64051ms] [LOG] [SatFilter] Core: 95 EQ 50/32/19 gapped 0.30 mm stacks=1 Ae=337.44mm2 L=0uH Vpeak=772.901V N=11 f=100000Hz Bpeak=0.331402T Bsat=0.35T OK @ blob:http://localhost:5173/60016785-77d1-4719-84ec-d279d7c11c87:7
[   64051ms] [LOG] [SatFilter] Using provided voltage: 772.901V @ blob:http://localhost:5173/60016785-77d1-4719-84ec-d279d7c11c87:7
[   64052ms] [LOG] [SatFilter] Core: 95 PQ 50/40 gapped 0.30 mm stacks=1 Ae=338.325mm2 L=0uH Vpeak=772.901V N=11 f=100000Hz Bpeak=0.330535T Bsat=0.35T OK @ blob:http://localhost:5173/60016785-77d1-4719-84ec-d279d7c11c87:7
[   64052ms] [LOG] [SatFilter] Using provided voltage: 772.901V @ blob:http://localhost:5173/60016785-77d1-4719-84ec-d279d7c11c87:7
[   64052ms] [LOG] [SatFilter] Core: 95 E 80/24/19.8 gapped 0.31 mm stacks=1 Ae=319.083mm2 L=0uH Vpeak=772.901V N=12 f=100000Hz Bpeak=0.321262T Bsat=0.35T OK @ blob:http://localhost:5173/60016785-77d1-4719-84ec-d279d7c11c87:7
[   64052ms] [LOG] [SatFilter] Using provided voltage: 772.901V @ blob:http://localhost:5173/60016785-77d1-4719-84ec-d279d7c11c87:7
[   64052ms] [LOG] [SatFilter] Core: 95 E 55/28/21 gapped 0.35 mm stacks=1 Ae=282.432mm2 L=0uH Vpeak=772.901V N=13 f=100000Hz Bpeak=0.335032T Bsat=0.35T OK @ blob:http://localhost:5173/60016785-77d1-4719-84ec-d279d7c11c87:7
[   64053ms] [LOG] [SatFilter] Using provided voltage: 772.901V @ blob:http://localhost:5173/60016785-77d1-4719-84ec-d279d7c11c87:7
[   64053ms] [LOG] [SatFilter] Core: 95 E 55/28/21 gapped 0.35 mm stacks=1 Ae=282.432mm2 L=0uH Vpeak=772.901V N=13 f=100000Hz Bpeak=0.335032T Bsat=0.35T OK @ blob:http://localhost:5173/60016785-77d1-4719-84ec-d279d7c11c87:7
[   64053ms] [LOG] [SatFilter] Using provided voltage: 772.901V @ blob:http://localhost:5173/60016785-77d1-4719-84ec-d279d7c11c87:7
[   64053ms] [LOG] [SatFilter] Core: 95 ETD 54/28/19 gapped 0.36 mm stacks=1 Ae=279.988mm2 L=0uH Vpeak=772.901V N=13 f=100000Hz Bpeak=0.337956T Bsat=0.35T OK @ blob:http://localhost:5173/60016785-77d1-4719-84ec-d279d7c11c87:7
[   64053ms] [LOG] [SatFilter] Using provided voltage: 772.901V @ blob:http://localhost:5173/60016785-77d1-4719-84ec-d279d7c11c87:7
[   64054ms] [LOG] [SatFilter] Core: 95 ETD 54/28/19 gapped 0.36 mm stacks=1 Ae=279.988mm2 L=0uH Vpeak=772.901V N=13 f=100000Hz Bpeak=0.337956T Bsat=0.35T OK @ blob:http://localhost:5173/60016785-77d1-4719-84ec-d279d7c11c87:7
[   64054ms] [LOG] [SatFilter] Using provided voltage: 772.901V @ blob:http://localhost:5173/60016785-77d1-4719-84ec-d279d7c11c87:7
[   64054ms] [LOG] [SatFilter] Core: 98 E 55/28/21 gapped 0.35 mm stacks=1 Ae=282.432mm2 L=0uH Vpeak=772.901V N=13 f=100000Hz Bpeak=0.335032T Bsat=0.3507T OK @ blob:http://localhost:5173/60016785-77d1-4719-84ec-d279d7c11c87:7
[   64054ms] [LOG] [SatFilter] Using provided voltage: 772.901V @ blob:http://localhost:5173/60016785-77d1-4719-84ec-d279d7c11c87:7
[   64054ms] [LOG] [SatFilter] Core: 98 E 55/28/21 gapped 0.35 mm stacks=1 Ae=282.432mm2 L=0uH Vpeak=772.901V N=13 f=100000Hz Bpeak=0.335032T Bsat=0.3507T OK @ blob:http://localhost:5173/60016785-77d1-4719-84ec-d279d7c11c87:7
[   64055ms] [LOG] [SatFilter] Using provided voltage: 772.901V @ blob:http://localhost:5173/60016785-77d1-4719-84ec-d279d7c11c87:7
[   64055ms] [LOG] [SatFilter] Core: 98 ETD 54/28/19 gapped 0.36 mm stacks=1 Ae=279.988mm2 L=0uH Vpeak=772.901V N=13 f=100000Hz Bpeak=0.337956T Bsat=0.3507T OK @ blob:http://localhost:5173/60016785-77d1-4719-84ec-d279d7c11c87:7
[   64055ms] [LOG] [SatFilter] Using provided voltage: 772.901V @ blob:http://localhost:5173/60016785-77d1-4719-84ec-d279d7c11c87:7
[   64055ms] [LOG] [SatFilter] Core: 98 ETD 54/28/19 gapped 0.36 mm stacks=1 Ae=279.988mm2 L=0uH Vpeak=772.901V N=13 f=100000Hz Bpeak=0.337956T Bsat=0.3507T OK @ blob:http://localhost:5173/60016785-77d1-4719-84ec-d279d7c11c87:7
[   64055ms] [LOG] [SatFilter] Using provided voltage: 772.901V @ blob:http://localhost:5173/60016785-77d1-4719-84ec-d279d7c11c87:7
[   64056ms] [LOG] [SatFilter] Core: 95 UR 57/28/16 gapped 0.53 mm stacks=1 Ae=190.312mm2 L=0uH Vpeak=772.901V N=19 f=100000Hz Bpeak=0.340192T Bsat=0.35T OK @ blob:http://localhost:5173/60016785-77d1-4719-84ec-d279d7c11c87:7
[   64056ms] [LOG] [SatFilter] Using provided voltage: 772.901V @ blob:http://localhost:5173/60016785-77d1-4719-84ec-d279d7c11c87:7
[   64056ms] [LOG] [SatFilter] Core: 95 E 55/28/25 gapped 0.30 mm stacks=1 Ae=335.644mm2 L=0uH Vpeak=772.901V N=11 f=100000Hz Bpeak=0.333175T Bsat=0.35T OK @ blob:http://localhost:5173/60016785-77d1-4719-84ec-d279d7c11c87:7
[   64057ms] [LOG] [SatFilter] Using provided voltage: 772.901V @ blob:http://localhost:5173/60016785-77d1-4719-84ec-d279d7c11c87:7
[   64057ms] [LOG] [SatFilter] Core: 95 E 55/28/25 gapped 0.30 mm stacks=1 Ae=335.644mm2 L=0uH Vpeak=772.901V N=11 f=100000Hz Bpeak=0.333175T Bsat=0.35T OK @ blob:http://localhost:5173/60016785-77d1-4719-84ec-d279d7c11c87:7
[   64057ms] [LOG] [SatFilter] Using provided voltage: 772.901V @ blob:http://localhost:5173/60016785-77d1-4719-84ec-d279d7c11c87:7
[   64057ms] [LOG] [SatFilter] Core: 98 UR 57/28/16 gapped 0.53 mm stacks=1 Ae=190.312mm2 L=0uH Vpeak=772.901V N=19 f=100000Hz Bpeak=0.340192T Bsat=0.3507T OK @ blob:http://localhost:5173/60016785-77d1-4719-84ec-d279d7c11c87:7
[   64057ms] [LOG] [SatFilter] Using provided voltage: 772.901V @ blob:http://localhost:5173/60016785-77d1-4719-84ec-d279d7c11c87:7
[   64057ms] [LOG] [SatFilter] Core: 98 E 55/28/25 gapped 0.30 mm stacks=1 Ae=335.644mm2 L=0uH Vpeak=772.901V N=11 f=100000Hz Bpeak=0.333175T Bsat=0.3507T OK @ blob:http://localhost:5173/60016785-77d1-4719-84ec-d279d7c11c87:7
[   64057ms] [LOG] [SatFilter] Using provided voltage: 772.901V @ blob:http://localhost:5173/60016785-77d1-4719-84ec-d279d7c11c87:7
[   64058ms] [LOG] [SatFilter] Core: 98 E 55/28/25 gapped 0.30 mm stacks=1 Ae=335.644mm2 L=0uH Vpeak=772.901V N=11 f=100000Hz Bpeak=0.333175T Bsat=0.3507T OK @ blob:http://localhost:5173/60016785-77d1-4719-84ec-d279d7c11c87:7
[   64058ms] [LOG] [SatFilter] Using provided voltage: 772.901V @ blob:http://localhost:5173/60016785-77d1-4719-84ec-d279d7c11c87:7
[   64058ms] [LOG] [SatFilter] Core: 95 U 67/27/14 gapped 0.48 mm stacks=1 Ae=206.583mm2 L=0uH Vpeak=772.901V N=18 f=100000Hz Bpeak=0.330808T Bsat=0.35T OK @ blob:http://localhost:5173/60016785-77d1-4719-84ec-d279d7c11c87:7
[   64058ms] [LOG] [SatFilter] Using provided voltage: 772.901V @ blob:http://localhost:5173/60016785-77d1-4719-84ec-d279d7c11c87:7
[   64059ms] [LOG] [SatFilter] Core: 95 PQ 60/42 gapped 0.20 mm stacks=1 Ae=491.77mm2 L=0uH Vpeak=772.901V N=8 f=100000Hz Bpeak=0.312674T Bsat=0.35T OK @ blob:http://localhost:5173/60016785-77d1-4719-84ec-d279d7c11c87:7
[   64059ms] [LOG] [SatFilter] Using provided voltage: 772.901V @ blob:http://localhost:5173/60016785-77d1-4719-84ec-d279d7c11c87:7
[   64059ms] [LOG] [SatFilter] Core: 95 E 72/28/19 gapped 0.33 mm stacks=1 Ae=300.749mm2 L=0uH Vpeak=772.901V N=12 f=100000Hz Bpeak=0.340846T Bsat=0.35T OK @ blob:http://localhost:5173/60016785-77d1-4719-84ec-d279d7c11c87:7
[   64059ms] [LOG] [SatFilter] Using provided voltage: 772.901V @ blob:http://localhost:5173/60016785-77d1-4719-84ec-d279d7c11c87:7
[   64060ms] [LOG] [SatFilter] Core: 95 P 59/36 gapped 0.17 mm stacks=1 Ae=588.31mm2 L=0uH Vpeak=772.901V N=7 f=100000Hz Bpeak=0.298703T Bsat=0.35T OK @ blob:http://localhost:5173/60016785-77d1-4719-84ec-d279d7c11c87:7
[   64060ms] [LOG] [SatFilter] Using provided voltage: 772.901V @ blob:http://localhost:5173/60016785-77d1-4719-84ec-d279d7c11c87:7
[   64060ms] [LOG] [SatFilter] Core: 98 E 72/28/19 gapped 0.33 mm stacks=1 Ae=300.749mm2 L=0uH Vpeak=772.901V N=12 f=100000Hz Bpeak=0.340846T Bsat=0.3507T OK @ blob:http://localhost:5173/60016785-77d1-4719-84ec-d279d7c11c87:7
[   64060ms] [LOG] [SatFilter] Using provided voltage: 772.901V @ blob:http://localhost:5173/60016785-77d1-4719-84ec-d279d7c11c87:7
[   64061ms] [LOG] [SatFilter] Core: 95 UR 48/39/17 gapped 0.45 mm stacks=1 Ae=220.288mm2 L=0uH Vpeak=772.901V N=16 f=100000Hz Bpeak=0.349006T Bsat=0.35T OK @ blob:http://localhost:5173/60016785-77d1-4719-84ec-d279d7c11c87:7
[   64061ms] [LOG] [SatFilter] Using provided voltage: 772.901V @ blob:http://localhost:5173/60016785-77d1-4719-84ec-d279d7c11c87:7
[   64061ms] [LOG] [SatFilter] Core: 98 P 59/36 gapped 0.17 mm stacks=1 Ae=588.31mm2 L=0uH Vpeak=772.901V N=7 f=100000Hz Bpeak=0.298703T Bsat=0.3507T OK @ blob:http://localhost:5173/60016785-77d1-4719-84ec-d279d7c11c87:7
[   64061ms] [LOG] [SatFilter] Using provided voltage: 772.901V @ blob:http://localhost:5173/60016785-77d1-4719-84ec-d279d7c11c87:7
[   64062ms] [LOG] [SatFilter] Core: 98 E 80/24/19.8 gapped 0.31 mm stacks=1 Ae=319.083mm2 L=0uH Vpeak=772.901V N=11 f=100000Hz Bpeak=0.350467T Bsat=0.3507T OK @ blob:http://localhost:5173/60016785-77d1-4719-84ec-d279d7c11c87:7
[   64062ms] [LOG] [SatFilter] Using provided voltage: 772.901V @ blob:http://localhost:5173/60016785-77d1-4719-84ec-d279d7c11c87:7
[   64062ms] [LOG] [SatFilter] Core: 95 PQ 65/44 gapped 0.16 mm stacks=1 Ae=610.995mm2 L=0uH Vpeak=772.901V N=7 f=100000Hz Bpeak=0.287613T Bsat=0.35T OK @ blob:http://localhost:5173/60016785-77d1-4719-84ec-d279d7c11c87:7
[   64062ms] [LOG] [SatFilter] Using provided voltage: 772.901V @ blob:http://localhost:5173/60016785-77d1-4719-84ec-d279d7c11c87:7
[   64063ms] [LOG] [SatFilter] Core: 98 PQ 65/44 gapped 0.16 mm stacks=1 Ae=610.995mm2 L=0uH Vpeak=772.901V N=7 f=100000Hz Bpeak=0.287613T Bsat=0.3507T OK @ blob:http://localhost:5173/60016785-77d1-4719-84ec-d279d7c11c87:7
[   64063ms] [LOG] [SatFilter] Using provided voltage: 772.901V @ blob:http://localhost:5173/60016785-77d1-4719-84ec-d279d7c11c87:7
[   64063ms] [LOG] [SatFilter] Core: 95 E 65/32/27 gapped 0.23 mm stacks=1 Ae=429.519mm2 L=0uH Vpeak=772.901V N=9 f=100000Hz Bpeak=0.318214T Bsat=0.35T OK @ blob:http://localhost:5173/60016785-77d1-4719-84ec-d279d7c11c87:7
[   64063ms] [LOG] [SatFilter] Using provided voltage: 772.901V @ blob:http://localhost:5173/60016785-77d1-4719-84ec-d279d7c11c87:7
[   64064ms] [LOG] [SatFilter] Core: 95 E 65/32/27 gapped 0.23 mm stacks=1 Ae=429.519mm2 L=0uH Vpeak=772.901V N=9 f=100000Hz Bpeak=0.318214T Bsat=0.35T OK @ blob:http://localhost:5173/60016785-77d1-4719-84ec-d279d7c11c87:7
[   64064ms] [LOG] [SatFilter] Using provided voltage: 772.901V @ blob:http://localhost:5173/60016785-77d1-4719-84ec-d279d7c11c87:7
[   64064ms] [LOG] [SatFilter] Core: 95 E 80/24/30 gapped 0.21 mm stacks=1 Ae=481.188mm2 L=0uH Vpeak=772.901V N=8 f=100000Hz Bpeak=0.31955T Bsat=0.35T OK @ blob:http://localhost:5173/60016785-77d1-4719-84ec-d279d7c11c87:7
[   64064ms] [LOG] [SatFilter] Using provided voltage: 772.901V @ blob:http://localhost:5173/60016785-77d1-4719-84ec-d279d7c11c87:7
[   64064ms] [LOG] [SatFilter] Core: 98 E 65/32/27 gapped 0.23 mm stacks=1 Ae=429.519mm2 L=0uH Vpeak=772.901V N=9 f=100000Hz Bpeak=0.318214T Bsat=0.3507T OK @ blob:http://localhost:5173/60016785-77d1-4719-84ec-d279d7c11c87:7
[   64065ms] [LOG] [SatFilter] Using provided voltage: 772.901V @ blob:http://localhost:5173/60016785-77d1-4719-84ec-d279d7c11c87:7
[   64065ms] [LOG] [SatFilter] Core: 98 E 65/32/27 gapped 0.23 mm stacks=1 Ae=429.519mm2 L=0uH Vpeak=772.901V N=9 f=100000Hz Bpeak=0.318214T Bsat=0.3507T OK @ blob:http://localhost:5173/60016785-77d1-4719-84ec-d279d7c11c87:7
[   64065ms] [LOG] [SatFilter] Using provided voltage: 772.901V @ blob:http://localhost:5173/60016785-77d1-4719-84ec-d279d7c11c87:7
[   64065ms] [LOG] [SatFilter] Core: 98 E 80/24/30 gapped 0.21 mm stacks=1 Ae=481.188mm2 L=0uH Vpeak=772.901V N=8 f=100000Hz Bpeak=0.31955T Bsat=0.3507T OK @ blob:http://localhost:5173/60016785-77d1-4719-84ec-d279d7c11c87:7
[   64066ms] [LOG] [SatFilter] Using provided voltage: 772.901V @ blob:http://localhost:5173/60016785-77d1-4719-84ec-d279d7c11c87:7
[   64066ms] [LOG] [SatFilter] Core: 95 PQ 78/39 gapped 0.21 mm stacks=1 Ae=468.83mm2 L=0uH Vpeak=772.901V N=8 f=100000Hz Bpeak=0.327973T Bsat=0.35T OK @ blob:http://localhost:5173/60016785-77d1-4719-84ec-d279d7c11c87:7
[   64066ms] [LOG] [SatFilter] Using provided voltage: 772.901V @ blob:http://localhost:5173/60016785-77d1-4719-84ec-d279d7c11c87:7
[   64066ms] [LOG] [SatFilter] Core: 95 U 66/33/20 gapped 0.38 mm stacks=1 Ae=260.804mm2 L=0uH Vpeak=772.901V N=14 f=100000Hz Bpeak=0.336901T Bsat=0.35T OK @ blob:http://localhost:5173/60016785-77d1-4719-84ec-d279d7c11c87:7
[   64067ms] [LOG] [SatFilter] Using provided voltage: 772.901V @ blob:http://localhost:5173/60016785-77d1-4719-84ec-d279d7c11c87:7
[   64067ms] [LOG] [SatFilter] Core: 98 PQ 78/39 gapped 0.21 mm stacks=1 Ae=468.83mm2 L=0uH Vpeak=772.901V N=8 f=100000Hz Bpeak=0.327973T Bsat=0.3507T OK @ blob:http://localhost:5173/60016785-77d1-4719-84ec-d279d7c11c87:7
[   64067ms] [LOG] [SatFilter] Using provided voltage: 772.901V @ blob:http://localhost:5173/60016785-77d1-4719-84ec-d279d7c11c87:7
[   64067ms] [LOG] [SatFilter] Core: 95 UR 64/40/20 gapped 0.33 mm stacks=1 Ae=307.157mm2 L=0uH Vpeak=772.901V N=12 f=100000Hz Bpeak=0.333735T Bsat=0.35T OK @ blob:http://localhost:5173/60016785-77d1-4719-84ec-d279d7c11c87:7
[   64067ms] [LOG] [SatFilter] Using provided voltage: 772.901V @ blob:http://localhost:5173/60016785-77d1-4719-84ec-d279d7c11c87:7
[   64068ms] [LOG] [SatFilter] Core: 95 UR 64/40/20-D gapped 0.33 mm stacks=1 Ae=307.157mm2 L=0uH Vpeak=772.901V N=12 f=100000Hz Bpeak=0.333735T Bsat=0.35T OK @ blob:http://localhost:5173/60016785-77d1-4719-84ec-d279d7c11c87:7
[   64068ms] [LOG] [SatFilter] Using provided voltage: 772.901V @ blob:http://localhost:5173/60016785-77d1-4719-84ec-d279d7c11c87:7
[   64068ms] [LOG] [SatFilter] Core: 95 PQ 65/54 gapped 0.16 mm stacks=1 Ae=609.147mm2 L=0uH Vpeak=772.901V N=7 f=100000Hz Bpeak=0.288486T Bsat=0.35T OK @ blob:http://localhost:5173/60016785-77d1-4719-84ec-d279d7c11c87:7
[   64068ms] [LOG] [SatFilter] Using provided voltage: 772.901V @ blob:http://localhost:5173/60016785-77d1-4719-84ec-d279d7c11c87:7
[   64069ms] [LOG] [SatFilter] Core: 98 PQ 65/54 gapped 0.16 mm stacks=1 Ae=609.147mm2 L=0uH Vpeak=772.901V N=7 f=100000Hz Bpeak=0.288486T Bsat=0.3507T OK @ blob:http://localhost:5173/60016785-77d1-4719-84ec-d279d7c11c87:7
[   64069ms] [LOG] [SatFilter] Using provided voltage: 772.901V @ blob:http://localhost:5173/60016785-77d1-4719-84ec-d279d7c11c87:7
[   64069ms] [LOG] [SatFilter] Core: 95 E 80/38/20 gapped 0.30 mm stacks=1 Ae=328.453mm2 L=0uH Vpeak=772.901V N=11 f=100000Hz Bpeak=0.340469T Bsat=0.35T OK @ blob:http://localhost:5173/60016785-77d1-4719-84ec-d279d7c11c87:7
[   64069ms] [LOG] [SatFilter] Using provided voltage: 772.901V @ blob:http://localhost:5173/60016785-77d1-4719-84ec-d279d7c11c87:7
[   64070ms] [LOG] [SatFilter] Core: 98 UR 64/40/20 gapped 0.33 mm stacks=1 Ae=307.157mm2 L=0uH Vpeak=772.901V N=12 f=100000Hz Bpeak=0.333735T Bsat=0.3507T OK @ blob:http://localhost:5173/60016785-77d1-4719-84ec-d279d7c11c87:7
[   64070ms] [LOG] [SatFilter] Using provided voltage: 772.901V @ blob:http://localhost:5173/60016785-77d1-4719-84ec-d279d7c11c87:7
[   64070ms] [LOG] [SatFilter] Core: 98 UR 64/40/20-D gapped 0.33 mm stacks=1 Ae=307.157mm2 L=0uH Vpeak=772.901V N=12 f=100000Hz Bpeak=0.333735T Bsat=0.3507T OK @ blob:http://localhost:5173/60016785-77d1-4719-84ec-d279d7c11c87:7
[   64070ms] [LOG] [SatFilter] Using provided voltage: 772.901V @ blob:http://localhost:5173/60016785-77d1-4719-84ec-d279d7c11c87:7
[   64071ms] [LOG] [SatFilter] Core: 95 E 70/33/32 gapped 0.18 mm stacks=1 Ae=546.314mm2 L=0uH Vpeak=772.901V N=7 f=100000Hz Bpeak=0.321665T Bsat=0.35T OK @ blob:http://localhost:5173/60016785-77d1-4719-84ec-d279d7c11c87:7
[   64071ms] [LOG] [SatFilter] Using provided voltage: 772.901V @ blob:http://localhost:5173/60016785-77d1-4719-84ec-d279d7c11c87:7
[   64071ms] [LOG] [SatFilter] Core: 95 E 70/33/32 gapped 0.18 mm stacks=1 Ae=546.314mm2 L=0uH Vpeak=772.901V N=7 f=100000Hz Bpeak=0.321665T Bsat=0.35T OK @ blob:http://localhost:5173/60016785-77d1-4719-84ec-d279d7c11c87:7
[   64072ms] [LOG] [SatFilter] Using provided voltage: 772.901V @ blob:http://localhost:5173/60016785-77d1-4719-84ec-d279d7c11c87:7
[   64072ms] [LOG] [SatFilter] Core: 98 E 80/38/20 gapped 0.30 mm stacks=1 Ae=328.453mm2 L=0uH Vpeak=772.901V N=11 f=100000Hz Bpeak=0.340469T Bsat=0.3507T OK @ blob:http://localhost:5173/60016785-77d1-4719-84ec-d279d7c11c87:7
[   64072ms] [LOG] [SatFilter] Using provided voltage: 772.901V @ blob:http://localhost:5173/60016785-77d1-4719-84ec-d279d7c11c87:7
[   64072ms] [LOG] [SatFilter] Core: 95 E 102/20/38 gapped 0.23 mm stacks=1 Ae=432.276mm2 L=0uH Vpeak=772.901V N=9 f=100000Hz Bpeak=0.316184T Bsat=0.35T OK @ blob:http://localhost:5173/60016785-77d1-4719-84ec-d279d7c11c87:7
[   64073ms] [LOG] [SatFilter] Using provided voltage: 772.901V @ blob:http://localhost:5173/60016785-77d1-4719-84ec-d279d7c11c87:7
[   64073ms] [LOG] [SatFilter] Core: 95 PQ 65/60 gapped 0.16 mm stacks=1 Ae=608.239mm2 L=0uH Vpeak=772.901V N=7 f=100000Hz Bpeak=0.288916T Bsat=0.35T OK @ blob:http://localhost:5173/60016785-77d1-4719-84ec-d279d7c11c87:7
[   64073ms] [LOG] [SatFilter] Using provided voltage: 772.901V @ blob:http://localhost:5173/60016785-77d1-4719-84ec-d279d7c11c87:7
[   64073ms] [LOG] [SatFilter] Core: 98 E 70/33/32 gapped 0.18 mm stacks=1 Ae=546.314mm2 L=0uH Vpeak=772.901V N=7 f=100000Hz Bpeak=0.321665T Bsat=0.3507T OK @ blob:http://localhost:5173/60016785-77d1-4719-84ec-d279d7c11c87:7
[   64074ms] [LOG] [SatFilter] Using provided voltage: 772.901V @ blob:http://localhost:5173/60016785-77d1-4719-84ec-d279d7c11c87:7
[   64074ms] [LOG] [SatFilter] Core: 98 E 70/33/32 gapped 0.18 mm stacks=1 Ae=546.314mm2 L=0uH Vpeak=772.901V N=7 f=100000Hz Bpeak=0.321665T Bsat=0.3507T OK @ blob:http://localhost:5173/60016785-77d1-4719-84ec-d279d7c11c87:7
[   64074ms] [LOG] [SatFilter] Using provided voltage: 772.901V @ blob:http://localhost:5173/60016785-77d1-4719-84ec-d279d7c11c87:7
[   64074ms] [LOG] [SatFilter] Core: 95 U 66/33/27 gapped 0.36 mm stacks=1 Ae=280.44mm2 L=0uH Vpeak=772.901V N=13 f=100000Hz Bpeak=0.337412T Bsat=0.35T OK @ blob:http://localhost:5173/60016785-77d1-4719-84ec-d279d7c11c87:7
[   64075ms] [LOG] [SatFilter] Using provided voltage: 772.901V @ blob:http://localhost:5173/60016785-77d1-4719-84ec-d279d7c11c87:7
[   64075ms] [LOG] [SatFilter] Core: 95 E 77/39/24 gapped 0.22 mm stacks=1 Ae=449.458mm2 L=0uH Vpeak=772.901V N=8 f=100000Hz Bpeak=0.34211T Bsat=0.35T OK @ blob:http://localhost:5173/60016785-77d1-4719-84ec-d279d7c11c87:7
[   64075ms] [LOG] [SatFilter] Using provided voltage: 772.901V @ blob:http://localhost:5173/60016785-77d1-4719-84ec-d279d7c11c87:7
[   64075ms] [LOG] [SatFilter] Core: 95 UR 55/38/36 gapped 0.23 mm stacks=1 Ae=432.597mm2 L=0uH Vpeak=772.901V N=9 f=100000Hz Bpeak=0.315949T Bsat=0.35T OK @ blob:http://localhost:5173/60016785-77d1-4719-84ec-d279d7c11c87:7
[   64076ms] [LOG] [SatFilter] Using provided voltage: 772.901V @ blob:http://localhost:5173/60016785-77d1-4719-84ec-d279d7c11c87:7
[   64076ms] [LOG] [SatFilter] Core: 98 E 102/20/38 gapped 0.23 mm stacks=1 Ae=432.276mm2 L=0uH Vpeak=772.901V N=9 f=100000Hz Bpeak=0.316184T Bsat=0.3507T OK @ blob:http://localhost:5173/60016785-77d1-4719-84ec-d279d7c11c87:7
[   64076ms] [LOG] [SatFilter] Using provided voltage: 772.901V @ blob:http://localhost:5173/60016785-77d1-4719-84ec-d279d7c11c87:7
[   64076ms] [LOG] [SatFilter] Core: 98 U 56/28/24 gapped 0.05 mm stacks=2 Ae=508.797mm2 L=0uH Vpeak=772.901V N=7 f=100000Hz Bpeak=0.345383T Bsat=0.3507T OK @ blob:http://localhost:5173/60016785-77d1-4719-84ec-d279d7c11c87:7
[   64077ms] [LOG] [SatFilter] Using provided voltage: 772.901V @ blob:http://localhost:5173/60016785-77d1-4719-84ec-d279d7c11c87:7
[   64077ms] [LOG] [SatFilter] Core: 95 E 80/45/20 gapped 0.31 mm stacks=1 Ae=321.639mm2 L=0uH Vpeak=772.901V N=11 f=100000Hz Bpeak=0.347682T Bsat=0.35T OK @ blob:http://localhost:5173/60016785-77d1-4719-84ec-d279d7c11c87:7
[   64077ms] [LOG] [SatFilter] Using provided voltage: 772.901V @ blob:http://localhost:5173/60016785-77d1-4719-84ec-d279d7c11c87:7
[   64077ms] [LOG] [SatFilter] Core: 95 E 80/38/25 gapped 0.25 mm stacks=1 Ae=400.031mm2 L=0uH Vpeak=772.901V N=9 f=100000Hz Bpeak=0.341671T Bsat=0.35T OK @ blob:http://localhost:5173/60016785-77d1-4719-84ec-d279d7c11c87:7
[   64077ms] [LOG] [SatFilter] Using provided voltage: 772.901V @ blob:http://localhost:5173/60016785-77d1-4719-84ec-d279d7c11c87:7
[   64078ms] [LOG] [SatFilter] Core: 95 E 77/39/32 gapped 0.17 mm stacks=1 Ae=599.277mm2 L=0uH Vpeak=772.901V N=7 f=100000Hz Bpeak=0.293237T Bsat=0.35T OK @ blob:http://localhost:5173/60016785-77d1-4719-84ec-d279d7c11c87:7
[   64078ms] [LOG] [SatFilter] Using provided voltage: 772.901V @ blob:http://localhost:5173/60016785-77d1-4719-84ec-d279d7c11c87:7
[   64078ms] [LOG] [SatFilter] Core: 98 P 80/20 gapped 0.08 mm stacks=1 Ae=1279.16mm2 L=0uH Vpeak=772.901V N=4 f=100000Hz Bpeak=0.240413T Bsat=0.3507T OK @ blob:http://localhost:5173/60016785-77d1-4719-84ec-d279d7c11c87:7
[   64078ms] [LOG] [SatFilter] Using provided voltage: 772.901V @ blob:http://localhost:5173/60016785-77d1-4719-84ec-d279d7c11c87:7
[   64079ms] [LOG] [SatFilter] Core: 98 E 96/42/26 gapped 0.15 mm stacks=1 Ae=653.596mm2 L=0uH Vpeak=772.901V N=7 f=100000Hz Bpeak=0.268867T Bsat=0.3507T OK @ blob:http://localhost:5173/60016785-77d1-4719-84ec-d279d7c11c87:7
[   64079ms] [LOG] [SatFilter] Using provided voltage: 772.901V @ blob:http://localhost:5173/60016785-77d1-4719-84ec-d279d7c11c87:7
[   64079ms] [LOG] [SatFilter] Core: 98 U 46/40/28 gapped 0.03 mm stacks=2 Ae=793.509mm2 L=0uH Vpeak=772.901V N=5 f=100000Hz Bpeak=0.310043T Bsat=0.3507T OK @ blob:http://localhost:5173/60016785-77d1-4719-84ec-d279d7c11c87:7
[   64079ms] [LOG] [SatFilter] Using provided voltage: 772.901V @ blob:http://localhost:5173/60016785-77d1-4719-84ec-d279d7c11c87:7
[   64079ms] [LOG] [SatFilter] Core: 95 E 96/42/26 gapped 0.15 mm stacks=1 Ae=653.596mm2 L=0uH Vpeak=772.901V N=7 f=100000Hz Bpeak=0.268867T Bsat=0.35T OK @ blob:http://localhost:5173/60016785-77d1-4719-84ec-d279d7c11c87:7
[   64080ms] [LOG] [SatFilter] Using provided voltage: 772.901V @ blob:http://localhost:5173/60016785-77d1-4719-84ec-d279d7c11c87:7
[   64080ms] [LOG] [SatFilter] Core: 98 E 77/39/32 gapped 0.17 mm stacks=1 Ae=599.277mm2 L=0uH Vpeak=772.901V N=7 f=100000Hz Bpeak=0.293237T Bsat=0.3507T OK @ blob:http://localhost:5173/60016785-77d1-4719-84ec-d279d7c11c87:7
[   64080ms] [LOG] [SatFilter] Using provided voltage: 772.901V @ blob:http://localhost:5173/60016785-77d1-4719-84ec-d279d7c11c87:7
[   64080ms] [LOG] [SatFilter] Core: 98 U 66/33/20 gapped 0.05 mm stacks=2 Ae=521.608mm2 L=0uH Vpeak=772.901V N=7 f=100000Hz Bpeak=0.336901T Bsat=0.3507T OK @ blob:http://localhost:5173/60016785-77d1-4719-84ec-d279d7c11c87:7
[   64081ms] [LOG] [SatFilter] Using provided voltage: 772.901V @ blob:http://localhost:5173/60016785-77d1-4719-84ec-d279d7c11c87:7
[   64081ms] [LOG] [SatFilter] Core: 95 P 80/20 gapped 0.08 mm stacks=1 Ae=1279.16mm2 L=0uH Vpeak=772.901V N=4 f=100000Hz Bpeak=0.240413T Bsat=0.35T OK @ blob:http://localhost:5173/60016785-77d1-4719-84ec-d279d7c11c87:7
[   64081ms] [LOG] [SatFilter] Using provided voltage: 772.901V @ blob:http://localhost:5173/60016785-77d1-4719-84ec-d279d7c11c87:7
[   64081ms] [LOG] [SatFilter] Core: 95 E 80/38/40 gapped 0.16 mm stacks=1 Ae=631.324mm2 L=0uH Vpeak=772.901V N=7 f=100000Hz Bpeak=0.278351T Bsat=0.35T OK @ blob:http://localhost:5173/60016785-77d1-4719-84ec-d279d7c11c87:7
[   64082ms] [LOG] [SatFilter] Using provided voltage: 772.901V @ blob:http://localhost:5173/60016785-77d1-4719-84ec-d279d7c11c87:7
[   64082ms] [LOG] [SatFilter] Core: 95 E 80/38/30 gapped 0.21 mm stacks=1 Ae=475.309mm2 L=0uH Vpeak=772.901V N=8 f=100000Hz Bpeak=0.323502T Bsat=0.35T OK @ blob:http://localhost:5173/60016785-77d1-4719-84ec-d279d7c11c87:7
[   64082ms] [LOG] [SatFilter] Using provided voltage: 772.901V @ blob:http://localhost:5173/60016785-77d1-4719-84ec-d279d7c11c87:7
[   64082ms] [LOG] [SatFilter] Core: 98 E 80/38/30 gapped 0.21 mm stacks=1 Ae=475.309mm2 L=0uH Vpeak=772.901V N=8 f=100000Hz Bpeak=0.323502T Bsat=0.3507T OK @ blob:http://localhost:5173/60016785-77d1-4719-84ec-d279d7c11c87:7
[   64083ms] [LOG] [SatFilter] Using provided voltage: 772.901V @ blob:http://localhost:5173/60016785-77d1-4719-84ec-d279d7c11c87:7
[   64083ms] [LOG] [SatFilter] Core: 95 E 114/46/17.5 gapped 0.20 mm stacks=1 Ae=490.327mm2 L=0uH Vpeak=772.901V N=8 f=100000Hz Bpeak=0.313594T Bsat=0.35T OK @ blob:http://localhost:5173/60016785-77d1-4719-84ec-d279d7c11c87:7
[   64083ms] [LOG] [SatFilter] Using provided voltage: 772.901V @ blob:http://localhost:5173/60016785-77d1-4719-84ec-d279d7c11c87:7
[   64083ms] [LOG] [SatFilter] Core: 98 U 56/28/17 gapped 0.02 mm stacks=4 Ae=717.5mm2 L=0uH Vpeak=772.901V N=5 f=100000Hz Bpeak=0.342888T Bsat=0.3507T OK @ blob:http://localhost:5173/60016785-77d1-4719-84ec-d279d7c11c87:7
[   64083ms] [LOG] [SatFilter] Using provided voltage: 772.901V @ blob:http://localhost:5173/60016785-77d1-4719-84ec-d279d7c11c87:7
[   64084ms] [LOG] [SatFilter] Core: 98 E 114/46/17.5 gapped 0.20 mm stacks=1 Ae=490.327mm2 L=0uH Vpeak=772.901V N=8 f=100000Hz Bpeak=0.313594T Bsat=0.3507T OK @ blob:http://localhost:5173/60016785-77d1-4719-84ec-d279d7c11c87:7
[   64084ms] [LOG] [SatFilter] Using provided voltage: 772.901V @ blob:http://localhost:5173/60016785-77d1-4719-84ec-d279d7c11c87:7
[   64084ms] [LOG] [SatFilter] Core: 95 U 46/40/28 gapped 0.03 mm stacks=2 Ae=793.509mm2 L=0uH Vpeak=772.901V N=5 f=100000Hz Bpeak=0.310043T Bsat=0.35T OK @ blob:http://localhost:5173/60016785-77d1-4719-84ec-d279d7c11c87:7
[   64084ms] [LOG] [SatFilter] Using provided voltage: 772.901V @ blob:http://localhost:5173/60016785-77d1-4719-84ec-d279d7c11c87:7
[   64085ms] [LOG] [SatFilter] Core: 98 E 72/28/19 gapped 0.02 mm stacks=3 Ae=902.248mm2 L=0uH Vpeak=772.901V N=4 f=100000Hz Bpeak=0.340846T Bsat=0.3507T OK @ blob:http://localhost:5173/60016785-77d1-4719-84ec-d279d7c11c87:7
[   64085ms] [LOG] [SatFilter] Using provided voltage: 772.901V @ blob:http://localhost:5173/60016785-77d1-4719-84ec-d279d7c11c87:7
[   64085ms] [LOG] [SatFilter] Core: 98 E 80/24/30 gapped 0.03 mm stacks=2 Ae=962.376mm2 L=0uH Vpeak=772.901V N=4 f=100000Hz Bpeak=0.31955T Bsat=0.3507T OK @ blob:http://localhost:5173/60016785-77d1-4719-84ec-d279d7c11c87:7
[   64085ms] [LOG] [SatFilter] Using provided voltage: 772.901V @ blob:http://localhost:5173/60016785-77d1-4719-84ec-d279d7c11c87:7
[   64086ms] [LOG] [SatFilter] Core: 98 U 56/28/24 gapped 0.02 mm stacks=3 Ae=763.195mm2 L=0uH Vpeak=772.901V N=5 f=100000Hz Bpeak=0.322358T Bsat=0.3507T OK @ blob:http://localhost:5173/60016785-77d1-4719-84ec-d279d7c11c87:7
[   64086ms] [LOG] [SatFilter] Using provided voltage: 772.901V @ blob:http://localhost:5173/60016785-77d1-4719-84ec-d279d7c11c87:7
[   64086ms] [LOG] [SatFilter] Core: 95 P 80/25 gapped 0.08 mm stacks=1 Ae=1255.06mm2 L=0uH Vpeak=772.901V N=4 f=100000Hz Bpeak=0.245031T Bsat=0.35T OK @ blob:http://localhost:5173/60016785-77d1-4719-84ec-d279d7c11c87:7
[   64086ms] [LOG] [SatFilter] Using provided voltage: 772.901V @ blob:http://localhost:5173/60016785-77d1-4719-84ec-d279d7c11c87:7
[   64087ms] [LOG] [SatFilter] Core: 95 E 80/45/30 gapped 0.21 mm stacks=1 Ae=482.664mm2 L=0uH Vpeak=772.901V N=8 f=100000Hz Bpeak=0.318573T Bsat=0.35T OK @ blob:http://localhost:5173/60016785-77d1-4719-84ec-d279d7c11c87:7
[   64087ms] [LOG] [SatFilter] Using provided voltage: 772.901V @ blob:http://localhost:5173/60016785-77d1-4719-84ec-d279d7c11c87:7
[   64087ms] [LOG] [SatFilter] Core: 98 E 80/38/40 gapped 0.16 mm stacks=1 Ae=631.324mm2 L=0uH Vpeak=772.901V N=7 f=100000Hz Bpeak=0.278351T Bsat=0.3507T OK @ blob:http://localhost:5173/60016785-77d1-4719-84ec-d279d7c11c87:7
[   64087ms] [LOG] [SatFilter] Using provided voltage: 772.901V @ blob:http://localhost:5173/60016785-77d1-4719-84ec-d279d7c11c87:7
[   64088ms] [LOG] [SatFilter] Core: 95 E 77/39/24 gapped 0.03 mm stacks=2 Ae=898.915mm2 L=0uH Vpeak=772.901V N=4 f=100000Hz Bpeak=0.34211T Bsat=0.35T OK @ blob:http://localhost:5173/60016785-77d1-4719-84ec-d279d7c11c87:7
[   64088ms] [LOG] [SatFilter] Using provided voltage: 772.901V @ blob:http://localhost:5173/60016785-77d1-4719-84ec-d279d7c11c87:7
[   64088ms] [LOG] [SatFilter] Core: 95 EC 90 gapped 0.15 mm stacks=1 Ae=647.805mm2 L=0uH Vpeak=772.901V N=7 f=100000Hz Bpeak=0.27127T Bsat=0.35T OK @ blob:http://localhost:5173/60016785-77d1-4719-84ec-d279d7c11c87:7
[   64088ms] [LOG] [SatFilter] Using provided voltage: 772.901V @ blob:http://localhost:5173/60016785-77d1-4719-84ec-d279d7c11c87:7
[   64088ms] [LOG] [SatFilter] Core: 95 EC 90 gapped 0.15 mm stacks=1 Ae=647.805mm2 L=0uH Vpeak=772.901V N=7 f=100000Hz Bpeak=0.27127T Bsat=0.35T OK @ blob:http://localhost:5173/60016785-77d1-4719-84ec-d279d7c11c87:7
[   64089ms] [LOG] [SatFilter] Using provided voltage: 772.901V @ blob:http://localhost:5173/60016785-77d1-4719-84ec-d279d7c11c87:7
[   64089ms] [LOG] [SatFilter] Core: 98 U 66/33/20 gapped 0.02 mm stacks=3 Ae=782.412mm2 L=0uH Vpeak=772.901V N=5 f=100000Hz Bpeak=0.314441T Bsat=0.3507T OK @ blob:http://localhost:5173/60016785-77d1-4719-84ec-d279d7c11c87:7
[   64089ms] [LOG] [SatFilter] Using provided voltage: 772.901V @ blob:http://localhost:5173/60016785-77d1-4719-84ec-d279d7c11c87:7
[   64089ms] [LOG] [SatFilter] Core: 98 U 73/36/21 gapped 0.04 mm stacks=2 Ae=595.214mm2 L=0uH Vpeak=772.901V N=7 f=100000Hz Bpeak=0.295239T Bsat=0.3507T OK @ blob:http://localhost:5173/60016785-77d1-4719-84ec-d279d7c11c87:7
[   64089ms] [LOG] [SatFilter] Using provided voltage: 772.901V @ blob:http://localhost:5173/60016785-77d1-4719-84ec-d279d7c11c87:7
[   64090ms] [LOG] [SatFilter] Core: 98 U 66/33/27 gapped 0.04 mm stacks=2 Ae=560.879mm2 L=0uH Vpeak=772.901V N=7 f=100000Hz Bpeak=0.313311T Bsat=0.3507T OK @ blob:http://localhost:5173/60016785-77d1-4719-84ec-d279d7c11c87:7
[   64090ms] [LOG] [SatFilter] Using provided voltage: 772.901V @ blob:http://localhost:5173/60016785-77d1-4719-84ec-d279d7c11c87:7
[   64090ms] [LOG] [SatFilter] Core: 98 EC 90 gapped 0.15 mm stacks=1 Ae=647.805mm2 L=0uH Vpeak=772.901V N=7 f=100000Hz Bpeak=0.27127T Bsat=0.3507T OK @ blob:http://localhost:5173/60016785-77d1-4719-84ec-d279d7c11c87:7
[   64090ms] [LOG] [SatFilter] Using provided voltage: 772.901V @ blob:http://localhost:5173/60016785-77d1-4719-84ec-d279d7c11c87:7
[   64091ms] [LOG] [SatFilter] Core: 98 EC 90 gapped 0.15 mm stacks=1 Ae=647.805mm2 L=0uH Vpeak=772.901V N=7 f=100000Hz Bpeak=0.27127T Bsat=0.3507T OK @ blob:http://localhost:5173/60016785-77d1-4719-84ec-d279d7c11c87:7
[   64091ms] [LOG] [SatFilter] Using provided voltage: 772.901V @ blob:http://localhost:5173/60016785-77d1-4719-84ec-d279d7c11c87:7
[   64091ms] [LOG] [SatFilter] Core: 98 P 80/25 gapped 0.08 mm stacks=1 Ae=1255.06mm2 L=0uH Vpeak=772.901V N=4 f=100000Hz Bpeak=0.245031T Bsat=0.3507T OK @ blob:http://localhost:5173/60016785-77d1-4719-84ec-d279d7c11c87:7
[   64091ms] [LOG] [SatFilter] Using provided voltage: 772.901V @ blob:http://localhost:5173/60016785-77d1-4719-84ec-d279d7c11c87:7
[   64091ms] [LOG] [SatFilter] Core: 98 U 81/39/20 gapped 0.06 mm stacks=2 Ae=401.959mm2 L=0uH Vpeak=772.901V N=9 f=100000Hz Bpeak=0.340032T Bsat=0.3507T OK @ blob:http://localhost:5173/60016785-77d1-4719-84ec-d279d7c11c87:7
[   64092ms] [LOG] [SatFilter] Using provided voltage: 772.901V @ blob:http://localhost:5173/60016785-77d1-4719-84ec-d279d7c11c87:7
[   64092ms] [LOG] [SatFilter] Core: 95 E 114/46/26 gapped 0.15 mm stacks=1 Ae=653.177mm2 L=0uH Vpeak=772.901V N=7 f=100000Hz Bpeak=0.269039T Bsat=0.35T OK @ blob:http://localhost:5173/60016785-77d1-4719-84ec-d279d7c11c87:7
[   64092ms] [LOG] [SatFilter] Using provided voltage: 772.901V @ blob:http://localhost:5173/60016785-77d1-4719-84ec-d279d7c11c87:7
[   64092ms] [LOG] [SatFilter] Core: 98 U 56/28/24 gapped 0.01 mm stacks=4 Ae=1017.59mm2 L=0uH Vpeak=772.901V N=4 f=100000Hz Bpeak=0.30221T Bsat=0.3507T OK @ blob:http://localhost:5173/60016785-77d1-4719-84ec-d279d7c11c87:7
[   64092ms] [LOG] [SatFilter] Using provided voltage: 772.901V @ blob:http://localhost:5173/60016785-77d1-4719-84ec-d279d7c11c87:7
[   64093ms] [LOG] [SatFilter] Core: 98 E 77/39/24 gapped 0.03 mm stacks=2 Ae=898.915mm2 L=0uH Vpeak=772.901V N=4 f=100000Hz Bpeak=0.34211T Bsat=0.3507T OK @ blob:http://localhost:5173/60016785-77d1-4719-84ec-d279d7c11c87:7
[   64093ms] [LOG] [SatFilter] Using provided voltage: 772.901V @ blob:http://localhost:5173/60016785-77d1-4719-84ec-d279d7c11c87:7
[   64093ms] [LOG] [SatFilter] Core: 98 E 70/33/32 gapped 0.02 mm stacks=2 Ae=1092.63mm2 L=0uH Vpeak=772.901V N=4 f=100000Hz Bpeak=0.281457T Bsat=0.3507T OK @ blob:http://localhost:5173/60016785-77d1-4719-84ec-d279d7c11c87:7
[   64093ms] [LOG] [SatFilter] Using provided voltage: 772.901V @ blob:http://localhost:5173/60016785-77d1-4719-84ec-d279d7c11c87:7
[   64094ms] [LOG] [SatFilter] Core: 98 E 70/33/32 gapped 0.02 mm stacks=2 Ae=1092.63mm2 L=0uH Vpeak=772.901V N=4 f=100000Hz Bpeak=0.281457T Bsat=0.3507T OK @ blob:http://localhost:5173/60016785-77d1-4719-84ec-d279d7c11c87:7
[   64094ms] [LOG] [SatFilter] Using provided voltage: 772.901V @ blob:http://localhost:5173/60016785-77d1-4719-84ec-d279d7c11c87:7
[   64094ms] [LOG] [SatFilter] Core: 98 E 114/46/26 gapped 0.15 mm stacks=1 Ae=653.177mm2 L=0uH Vpeak=772.901V N=7 f=100000Hz Bpeak=0.269039T Bsat=0.3507T OK @ blob:http://localhost:5173/60016785-77d1-4719-84ec-d279d7c11c87:7
[   64094ms] [LOG] [SatFilter] Using provided voltage: 772.901V @ blob:http://localhost:5173/60016785-77d1-4719-84ec-d279d7c11c87:7
[   64095ms] [LOG] [SatFilter] Core: 98 E 80/38/25 gapped 0.03 mm stacks=2 Ae=800.062mm2 L=0uH Vpeak=772.901V N=5 f=100000Hz Bpeak=0.307504T Bsat=0.3507T OK @ blob:http://localhost:5173/60016785-77d1-4719-84ec-d279d7c11c87:7
[   64095ms] [LOG] [SatFilter] Using provided voltage: 772.901V @ blob:http://localhost:5173/60016785-77d1-4719-84ec-d279d7c11c87:7
[   64095ms] [LOG] [SatFilter] Core: 95 U 81/39/23 gapped 0.03 mm stacks=2 Ae=726.612mm2 L=0uH Vpeak=772.901V N=5 f=100000Hz Bpeak=0.338588T Bsat=0.35T OK @ blob:http://localhost:5173/60016785-77d1-4719-84ec-d279d7c11c87:7
[   64095ms] [LOG] [SatFilter] Using provided voltage: 772.901V @ blob:http://localhost:5173/60016785-77d1-4719-84ec-d279d7c11c87:7
[   64095ms] [LOG] [SatFilter] Core: 98 E 102/20/38 gapped 0.02 mm stacks=2 Ae=1080.69mm2 L=0uH Vpeak=772.901V N=4 f=100000Hz Bpeak=0.284566T Bsat=0.3507T OK @ blob:http://localhost:5173/60016785-77d1-4719-84ec-d279d7c11c87:7
[   64095ms] [LOG] [SatFilter] Using provided voltage: 772.901V @ blob:http://localhost:5173/60016785-77d1-4719-84ec-d279d7c11c87:7
[   64096ms] [LOG] [SatFilter] Core: 98 E 80/38/20 gapped 0.01 mm stacks=3 Ae=985.359mm2 L=0uH Vpeak=772.901V N=4 f=100000Hz Bpeak=0.312097T Bsat=0.3507T OK @ blob:http://localhost:5173/60016785-77d1-4719-84ec-d279d7c11c87:7
[   64096ms] [LOG] [SatFilter] Using provided voltage: 772.901V @ blob:http://localhost:5173/60016785-77d1-4719-84ec-d279d7c11c87:7
[   64096ms] [LOG] [SatFilter] Core: 95 E 114/46/17.5 gapped 0.03 mm stacks=2 Ae=980.653mm2 L=0uH Vpeak=772.901V N=4 f=100000Hz Bpeak=0.313594T Bsat=0.35T OK @ blob:http://localhost:5173/60016785-77d1-4719-84ec-d279d7c11c87:7
[   64096ms] [LOG] [SatFilter] Using provided voltage: 772.901V @ blob:http://localhost:5173/60016785-77d1-4719-84ec-d279d7c11c87:7
[   64097ms] [LOG] [SatFilter] Core: 98 U 46/40/28 gapped 0.01 mm stacks=3 Ae=1190.26mm2 L=0uH Vpeak=772.901V N=4 f=100000Hz Bpeak=0.258369T Bsat=0.3507T OK @ blob:http://localhost:5173/60016785-77d1-4719-84ec-d279d7c11c87:7
[   64097ms] [LOG] [SatFilter] Using provided voltage: 772.901V @ blob:http://localhost:5173/60016785-77d1-4719-84ec-d279d7c11c87:7
[   64097ms] [LOG] [SatFilter] Core: 98 U 66/33/20 gapped 0.01 mm stacks=4 Ae=1043.22mm2 L=0uH Vpeak=772.901V N=4 f=100000Hz Bpeak=0.294788T Bsat=0.3507T OK @ blob:http://localhost:5173/60016785-77d1-4719-84ec-d279d7c11c87:7
[   64097ms] [LOG] [SatFilter] Using provided voltage: 772.901V @ blob:http://localhost:5173/60016785-77d1-4719-84ec-d279d7c11c87:7
[   64097ms] [LOG] [SatFilter] Core: 98 U 81/39/23 gapped 0.03 mm stacks=2 Ae=726.612mm2 L=0uH Vpeak=772.901V N=5 f=100000Hz Bpeak=0.338588T Bsat=0.3507T OK @ blob:http://localhost:5173/60016785-77d1-4719-84ec-d279d7c11c87:7
[   64098ms] [LOG] [SatFilter] Using provided voltage: 772.901V @ blob:http://localhost:5173/60016785-77d1-4719-84ec-d279d7c11c87:7
[   64098ms] [LOG] [SatFilter] Core: 95 P 80/30 gapped 0.08 mm stacks=1 Ae=1238.63mm2 L=0uH Vpeak=772.901V N=4 f=100000Hz Bpeak=0.24828T Bsat=0.35T OK @ blob:http://localhost:5173/60016785-77d1-4719-84ec-d279d7c11c87:7
[   64098ms] [LOG] [SatFilter] Using provided voltage: 772.901V @ blob:http://localhost:5173/60016785-77d1-4719-84ec-d279d7c11c87:7
[   64098ms] [LOG] [SatFilter] Core: 95 U 73/36/21 gapped 0.02 mm stacks=3 Ae=892.82mm2 L=0uH Vpeak=772.901V N=4 f=100000Hz Bpeak=0.344445T Bsat=0.35T OK @ blob:http://localhost:5173/60016785-77d1-4719-84ec-d279d7c11c87:7
[   64098ms] [LOG] [SatFilter] Using provided voltage: 772.901V @ blob:http://localhost:5173/60016785-77d1-4719-84ec-d279d7c11c87:7
[   64099ms] [LOG] [SatFilter] Core: 98 P 80/30 gapped 0.08 mm stacks=1 Ae=1238.63mm2 L=0uH Vpeak=772.901V N=4 f=100000Hz Bpeak=0.24828T Bsat=0.3507T OK @ blob:http://localhost:5173/60016785-77d1-4719-84ec-d279d7c11c87:7
[   64099ms] [LOG] [SatFilter] Using provided voltage: 772.901V @ blob:http://localhost:5173/60016785-77d1-4719-84ec-d279d7c11c87:7
[   64099ms] [LOG] [SatFilter] Core: 95 E 80/38/30 gapped 0.03 mm stacks=2 Ae=950.619mm2 L=0uH Vpeak=772.901V N=4 f=100000Hz Bpeak=0.323502T Bsat=0.35T OK @ blob:http://localhost:5173/60016785-77d1-4719-84ec-d279d7c11c87:7
[   64099ms] [LOG] [SatFilter] Using provided voltage: 772.901V @ blob:http://localhost:5173/60016785-77d1-4719-84ec-d279d7c11c87:7
[   64100ms] [LOG] [SatFilter] Core: 98 U 66/33/27 gapped 0.02 mm stacks=3 Ae=841.319mm2 L=0uH Vpeak=772.901V N=5 f=100000Hz Bpeak=0.292424T Bsat=0.3507T OK @ blob:http://localhost:5173/60016785-77d1-4719-84ec-d279d7c11c87:7
[   64100ms] [LOG] [SatFilter] Using provided voltage: 772.901V @ blob:http://localhost:5173/60016785-77d1-4719-84ec-d279d7c11c87:7
[   64100ms] [LOG] [SatFilter] Core: 95 U 101/115/25 gapped 0.15 mm stacks=1 Ae=647.7mm2 L=0uH Vpeak=772.901V N=7 f=100000Hz Bpeak=0.271314T Bsat=0.35T OK @ blob:http://localhost:5173/60016785-77d1-4719-84ec-d279d7c11c87:7
[   64100ms] [LOG] [SatFilter] Using provided voltage: 772.901V @ blob:http://localhost:5173/60016785-77d1-4719-84ec-d279d7c11c87:7
[   64100ms] [LOG] [SatFilter] Core: 95 E 100/60/28 gapped 0.17 mm stacks=1 Ae=588.04mm2 L=0uH Vpeak=772.901V N=7 f=100000Hz Bpeak=0.29884T Bsat=0.35T OK @ blob:http://localhost:5173/60016785-77d1-4719-84ec-d279d7c11c87:7
[   64101ms] [LOG] [SatFilter] Using provided voltage: 772.901V @ blob:http://localhost:5173/60016785-77d1-4719-84ec-d279d7c11c87:7
[   64101ms] [LOG] [SatFilter] Core: 95 E 80/45/30 gapped 0.03 mm stacks=2 Ae=965.327mm2 L=0uH Vpeak=772.901V N=4 f=100000Hz Bpeak=0.318573T Bsat=0.35T OK @ blob:http://localhost:5173/60016785-77d1-4719-84ec-d279d7c11c87:7
[   64101ms] [LOG] [SatFilter] Using provided voltage: 772.901V @ blob:http://localhost:5173/60016785-77d1-4719-84ec-d279d7c11c87:7
[   64101ms] [LOG] [SatFilter] Core: 98 E 80/38/30 gapped 0.03 mm stacks=2 Ae=950.619mm2 L=0uH Vpeak=772.901V N=4 f=100000Hz Bpeak=0.323502T Bsat=0.3507T OK @ blob:http://localhost:5173/60016785-77d1-4719-84ec-d279d7c11c87:7
[   64101ms] [LOG] [SatFilter] Using provided voltage: 772.901V @ blob:http://localhost:5173/60016785-77d1-4719-84ec-d279d7c11c87:7
[   64102ms] [LOG] [SatFilter] Core: 95 U 66/33/20 gapped 0.01 mm stacks=4 Ae=1043.22mm2 L=0uH Vpeak=772.901V N=4 f=100000Hz Bpeak=0.294788T Bsat=0.35T OK @ blob:http://localhost:5173/60016785-77d1-4719-84ec-d279d7c11c87:7
[   64102ms] [LOG] [SatFilter] Using provided voltage: 772.901V @ blob:http://localhost:5173/60016785-77d1-4719-84ec-d279d7c11c87:7
[   64102ms] [LOG] [SatFilter] Core: 98 E 80/38/32 gapped 0.02 mm stacks=2 Ae=1014.73mm2 L=0uH Vpeak=772.901V N=4 f=100000Hz Bpeak=0.303063T Bsat=0.3507T OK @ blob:http://localhost:5173/60016785-77d1-4719-84ec-d279d7c11c87:7
[   64102ms] [LOG] [SatFilter] Using provided voltage: 772.901V @ blob:http://localhost:5173/60016785-77d1-4719-84ec-d279d7c11c87:7
[   64103ms] [LOG] [SatFilter] Core: 98 E 77/39/32 gapped 0.02 mm stacks=2 Ae=1198.55mm2 L=0uH Vpeak=772.901V N=4 f=100000Hz Bpeak=0.256582T Bsat=0.3507T OK @ blob:http://localhost:5173/60016785-77d1-4719-84ec-d279d7c11c87:7
[   64103ms] [LOG] [SatFilter] Using provided voltage: 772.901V @ blob:http://localhost:5173/60016785-77d1-4719-84ec-d279d7c11c87:7
[   64103ms] [LOG] [SatFilter] Core: 95 EC 120 gapped 0.16 mm stacks=1 Ae=632.542mm2 L=0uH Vpeak=772.901V N=7 f=100000Hz Bpeak=0.277816T Bsat=0.35T OK @ blob:http://localhost:5173/60016785-77d1-4719-84ec-d279d7c11c87:7
[   64103ms] [LOG] [SatFilter] Using provided voltage: 772.901V @ blob:http://localhost:5173/60016785-77d1-4719-84ec-d279d7c11c87:7
[   64103ms] [LOG] [SatFilter] Core: 98 E 114/46/17.5 gapped 0.03 mm stacks=2 Ae=980.653mm2 L=0uH Vpeak=772.901V N=4 f=100000Hz Bpeak=0.313594T Bsat=0.3507T OK @ blob:http://localhost:5173/60016785-77d1-4719-84ec-d279d7c11c87:7
[   64104ms] [LOG] [SatFilter] Using provided voltage: 772.901V @ blob:http://localhost:5173/60016785-77d1-4719-84ec-d279d7c11c87:7
[   64104ms] [LOG] [SatFilter] Core: 98 U 66/33/27 gapped 0.01 mm stacks=4 Ae=1121.76mm2 L=0uH Vpeak=772.901V N=4 f=100000Hz Bpeak=0.274148T Bsat=0.3507T OK @ blob:http://localhost:5173/60016785-77d1-4719-84ec-d279d7c11c87:7
[   64104ms] [LOG] [SatFilter] Using provided voltage: 772.901V @ blob:http://localhost:5173/60016785-77d1-4719-84ec-d279d7c11c87:7
[   64104ms] [LOG] [SatFilter] Core: 95 E 80/38/32 gapped 0.02 mm stacks=2 Ae=1014.73mm2 L=0uH Vpeak=772.901V N=4 f=100000Hz Bpeak=0.303063T Bsat=0.35T OK @ blob:http://localhost:5173/60016785-77d1-4719-84ec-d279d7c11c87:7
[   64104ms] [LOG] [SatFilter] Using provided voltage: 772.901V @ blob:http://localhost:5173/60016785-77d1-4719-84ec-d279d7c11c87:7
[   64105ms] [LOG] [SatFilter] Core: 95 P 80/35 gapped 0.08 mm stacks=1 Ae=1226.72mm2 L=0uH Vpeak=772.901V N=4 f=100000Hz Bpeak=0.250691T Bsat=0.35T OK @ blob:http://localhost:5173/60016785-77d1-4719-84ec-d279d7c11c87:7
[   64105ms] [LOG] [SatFilter] Using provided voltage: 772.901V @ blob:http://localhost:5173/60016785-77d1-4719-84ec-d279d7c11c87:7
[   64105ms] [LOG] [SatFilter] Core: 98 U 81/39/20 gapped 0.03 mm stacks=3 Ae=602.939mm2 L=0uH Vpeak=772.901V N=7 f=100000Hz Bpeak=0.291456T Bsat=0.3507T OK @ blob:http://localhost:5173/60016785-77d1-4719-84ec-d279d7c11c87:7
[   64105ms] [LOG] [SatFilter] Using provided voltage: 772.901V @ blob:http://localhost:5173/60016785-77d1-4719-84ec-d279d7c11c87:7
[   64105ms] [LOG] [SatFilter] Core: 95 E 80/45/20 gapped 0.01 mm stacks=3 Ae=964.917mm2 L=0uH Vpeak=772.901V N=4 f=100000Hz Bpeak=0.318709T Bsat=0.35T OK @ blob:http://localhost:5173/60016785-77d1-4719-84ec-d279d7c11c87:7
[   64106ms] [LOG] [SatFilter] Using provided voltage: 772.901V @ blob:http://localhost:5173/60016785-77d1-4719-84ec-d279d7c11c87:7
[   64106ms] [LOG] [SatFilter] Core: 98 P 80/35 gapped 0.08 mm stacks=1 Ae=1226.72mm2 L=0uH Vpeak=772.901V N=4 f=100000Hz Bpeak=0.250691T Bsat=0.3507T OK @ blob:http://localhost:5173/60016785-77d1-4719-84ec-d279d7c11c87:7
[   64106ms] [LOG] [SatFilter] Using provided voltage: 772.901V @ blob:http://localhost:5173/60016785-77d1-4719-84ec-d279d7c11c87:7
[   64106ms] [LOG] [SatFilter] Core: 98 E 80/45/20 gapped 0.01 mm stacks=3 Ae=964.917mm2 L=0uH Vpeak=772.901V N=4 f=100000Hz Bpeak=0.318709T Bsat=0.3507T OK @ blob:http://localhost:5173/60016785-77d1-4719-84ec-d279d7c11c87:7
[   64106ms] [LOG] [SatFilter] Using provided voltage: 772.901V @ blob:http://localhost:5173/60016785-77d1-4719-84ec-d279d7c11c87:7
[   64107ms] [LOG] [SatFilter] Core: 98 U 73/36/21 gapped 0.01 mm stacks=4 Ae=1190.43mm2 L=0uH Vpeak=772.901V N=4 f=100000Hz Bpeak=0.258334T Bsat=0.3507T OK @ blob:http://localhost:5173/60016785-77d1-4719-84ec-d279d7c11c87:7
[   64107ms] [LOG] [SatFilter] Using provided voltage: 772.901V @ blob:http://localhost:5173/60016785-77d1-4719-84ec-d279d7c11c87:7
[   64107ms] [LOG] [SatFilter] Core: 98 E 80/45/30 gapped 0.03 mm stacks=2 Ae=965.327mm2 L=0uH Vpeak=772.901V N=4 f=100000Hz Bpeak=0.318573T Bsat=0.3507T OK @ blob:http://localhost:5173/60016785-77d1-4719-84ec-d279d7c11c87:7
[   64108ms] [LOG] [SatFilter] Using provided voltage: 772.901V @ blob:http://localhost:5173/60016785-77d1-4719-84ec-d279d7c11c87:7
[   64108ms] [LOG] [SatFilter] Core: 95 U 81/39/23 gapped 0.02 mm stacks=3 Ae=1089.92mm2 L=0uH Vpeak=772.901V N=4 f=100000Hz Bpeak=0.282156T Bsat=0.35T OK @ blob:http://localhost:5173/60016785-77d1-4719-84ec-d279d7c11c87:7
[   64108ms] [LOG] [SatFilter] Using provided voltage: 772.901V @ blob:http://localhost:5173/60016785-77d1-4719-84ec-d279d7c11c87:7
[   64109ms] [LOG] [SatFilter] Core: 98 U 81/39/23 gapped 0.02 mm stacks=3 Ae=1089.92mm2 L=0uH Vpeak=772.901V N=4 f=100000Hz Bpeak=0.282156T Bsat=0.3507T OK @ blob:http://localhost:5173/60016785-77d1-4719-84ec-d279d7c11c87:7
[   64109ms] [LOG] [SatFilter] Using provided voltage: 772.901V @ blob:http://localhost:5173/60016785-77d1-4719-84ec-d279d7c11c87:7
[   64109ms] [LOG] [SatFilter] Core: 98 E 80/38/25 gapped 0.01 mm stacks=3 Ae=1200.09mm2 L=0uH Vpeak=772.901V N=4 f=100000Hz Bpeak=0.256253T Bsat=0.3507T OK @ blob:http://localhost:5173/60016785-77d1-4719-84ec-d279d7c11c87:7
[   64109ms] [LOG] [SatFilter] Using provided voltage: 772.901V @ blob:http://localhost:5173/60016785-77d1-4719-84ec-d279d7c11c87:7
[   64109ms] [LOG] [SatFilter] Core: 95 P 80/40 gapped 0.08 mm stacks=1 Ae=1217.69mm2 L=0uH Vpeak=772.901V N=4 f=100000Hz Bpeak=0.25255T Bsat=0.35T OK @ blob:http://localhost:5173/60016785-77d1-4719-84ec-d279d7c11c87:7
[   64109ms] [LOG] [SatFilter] Using provided voltage: 772.901V @ blob:http://localhost:5173/60016785-77d1-4719-84ec-d279d7c11c87:7
[   64110ms] [LOG] [SatFilter] Core: 98 E 80/38/40 gapped 0.02 mm stacks=2 Ae=1262.65mm2 L=0uH Vpeak=772.901V N=4 f=100000Hz Bpeak=0.243557T Bsat=0.3507T OK @ blob:http://localhost:5173/60016785-77d1-4719-84ec-d279d7c11c87:7
[   64110ms] [LOG] [SatFilter] Using provided voltage: 772.901V @ blob:http://localhost:5173/60016785-77d1-4719-84ec-d279d7c11c87:7
[   64110ms] [LOG] [SatFilter] Core: 95 E 160/38/40 gapped 0.16 mm stacks=1 Ae=643.563mm2 L=0uH Vpeak=772.901V N=7 f=100000Hz Bpeak=0.273058T Bsat=0.35T OK @ blob:http://localhost:5173/60016785-77d1-4719-84ec-d279d7c11c87:7
[   64110ms] [LOG] [SatFilter] Using provided voltage: 772.901V @ blob:http://localhost:5173/60016785-77d1-4719-84ec-d279d7c11c87:7
[   64110ms] [LOG] [SatFilter] Core: 98 U 81/39/20 gapped 0.02 mm stacks=4 Ae=803.918mm2 L=0uH Vpeak=772.901V N=5 f=100000Hz Bpeak=0.306028T Bsat=0.3507T OK @ blob:http://localhost:5173/60016785-77d1-4719-84ec-d279d7c11c87:7
[   64111ms] [LOG] [SatFilter] Using provided voltage: 772.901V @ blob:http://localhost:5173/60016785-77d1-4719-84ec-d279d7c11c87:7
[   64111ms] [LOG] [SatFilter] Core: 95 U 81/39/20 gapped 0.02 mm stacks=4 Ae=803.918mm2 L=0uH Vpeak=772.901V N=5 f=100000Hz Bpeak=0.306028T Bsat=0.35T OK @ blob:http://localhost:5173/60016785-77d1-4719-84ec-d279d7c11c87:7
[   64111ms] [LOG] [SatFilter] Using provided voltage: 772.901V @ blob:http://localhost:5173/60016785-77d1-4719-84ec-d279d7c11c87:7
[   64111ms] [LOG] [SatFilter] Core: 95 P 100/30 gapped 0.07 mm stacks=1 Ae=1447.6mm2 L=0uH Vpeak=772.901V N=4 f=100000Hz Bpeak=0.21244T Bsat=0.35T OK @ blob:http://localhost:5173/60016785-77d1-4719-84ec-d279d7c11c87:7
[   64112ms] [LOG] [SatFilter] Using provided voltage: 772.901V @ blob:http://localhost:5173/60016785-77d1-4719-84ec-d279d7c11c87:7
[   64112ms] [LOG] [SatFilter] Core: 98 E 160/38/40 gapped 0.16 mm stacks=1 Ae=643.563mm2 L=0uH Vpeak=772.901V N=7 f=100000Hz Bpeak=0.273058T Bsat=0.3507T OK @ blob:http://localhost:5173/60016785-77d1-4719-84ec-d279d7c11c87:7
[   64112ms] [LOG] [SatFilter] Using provided voltage: 772.901V @ blob:http://localhost:5173/60016785-77d1-4719-84ec-d279d7c11c87:7
[   64112ms] [LOG] [SatFilter] Core: 98 E 114/46/26 gapped 0.02 mm stacks=2 Ae=1306.35mm2 L=0uH Vpeak=772.901V N=4 f=100000Hz Bpeak=0.235409T Bsat=0.3507T OK @ blob:http://localhost:5173/60016785-77d1-4719-84ec-d279d7c11c87:7
[   64113ms] [LOG] [SatFilter] Using provided voltage: 772.901V @ blob:http://localhost:5173/60016785-77d1-4719-84ec-d279d7c11c87:7
[   64113ms] [LOG] [SatFilter] Core: 98 P 100/30 gapped 0.07 mm stacks=1 Ae=1447.6mm2 L=0uH Vpeak=772.901V N=4 f=100000Hz Bpeak=0.21244T Bsat=0.3507T OK @ blob:http://localhost:5173/60016785-77d1-4719-84ec-d279d7c11c87:7
[   64113ms] [LOG] [SatFilter] Using provided voltage: 772.901V @ blob:http://localhost:5173/60016785-77d1-4719-84ec-d279d7c11c87:7
[   64113ms] [LOG] [SatFilter] Core: 95 PQ 107/87 gapped 0.07 mm stacks=1 Ae=1498.83mm2 L=0uH Vpeak=772.901V N=4 f=100000Hz Bpeak=0.205179T Bsat=0.35T OK @ blob:http://localhost:5173/60016785-77d1-4719-84ec-d279d7c11c87:7
[   64113ms] [LOG] [SatFilter] Using provided voltage: 772.901V @ blob:http://localhost:5173/60016785-77d1-4719-84ec-d279d7c11c87:7
[   64114ms] [LOG] [SatFilter] Core: 95 U 101/115/25 gapped 0.02 mm stacks=2 Ae=1295.4mm2 L=0uH Vpeak=772.901V N=4 f=100000Hz Bpeak=0.2374T Bsat=0.35T OK @ blob:http://localhost:5173/60016785-77d1-4719-84ec-d279d7c11c87:7
[   64114ms] [LOG] [SatFilter] Using provided voltage: 772.901V @ blob:http://localhost:5173/60016785-77d1-4719-84ec-d279d7c11c87:7
[   64114ms] [LOG] [SatFilter] Core: 98 E 80/45/20 gapped 0.01 mm stacks=4 Ae=1286.56mm2 L=0uH Vpeak=772.901V N=4 f=100000Hz Bpeak=0.239032T Bsat=0.3507T OK @ blob:http://localhost:5173/60016785-77d1-4719-84ec-d279d7c11c87:7
[   64114ms] [LOG] [SatFilter] Using provided voltage: 772.901V @ blob:http://localhost:5173/60016785-77d1-4719-84ec-d279d7c11c87:7
[   64115ms] [LOG] [SatFilter] Core: 98 U 81/39/23 gapped 0.01 mm stacks=4 Ae=1453.22mm2 L=0uH Vpeak=772.901V N=4 f=100000Hz Bpeak=0.211617T Bsat=0.3507T OK @ blob:http://localhost:5173/60016785-77d1-4719-84ec-d279d7c11c87:7
[   64115ms] [LOG] [SatFilter] Using provided voltage: 772.901V @ blob:http://localhost:5173/60016785-77d1-4719-84ec-d279d7c11c87:7
[   64115ms] [LOG] [SatFilter] Core: 95 E 100/60/28 gapped 0.02 mm stacks=2 Ae=1176.08mm2 L=0uH Vpeak=772.901V N=4 f=100000Hz Bpeak=0.261485T Bsat=0.35T OK @ blob:http://localhost:5173/60016785-77d1-4719-84ec-d279d7c11c87:7
[   64115ms] [LOG] [SatFilter] Using provided voltage: 772.901V @ blob:http://localhost:5173/60016785-77d1-4719-84ec-d279d7c11c87:7
[   64116ms] [LOG] [SatFilter] Core: 95 U 93/76/16 gapped 0.02 mm stacks=2 Ae=1151.76mm2 L=0uH Vpeak=772.901V N=4 f=100000Hz Bpeak=0.267006T Bsat=0.35T OK @ blob:http://localhost:5173/60016785-77d1-4719-84ec-d279d7c11c87:7
[   64116ms] [LOG] [SatFilter] Using provided voltage: 772.901V @ blob:http://localhost:5173/60016785-77d1-4719-84ec-d279d7c11c87:7
[   64116ms] [LOG] [SatFilter] Core: 95 U 93/76/20 gapped 0.02 mm stacks=2 Ae=1151.76mm2 L=0uH Vpeak=772.901V N=4 f=100000Hz Bpeak=0.267006T Bsat=0.35T OK @ blob:http://localhost:5173/60016785-77d1-4719-84ec-d279d7c11c87:7
[   64116ms] [LOG] [SatFilter] Using provided voltage: 772.901V @ blob:http://localhost:5173/60016785-77d1-4719-84ec-d279d7c11c87:7
[   64116ms] [LOG] [SatFilter] Core: 98 PQ 107/87 gapped 0.07 mm stacks=1 Ae=1498.83mm2 L=0uH Vpeak=772.901V N=4 f=100000Hz Bpeak=0.205179T Bsat=0.3507T OK @ blob:http://localhost:5173/60016785-77d1-4719-84ec-d279d7c11c87:7
[   64116ms] [LOG] [SatFilter] Using provided voltage: 772.901V @ blob:http://localhost:5173/60016785-77d1-4719-84ec-d279d7c11c87:7
[   64117ms] [LOG] [SatFilter] Core: 95 U 100/57/25 gapped 0.02 mm stacks=2 Ae=1205.22mm2 L=0uH Vpeak=772.901V N=4 f=100000Hz Bpeak=0.255163T Bsat=0.35T OK @ blob:http://localhost:5173/60016785-77d1-4719-84ec-d279d7c11c87:7
[   64117ms] [LOG] [SatFilter] Using provided voltage: 772.901V @ blob:http://localhost:5173/60016785-77d1-4719-84ec-d279d7c11c87:7
[   64118ms] [LOG] [SatFilter] Core: 98 U 101/115/25 gapped 0.02 mm stacks=2 Ae=1295.4mm2 L=0uH Vpeak=772.901V N=4 f=100000Hz Bpeak=0.2374T Bsat=0.3507T OK @ blob:http://localhost:5173/60016785-77d1-4719-84ec-d279d7c11c87:7
[   64118ms] [LOG] [SatFilter] Using provided voltage: 772.901V @ blob:http://localhost:5173/60016785-77d1-4719-84ec-d279d7c11c87:7
[   64118ms] [LOG] [SatFilter] Core: 95 U 79/129/31 gapped 0.02 mm stacks=2 Ae=1406.73mm2 L=0uH Vpeak=772.901V N=4 f=100000Hz Bpeak=0.218611T Bsat=0.35T OK @ blob:http://localhost:5173/60016785-77d1-4719-84ec-d279d7c11c87:7
[   64118ms] [LOG] [SatFilter] Using provided voltage: 772.901V @ blob:http://localhost:5173/60016785-77d1-4719-84ec-d279d7c11c87:7
[   64118ms] [LOG] [SatFilter] Core: 98 U 79/129/31 gapped 0.02 mm stacks=2 Ae=1406.73mm2 L=0uH Vpeak=772.901V N=4 f=100000Hz Bpeak=0.218611T Bsat=0.3507T OK @ blob:http://localhost:5173/60016785-77d1-4719-84ec-d279d7c11c87:7
[   64118ms] [LOG] [SatFilter] Using provided voltage: 772.901V @ blob:http://localhost:5173/60016785-77d1-4719-84ec-d279d7c11c87:7
[   64118ms] [LOG] [SatFilter] Core: 98 E 100/60/28 gapped 0.02 mm stacks=2 Ae=1176.08mm2 L=0uH Vpeak=772.901V N=4 f=100000Hz Bpeak=0.261485T Bsat=0.3507T OK @ blob:http://localhost:5173/60016785-77d1-4719-84ec-d279d7c11c87:7
[   64119ms] [LOG] [SatFilter] Using provided voltage: 772.901V @ blob:http://localhost:5173/60016785-77d1-4719-84ec-d279d7c11c87:7
[   64119ms] [LOG] [SatFilter] Core: 95 U 80/65/32 gapped 0.02 mm stacks=2 Ae=1436.52mm2 L=0uH Vpeak=772.901V N=4 f=100000Hz Bpeak=0.214078T Bsat=0.35T OK @ blob:http://localhost:5173/60016785-77d1-4719-84ec-d279d7c11c87:7
[   64119ms] [LOG] [SatFilter] Using provided voltage: 772.901V @ blob:http://localhost:5173/60016785-77d1-4719-84ec-d279d7c11c87:7
[   64119ms] [LOG] [SatFilter] Core: 98 U 80/65/32 gapped 0.02 mm stacks=2 Ae=1436.52mm2 L=0uH Vpeak=772.901V N=4 f=100000Hz Bpeak=0.214078T Bsat=0.3507T OK @ blob:http://localhost:5173/60016785-77d1-4719-84ec-d279d7c11c87:7
[   64119ms] [LOG] [SatFilter] Using provided voltage: 772.901V @ blob:http://localhost:5173/60016785-77d1-4719-84ec-d279d7c11c87:7
[   64120ms] [LOG] [SatFilter] Core: 98 E 100/60/21 gapped 0.01 mm stacks=3 Ae=1323.41mm2 L=0uH Vpeak=772.901V N=4 f=100000Hz Bpeak=0.232375T Bsat=0.3507T OK @ blob:http://localhost:5173/60016785-77d1-4719-84ec-d279d7c11c87:7
[   64120ms] [LOG] [SatFilter] Using provided voltage: 772.901V @ blob:http://localhost:5173/60016785-77d1-4719-84ec-d279d7c11c87:7
[   64120ms] [LOG] [SatFilter] Core: 95 P 100/40 gapped 0.07 mm stacks=1 Ae=1425.73mm2 L=0uH Vpeak=772.901V N=4 f=100000Hz Bpeak=0.215699T Bsat=0.35T OK @ blob:http://localhost:5173/60016785-77d1-4719-84ec-d279d7c11c87:7
[   64120ms] [LOG] [SatFilter] Using provided voltage: 772.901V @ blob:http://localhost:5173/60016785-77d1-4719-84ec-d279d7c11c87:7
[   64121ms] [LOG] [SatFilter] Core: 98 P 100/40 gapped 0.07 mm stacks=1 Ae=1425.73mm2 L=0uH Vpeak=772.901V N=4 f=100000Hz Bpeak=0.215699T Bsat=0.3507T OK @ blob:http://localhost:5173/60016785-77d1-4719-84ec-d279d7c11c87:7
[   64121ms] [LOG] [SatFilter] Using provided voltage: 772.901V @ blob:http://localhost:5173/60016785-77d1-4719-84ec-d279d7c11c87:7
[   64121ms] [LOG] [SatFilter] Core: 95 E 100/60/21 gapped 0.01 mm stacks=3 Ae=1323.41mm2 L=0uH Vpeak=772.901V N=4 f=100000Hz Bpeak=0.232375T Bsat=0.35T OK @ blob:http://localhost:5173/60016785-77d1-4719-84ec-d279d7c11c87:7
[   64121ms] [LOG] [SatFilter] Using provided voltage: 772.901V @ blob:http://localhost:5173/60016785-77d1-4719-84ec-d279d7c11c87:7
[   64121ms] [LOG] [SatFilter] Core: 95 U 80/150/30 gapped 0.02 mm stacks=2 Ae=1220.64mm2 L=0uH Vpeak=772.901V N=4 f=100000Hz Bpeak=0.251939T Bsat=0.35T OK @ blob:http://localhost:5173/60016785-77d1-4719-84ec-d279d7c11c87:7
[   64122ms] [LOG] [SatFilter] Using provided voltage: 772.901V @ blob:http://localhost:5173/60016785-77d1-4719-84ec-d279d7c11c87:7
[   64122ms] [LOG] [SatFilter] Core: 95 U 80/150/30 gapped 0.02 mm stacks=2 Ae=1220.64mm2 L=0uH Vpeak=772.901V N=4 f=100000Hz Bpeak=0.251939T Bsat=0.35T OK @ blob:http://localhost:5173/60016785-77d1-4719-84ec-d279d7c11c87:7
[   64122ms] [LOG] [SatFilter] Using provided voltage: 772.901V @ blob:http://localhost:5173/60016785-77d1-4719-84ec-d279d7c11c87:7
[   64122ms] [LOG] [SatFilter] Core: 98 U 93/76/16 gapped 0.01 mm stacks=3 Ae=1727.64mm2 L=0uH Vpeak=772.901V N=4 f=100000Hz Bpeak=0.178004T Bsat=0.3507T OK @ blob:http://localhost:5173/60016785-77d1-4719-84ec-d279d7c11c87:7
[   64123ms] [LOG] [SatFilter] Using provided voltage: 772.901V @ blob:http://localhost:5173/60016785-77d1-4719-84ec-d279d7c11c87:7
[   64123ms] [LOG] [SatFilter] Core: 98 U 93/76/20 gapped 0.01 mm stacks=3 Ae=1727.64mm2 L=0uH Vpeak=772.901V N=4 f=100000Hz Bpeak=0.178004T Bsat=0.3507T OK @ blob:http://localhost:5173/60016785-77d1-4719-84ec-d279d7c11c87:7
[   64123ms] [LOG] [SatFilter] Using provided voltage: 772.901V @ blob:http://localhost:5173/60016785-77d1-4719-84ec-d279d7c11c87:7
[   64123ms] [LOG] [SatFilter] Core: 98 PM 114/93 gapped 0.06 mm stacks=1 Ae=1712.16mm2 L=0uH Vpeak=772.901V N=4 f=100000Hz Bpeak=0.179614T Bsat=0.3507T OK @ blob:http://localhost:5173/60016785-77d1-4719-84ec-d279d7c11c87:7
[   64123ms] [LOG] [SatFilter] Using provided voltage: 772.901V @ blob:http://localhost:5173/60016785-77d1-4719-84ec-d279d7c11c87:7
[   64124ms] [LOG] [SatFilter] Core: 98 U 93/76/30 gapped 0.01 mm stacks=2 Ae=1727.64mm2 L=0uH Vpeak=772.901V N=4 f=100000Hz Bpeak=0.178004T Bsat=0.3507T OK @ blob:http://localhost:5173/60016785-77d1-4719-84ec-d279d7c11c87:7
[   64124ms] [LOG] [SatFilter] Using provided voltage: 772.901V @ blob:http://localhost:5173/60016785-77d1-4719-84ec-d279d7c11c87:7
[   64124ms] [LOG] [SatFilter] Core: 95 PM 114/93 gapped 0.06 mm stacks=1 Ae=1712.16mm2 L=0uH Vpeak=772.901V N=4 f=100000Hz Bpeak=0.179614T Bsat=0.35T OK @ blob:http://localhost:5173/60016785-77d1-4719-84ec-d279d7c11c87:7
[   64124ms] [LOG] [SatFilter] Using provided voltage: 772.901V @ blob:http://localhost:5173/60016785-77d1-4719-84ec-d279d7c11c87:7
[   64124ms] [LOG] [SatFilter] Core: 98 U 100/151/30 gapped 0.01 mm stacks=2 Ae=1830mm2 L=0uH Vpeak=772.901V N=4 f=100000Hz Bpeak=0.168048T Bsat=0.3507T OK @ blob:http://localhost:5173/60016785-77d1-4719-84ec-d279d7c11c87:7
[   64125ms] [LOG] [SatFilter] Using provided voltage: 772.901V @ blob:http://localhost:5173/60016785-77d1-4719-84ec-d279d7c11c87:7
[   64125ms] [LOG] [SatFilter] Core: 95 U 93/76/30 gapped 0.01 mm stacks=2 Ae=1727.64mm2 L=0uH Vpeak=772.901V N=4 f=100000Hz Bpeak=0.178004T Bsat=0.35T OK @ blob:http://localhost:5173/60016785-77d1-4719-84ec-d279d7c11c87:7
[   64125ms] [LOG] [SatFilter] Using provided voltage: 772.901V @ blob:http://localhost:5173/60016785-77d1-4719-84ec-d279d7c11c87:7
[   64125ms] [LOG] [SatFilter] Core: 98 U 100/57/25 gapped 0.01 mm stacks=3 Ae=1807.83mm2 L=0uH Vpeak=772.901V N=4 f=100000Hz Bpeak=0.170108T Bsat=0.3507T OK @ blob:http://localhost:5173/60016785-77d1-4719-84ec-d279d7c11c87:7
[   64126ms] [LOG] [SatFilter] Using provided voltage: 772.901V @ blob:http://localhost:5173/60016785-77d1-4719-84ec-d279d7c11c87:7
[   64126ms] [LOG] [SatFilter] Core: 95 P 100/50 gapped 0.07 mm stacks=1 Ae=1411.58mm2 L=0uH Vpeak=772.901V N=4 f=100000Hz Bpeak=0.217861T Bsat=0.35T OK @ blob:http://localhost:5173/60016785-77d1-4719-84ec-d279d7c11c87:7
[   64126ms] [LOG] [SatFilter] Using provided voltage: 772.901V @ blob:http://localhost:5173/60016785-77d1-4719-84ec-d279d7c11c87:7
[   64126ms] [LOG] [SatFilter] Core: 98 U 101/76/30 gapped 0.01 mm stacks=2 Ae=1699.05mm2 L=0uH Vpeak=772.901V N=4 f=100000Hz Bpeak=0.181T Bsat=0.3507T OK @ blob:http://localhost:5173/60016785-77d1-4719-84ec-d279d7c11c87:7
[   64127ms] [LOG] [SatFilter] Using provided voltage: 772.901V @ blob:http://localhost:5173/60016785-77d1-4719-84ec-d279d7c11c87:7
[   64127ms] [LOG] [SatFilter] Core: 98 E 160/38/40 gapped 0.02 mm stacks=2 Ae=1287.13mm2 L=0uH Vpeak=772.901V N=4 f=100000Hz Bpeak=0.238926T Bsat=0.3507T OK @ blob:http://localhost:5173/60016785-77d1-4719-84ec-d279d7c11c87:7
[   64127ms] [LOG] [SatFilter] Using provided voltage: 772.901V @ blob:http://localhost:5173/60016785-77d1-4719-84ec-d279d7c11c87:7
[   64127ms] [LOG] [SatFilter] Core: 95 U 101/76/30 gapped 0.01 mm stacks=2 Ae=1699.05mm2 L=0uH Vpeak=772.901V N=4 f=100000Hz Bpeak=0.181T Bsat=0.35T OK @ blob:http://localhost:5173/60016785-77d1-4719-84ec-d279d7c11c87:7
[   64127ms] [LOG] [SatFilter] Using provided voltage: 772.901V @ blob:http://localhost:5173/60016785-77d1-4719-84ec-d279d7c11c87:7
[   64128ms] [LOG] [SatFilter] Core: 95 E 160/38/40 gapped 0.02 mm stacks=2 Ae=1287.13mm2 L=0uH Vpeak=772.901V N=4 f=100000Hz Bpeak=0.238926T Bsat=0.35T OK @ blob:http://localhost:5173/60016785-77d1-4719-84ec-d279d7c11c87:7
[   64128ms] [LOG] [SatFilter] Using provided voltage: 772.901V @ blob:http://localhost:5173/60016785-77d1-4719-84ec-d279d7c11c87:7
[   64128ms] [LOG] [SatFilter] Core: 95 E 155/77/47 gapped 0.06 mm stacks=1 Ae=1797.41mm2 L=0uH Vpeak=772.901V N=4 f=100000Hz Bpeak=0.171095T Bsat=0.35T OK @ blob:http://localhost:5173/60016785-77d1-4719-84ec-d279d7c11c87:7
[   64128ms] [LOG] [SatFilter] Using provided voltage: 772.901V @ blob:http://localhost:5173/60016785-77d1-4719-84ec-d279d7c11c87:7
[   64128ms] [LOG] [SatFilter] Core: 98 E 155/77/47 gapped 0.06 mm stacks=1 Ae=1797.41mm2 L=0uH Vpeak=772.901V N=4 f=100000Hz Bpeak=0.171095T Bsat=0.3507T OK @ blob:http://localhost:5173/60016785-77d1-4719-84ec-d279d7c11c87:7
[   64129ms] [LOG] [CoreAdviser] After Saturation: 233 @ blob:http://localhost:5173/60016785-77d1-4719-84ec-d279d7c11c87:7
[   64140ms] [LOG] [CoreAdviser] After Losses: 233 @ blob:http://localhost:5173/60016785-77d1-4719-84ec-d279d7c11c87:7
[  135931ms] [ERROR] Error calculating advising magnetics @ debugger eval code line 302 > eval:26
[  135931ms] [ERROR] Error @ debugger eval code line 302 > eval:26
