[      25ms] [LOG] localhost @ http://localhost:5173/wizards:10
[      25ms] [LOG] localhost @ http://localhost:5173/wizards:25
[     156ms] [LOG] [StoreVersioning] Current version date: 2026-03-07 @ http://localhost:5173/src/stores/storeVersioning.js:66
[     157ms] [LOG] [StoreVersioning] Stored version date: 2026-03-07 @ http://localhost:5173/src/stores/storeVersioning.js:67
[     157ms] [LOG] [StoreVersioning] Stores are up to date, no clearing needed. @ http://localhost:5173/src/stores/storeVersioning.js:89
[     164ms] [WARNING] Initializing MKF in Web Worker (fresh)... @ http://localhost:5173/src/main.js?t=1776081402461:156
[     164ms] [WARNING] Loading core materials in backend @ http://localhost:5173/src/main.js?t=1776081402461:164
[     204ms] [LOG] [MKF Worker] Loading WASM from: /wasm/libMKF.wasm.js?v=2026-03-07 @ http://localhost:5173/WebSharedComponents/assets/js/mkfWorker.js?worker_file&type=module:113
[     597ms] [WARNING] [JavaScript Warning: "The WebAssembly exception handling 'try' instruction is deprecated and should no longer be used. Please recompile to use the 'try_table' instruction instead."] @ :0
[     609ms] [WARNING] Loading core materials in simulator @ http://localhost:5173/src/main.js?t=1776081402461:197
[     609ms] [WARNING] Loading core shapes in simulator @ http://localhost:5173/src/main.js?t=1776081402461:200
[     609ms] [WARNING] Loading wires in simulator @ http://localhost:5173/src/main.js?t=1776081402461:203
[    6709ms] [LOG] Core materials loaded @ http://localhost:5173/src/main.js?t=1776081402461:198
[    7133ms] [LOG] Core shapes loaded @ http://localhost:5173/src/main.js?t=1776081402461:201
[   17620ms] [LOG] Wires loaded @ http://localhost:5173/src/main.js?t=1776081402461:204
[   17620ms] [WARNING] All data loaded @ http://localhost:5173/src/main.js?t=1776081402461:213
[   17620ms] [WARNING] Initializing model settings... @ http://localhost:5173/src/main.js?t=1776081402461:216
[   17628ms] [WARNING] Model settings initialized @ http://localhost:5173/src/main.js?t=1776081402461:219
[   17659ms] [WARNING] [JavaScript Warning: "unreachable code after return statement" {file: "http://localhost:5173/src/components/Wizards/PsfbWizard.vue" line: 79}] @ http://localhost:5173/src/components/Wizards/PsfbWizard.vue:79
[   17730ms] [LOG] [StateStore] resimulate() called - triggering action subscribers @ http://localhost:5173/src/stores/state.js:393
[   17730ms] [LOG] [StateStore] Stored pending simulation models: JSHandle@object @ http://localhost:5173/src/stores/state.js:396
[   48332ms] [LOG] Generating SPICE code for LLC Resonant Converter... @ http://localhost:5173/src/components/Wizards/ConverterWizardBase.vue:869
[   48335ms] [LOG] [generateSpiceCode] Topology: LLC Resonant Converter @ http://localhost:5173/src/stores/taskQueue.js:1096
[   48335ms] [LOG] [generateSpiceCode] MKF available functions: Array @ http://localhost:5173/src/stores/taskQueue.js:1097
[   48335ms] [LOG] [generateSpiceCode] Mapped to function: generate_llc_ngspice_circuit @ http://localhost:5173/src/stores/taskQueue.js:1118
[   48336ms] [LOG] [generateSpiceCode] Function exists on mkf: false @ http://localhost:5173/src/stores/taskQueue.js:1119
[   48336ms] [LOG] [generateSpiceCode] mkf[wasmFunction] truthy: true @ http://localhost:5173/src/stores/taskQueue.js:1120
[   75163ms] [LOG] 🔍 [calculateLlcInputs] WASM returns: JSHandle@object @ http://localhost:5173/src/stores/taskQueue.js:1311
[   75163ms] [LOG] 🔍 [executeWaveformAction] Analytical result from WASM: JSHandle@object @ http://localhost:5173/src/components/Wizards/ConverterWizardBase.vue:217
[   75164ms] [LOG] 🔍 [processAnalyticalWaveforms] Raw WASM data: JSHandle@object @ http://localhost:5173/src/components/Wizards/ConverterWizardBase.vue:407
[   75164ms] [LOG] 🔍 [processAnalyticalWaveforms] Built waveforms: JSHandle@object @ http://localhost:5173/src/components/Wizards/ConverterWizardBase.vue:419
[   75374ms] [WARNING] [ECharts] Instance ec_1776081976702 has been disposed @ http://localhost:5173/node_modules/.vite/deps/chunk-ZX4CHBCZ.js?v=c88a114d:615
[   75374ms] [WARNING] [ECharts] Instance ec_1776081976703 has been disposed @ http://localhost:5173/node_modules/.vite/deps/chunk-ZX4CHBCZ.js?v=c88a114d:615
[   75374ms] [WARNING] [ECharts] Instance ec_1776081976704 has been disposed @ http://localhost:5173/node_modules/.vite/deps/chunk-ZX4CHBCZ.js?v=c88a114d:615
[   91312ms] [LOG] 🔍 [calculateLlcInputs] WASM returns: JSHandle@object @ http://localhost:5173/src/stores/taskQueue.js:1311
[   91312ms] [LOG] 🔍 [executeWaveformAction] Analytical result from WASM: JSHandle@object @ http://localhost:5173/src/components/Wizards/ConverterWizardBase.vue:217
[   91312ms] [LOG] 🔍 [processAnalyticalWaveforms] Raw WASM data: JSHandle@object @ http://localhost:5173/src/components/Wizards/ConverterWizardBase.vue:407
[   91312ms] [LOG] 🔍 [processAnalyticalWaveforms] Built waveforms: JSHandle@object @ http://localhost:5173/src/components/Wizards/ConverterWizardBase.vue:419
[   91508ms] [WARNING] [ECharts] Instance ec_1776081976708 has been disposed @ http://localhost:5173/node_modules/.vite/deps/chunk-ZX4CHBCZ.js?v=c88a114d:615
[   91508ms] [WARNING] [ECharts] Instance ec_1776081976709 has been disposed @ http://localhost:5173/node_modules/.vite/deps/chunk-ZX4CHBCZ.js?v=c88a114d:615
[   91508ms] [WARNING] [ECharts] Instance ec_1776081976710 has been disposed @ http://localhost:5173/node_modules/.vite/deps/chunk-ZX4CHBCZ.js?v=c88a114d:615
[  235262ms] [LOG] 🔍 [simulateLlcIdealWaveforms] WASM returns: JSHandle@object @ http://localhost:5173/src/stores/taskQueue.js:1334
[  235265ms] [LOG] 🔍 [executeWaveformAction] Simulation result from WASM: JSHandle@object @ http://localhost:5173/src/components/Wizards/ConverterWizardBase.vue:228
[  236003ms] [WARNING] [ECharts] Instance ec_1776081976714 has been disposed @ http://localhost:5173/node_modules/.vite/deps/chunk-ZX4CHBCZ.js?v=c88a114d:615
[  236003ms] [WARNING] [ECharts] Instance ec_1776081976715 has been disposed @ http://localhost:5173/node_modules/.vite/deps/chunk-ZX4CHBCZ.js?v=c88a114d:615
[  236003ms] [WARNING] [ECharts] Instance ec_1776081976716 has been disposed @ http://localhost:5173/node_modules/.vite/deps/chunk-ZX4CHBCZ.js?v=c88a114d:615
[  767386ms] [LOG] [vite] server connection lost. Polling for restart... @ http://localhost:5173/@vite/client:864
[  807177ms] [LOG] localhost @ http://localhost:5173/wizards:10
[  807179ms] [LOG] localhost @ http://localhost:5173/wizards:25
[  807868ms] [LOG] [StoreVersioning] Current version date: 2026-03-07 @ http://localhost:5173/src/stores/storeVersioning.js:66
[  807870ms] [LOG] [StoreVersioning] Stored version date: 2026-03-07 @ http://localhost:5173/src/stores/storeVersioning.js:67
[  807870ms] [LOG] [StoreVersioning] Stores are up to date, no clearing needed. @ http://localhost:5173/src/stores/storeVersioning.js:89
[  807888ms] [WARNING] Initializing MKF in Web Worker (fresh)... @ http://localhost:5173/src/main.js:156
[  807902ms] [WARNING] Loading core materials in backend @ http://localhost:5173/src/main.js:164
[  808129ms] [LOG] [MKF Worker] Loading WASM from: /wasm/libMKF.wasm.js?v=2026-03-07 @ http://localhost:5173/WebSharedComponents/assets/js/mkfWorker.js?worker_file&type=module:113
[  809322ms] [WARNING] [JavaScript Warning: "The WebAssembly exception handling 'try' instruction is deprecated and should no longer be used. Please recompile to use the 'try_table' instruction instead."] @ :0
[  809349ms] [WARNING] Loading core materials in simulator @ http://localhost:5173/src/main.js:197
[  809350ms] [WARNING] Loading core shapes in simulator @ http://localhost:5173/src/main.js:200
[  809350ms] [WARNING] Loading wires in simulator @ http://localhost:5173/src/main.js:203
[  816421ms] [LOG] Core materials loaded @ http://localhost:5173/src/main.js:198
[  816902ms] [LOG] Core shapes loaded @ http://localhost:5173/src/main.js:201
[  828506ms] [LOG] Wires loaded @ http://localhost:5173/src/main.js:204
[  828511ms] [WARNING] All data loaded @ http://localhost:5173/src/main.js:213
[  828511ms] [WARNING] Initializing model settings... @ http://localhost:5173/src/main.js:216
[  828516ms] [WARNING] Model settings initialized @ http://localhost:5173/src/main.js:219
[  828617ms] [LOG] [StateStore] resimulate() called - triggering action subscribers @ http://localhost:5173/src/stores/state.js:393
[  828618ms] [LOG] [StateStore] Stored pending simulation models: JSHandle@object @ http://localhost:5173/src/stores/state.js:396
[  828763ms] [WARNING] [JavaScript Warning: "unreachable code after return statement" {file: "http://localhost:5173/src/components/Wizards/PsfbWizard.vue" line: 79}] @ http://localhost:5173/src/components/Wizards/PsfbWizard.vue:79
