[      82ms] [LOG] localhost @ http://localhost:5173/wizards:10
[      86ms] [LOG] localhost @ http://localhost:5173/wizards:25
[     331ms] [LOG] [StoreVersioning] Current version date: 2026-03-07 @ http://localhost:5173/src/stores/storeVersioning.js:66
[     331ms] [LOG] [StoreVersioning] Stored version date: 2026-03-07 @ http://localhost:5173/src/stores/storeVersioning.js:67
[     332ms] [LOG] [StoreVersioning] Stores are up to date, no clearing needed. @ http://localhost:5173/src/stores/storeVersioning.js:89
[     341ms] [WARNING] Initializing MKF in Web Worker (fresh)... @ http://localhost:5173/src/main.js?t=1776018310281:156
[     343ms] [WARNING] Loading core materials in backend @ http://localhost:5173/src/main.js?t=1776018310281:164
[     477ms] [LOG] [MKF Worker] Loading WASM from: /wasm/libMKF.wasm.js?v=2026-03-07 @ http://localhost:5173/WebSharedComponents/assets/js/mkfWorker.js?worker_file&type=module:113
[    1286ms] [WARNING] [JavaScript Warning: "The WebAssembly exception handling 'try' instruction is deprecated and should no longer be used. Please recompile to use the 'try_table' instruction instead."] @ :0
[    1302ms] [WARNING] Loading core materials in simulator @ http://localhost:5173/src/main.js?t=1776018310281:197
[    1302ms] [WARNING] Loading core shapes in simulator @ http://localhost:5173/src/main.js?t=1776018310281:200
[    1302ms] [WARNING] Loading wires in simulator @ http://localhost:5173/src/main.js?t=1776018310281:203
[    7737ms] [LOG] Core materials loaded @ http://localhost:5173/src/main.js?t=1776018310281:198
[    8190ms] [LOG] Core shapes loaded @ http://localhost:5173/src/main.js?t=1776018310281:201
[   19041ms] [LOG] Wires loaded @ http://localhost:5173/src/main.js?t=1776018310281:204
[   19042ms] [WARNING] All data loaded @ http://localhost:5173/src/main.js?t=1776018310281:213
[   19042ms] [WARNING] Initializing model settings... @ http://localhost:5173/src/main.js?t=1776018310281:216
[   19049ms] [WARNING] Model settings initialized @ http://localhost:5173/src/main.js?t=1776018310281:219
[   19116ms] [WARNING] [JavaScript Warning: "unreachable code after return statement" {file: "http://localhost:5173/src/components/Wizards/PsfbWizard.vue?t=1776018171279" line: 79}] @ http://localhost:5173/src/components/Wizards/PsfbWizard.vue?t=1776018171279:79
[   19159ms] [LOG] [StateStore] resimulate() called - triggering action subscribers @ http://localhost:5173/src/stores/state.js?t=1775947585724:393
[   19160ms] [LOG] [StateStore] Stored pending simulation models: JSHandle@object @ http://localhost:5173/src/stores/state.js?t=1775947585724:396
[   40894ms] [LOG] 🔍 [calculateLlcInputs] WASM returns: JSHandle@object @ http://localhost:5173/src/stores/taskQueue.js?t=1775943862989:1311
[   40894ms] [LOG] 🔍 [executeWaveformAction] Analytical result from WASM: JSHandle@object @ http://localhost:5173/src/components/Wizards/ConverterWizardBase.vue?t=1776018171279:217
[   40894ms] [LOG] 🔍 [processAnalyticalWaveforms] Raw WASM data: JSHandle@object @ http://localhost:5173/src/components/Wizards/ConverterWizardBase.vue?t=1776018171279:407
[   40895ms] [LOG] 🔍 [processAnalyticalWaveforms] Built waveforms: JSHandle@object @ http://localhost:5173/src/components/Wizards/ConverterWizardBase.vue?t=1776018171279:419
[   41137ms] [WARNING] [ECharts] Instance ec_1776018444876 has been disposed @ http://localhost:5173/node_modules/.vite/deps/chunk-ZX4CHBCZ.js?v=c88a114d:615
[   41137ms] [WARNING] [ECharts] Instance ec_1776018444877 has been disposed @ http://localhost:5173/node_modules/.vite/deps/chunk-ZX4CHBCZ.js?v=c88a114d:615
[   41137ms] [WARNING] [ECharts] Instance ec_1776018444878 has been disposed @ http://localhost:5173/node_modules/.vite/deps/chunk-ZX4CHBCZ.js?v=c88a114d:615
[   75357ms] [LOG] 🔍 [calculateLlcInputs] WASM returns: JSHandle@object @ http://localhost:5173/src/stores/taskQueue.js?t=1775943862989:1311
[  135377ms] [LOG] 🔍 [simulateLlcIdealWaveforms] WASM returns: JSHandle@object @ http://localhost:5173/src/stores/taskQueue.js?t=1775943862989:1334
[  226737ms] [LOG] 🔍 [simulateLlcIdealWaveforms] WASM returns: JSHandle@object @ http://localhost:5173/src/stores/taskQueue.js?t=1775943862989:1334
