[     158ms] [LOG] [StoreVersioning] Current version date: 2026-04-17-dab-d3 @ http://localhost:5173/src/stores/storeVersioning.js:66
[     159ms] [LOG] [StoreVersioning] Stored version date: 2026-04-17-dab-d3 @ http://localhost:5173/src/stores/storeVersioning.js:67
[     159ms] [LOG] [StoreVersioning] Stores are up to date, no clearing needed. @ http://localhost:5173/src/stores/storeVersioning.js:89
[     160ms] [WARNING] [Vue Router warn]: No match found for location with path "/magnetic-builder" @ http://localhost:5173/node_modules/.vite/deps/vue-router.js?v=89eb77fd:206
[     167ms] [WARNING] Initializing MKF in Web Worker (fresh)... @ http://localhost:5173/src/main.js?t=1776454868508:156
[     168ms] [WARNING] Loading core materials in backend @ http://localhost:5173/src/main.js?t=1776454868508:164
[     248ms] [LOG] [MKF Worker] Loading WASM from: /wasm/libMKF.wasm.js?v=2026-04-17-dab-d3 @ http://localhost:5173/WebSharedComponents/assets/js/mkfWorker.js?worker_file&type=module:113
[     743ms] [WARNING] [JavaScript Warning: "The WebAssembly exception handling 'try' instruction is deprecated and should no longer be used. Please recompile to use the 'try_table' instruction instead."] @ :0
[     760ms] [WARNING] Loading core materials in simulator @ http://localhost:5173/src/main.js?t=1776454868508:197
[     761ms] [WARNING] Loading core shapes in simulator @ http://localhost:5173/src/main.js?t=1776454868508:200
[     761ms] [WARNING] Loading wires in simulator @ http://localhost:5173/src/main.js?t=1776454868508:203
[    8315ms] [LOG] Core materials loaded @ http://localhost:5173/src/main.js?t=1776454868508:198
[    8738ms] [LOG] Core shapes loaded @ http://localhost:5173/src/main.js?t=1776454868508:201
[   22055ms] [LOG] Wires loaded @ http://localhost:5173/src/main.js?t=1776454868508:204
[   22055ms] [WARNING] All data loaded @ http://localhost:5173/src/main.js?t=1776454868508:213
[   22055ms] [WARNING] Initializing model settings... @ http://localhost:5173/src/main.js?t=1776454868508:216
[   22063ms] [WARNING] Model settings initialized @ http://localhost:5173/src/main.js?t=1776454868508:219
[   22064ms] [WARNING] [Vue Router warn]: No match found for location with path "/magnetic-builder" @ http://localhost:5173/node_modules/.vite/deps/vue-router.js?v=89eb77fd:206
[   22169ms] [LOG] [StateStore] resimulate() called - triggering action subscribers @ http://localhost:5173/src/stores/state.js:393
[   22169ms] [LOG] [StateStore] Stored pending simulation models: JSHandle@object @ http://localhost:5173/src/stores/state.js:396
