[      77ms] [LOG] localhost @ http://localhost:5173/:10
[      78ms] [LOG] localhost @ http://localhost:5173/:25
[     269ms] [LOG] [StoreVersioning] Current version date: 2026-04-15 @ http://localhost:5173/src/stores/storeVersioning.js?t=1776208382740:66
[     269ms] [LOG] [StoreVersioning] Stored version date: 2026-03-07 @ http://localhost:5173/src/stores/storeVersioning.js?t=1776208382740:67
[     269ms] [LOG] [StoreVersioning] Stored version (2026-03-07) is older than required (2026-04-15) @ http://localhost:5173/src/stores/storeVersioning.js?t=1776208382740:83
[     270ms] [LOG] [StoreVersioning] Clearing all persistent stores due to version update... @ http://localhost:5173/src/stores/storeVersioning.js?t=1776208382740:35
[     270ms] [LOG] [StoreVersioning] Cleared store: adviseCache @ http://localhost:5173/src/stores/storeVersioning.js?t=1776208382740:40
[     270ms] [LOG] [StoreVersioning] Cleared store: mas @ http://localhost:5173/src/stores/storeVersioning.js?t=1776208382740:40
[     270ms] [LOG] [StoreVersioning] Cleared store: settings @ http://localhost:5173/src/stores/storeVersioning.js?t=1776208382740:40
[     270ms] [LOG] [StoreVersioning] Cleared store: state @ http://localhost:5173/src/stores/storeVersioning.js?t=1776208382740:40
[     271ms] [LOG] [StoreVersioning] Cleared store: user @ http://localhost:5173/src/stores/storeVersioning.js?t=1776208382740:40
[     271ms] [LOG] [StoreVersioning] All persistent stores cleared. @ http://localhost:5173/src/stores/storeVersioning.js?t=1776208382740:44
[     271ms] [LOG] [StoreVersioning] Updated store version date to: 2026-04-15 @ http://localhost:5173/src/stores/storeVersioning.js?t=1776208382740:52
[     276ms] [WARNING] Preloading MKF from home page... @ http://localhost:5173/src/main.js?t=1776287818034:60
[     329ms] [LOG] [MKF Worker] Loading WASM from: /wasm/libMKF.wasm.js?v=2026-04-15 @ http://localhost:5173/WebSharedComponents/assets/js/mkfWorker.js?worker_file&type=module:113
[     869ms] [WARNING] [JavaScript Warning: "The WebAssembly exception handling 'try' instruction is deprecated and should no longer be used. Please recompile to use the 'try_table' instruction instead."] @ :0
[     870ms] [WARNING] [MAIN] Preload: Loading core materials, shapes and wires... @ http://localhost:5173/src/main.js?t=1776287818034:71
[   11867ms] [WARNING] [JavaScript Warning: "Content-Security-Policy: Ignoring “'report-sample'” within script-src: ‘strict-dynamic’ specified" {file: "https://www.google.com/search?client=firefox-b-d&q=for+4%2C+http%3A%2F%2Flocalhost%3A5173" line: 0}] @ https://www.google.com/search?client=firefox-b-d&q=for+4%2C+http%3A%2F%2Flocalhost%3A5173:0
[   11868ms] [WARNING] [JavaScript Warning: "Content-Security-Policy: Ignoring “'unsafe-inline'” within script-src: ‘strict-dynamic’ specified" {file: "https://www.google.com/search?client=firefox-b-d&q=for+4%2C+http%3A%2F%2Flocalhost%3A5173" line: 0}] @ https://www.google.com/search?client=firefox-b-d&q=for+4%2C+http%3A%2F%2Flocalhost%3A5173:0
[   11869ms] [WARNING] [JavaScript Warning: "Content-Security-Policy: Ignoring “https:” within script-src: ‘strict-dynamic’ specified" {file: "https://www.google.com/search?client=firefox-b-d&q=for+4%2C+http%3A%2F%2Flocalhost%3A5173" line: 0}] @ https://www.google.com/search?client=firefox-b-d&q=for+4%2C+http%3A%2F%2Flocalhost%3A5173:0
[   11871ms] [WARNING] [JavaScript Warning: "Content-Security-Policy: Ignoring “http:” within script-src: ‘strict-dynamic’ specified" {file: "https://www.google.com/search?client=firefox-b-d&q=for+4%2C+http%3A%2F%2Flocalhost%3A5173" line: 0}] @ https://www.google.com/search?client=firefox-b-d&q=for+4%2C+http%3A%2F%2Flocalhost%3A5173:0
[   11871ms] [WARNING] [JavaScript Warning: "Content-Security-Policy: Ignoring “'unsafe-inline'” within script-src: nonce-source or hash-source specified" {file: "https://www.google.com/search?client=firefox-b-d&q=for+4%2C+http%3A%2F%2Flocalhost%3A5173" line: 0}] @ https://www.google.com/search?client=firefox-b-d&q=for+4%2C+http%3A%2F%2Flocalhost%3A5173:0
[   11882ms] [WARNING] [JavaScript Warning: "unreachable code after return statement" {file: "https://www.google.com/search?client=firefox-b-d&q=for+4%2C+http%3A%2F%2Flocalhost%3A5173" line: 4718}] @ https://www.google.com/search?client=firefox-b-d&q=for+4%2C+http%3A%2F%2Flocalhost%3A5173:4718
[   11882ms] [WARNING] [JavaScript Warning: "unreachable code after return statement" {file: "https://www.google.com/search?client=firefox-b-d&q=for+4%2C+http%3A%2F%2Flocalhost%3A5173" line: 4718}] @ https://www.google.com/search?client=firefox-b-d&q=for+4%2C+http%3A%2F%2Flocalhost%3A5173:4718
[   11882ms] [WARNING] [JavaScript Warning: "unreachable code after return statement" {file: "https://www.google.com/search?client=firefox-b-d&q=for+4%2C+http%3A%2F%2Flocalhost%3A5173" line: 4718}] @ https://www.google.com/search?client=firefox-b-d&q=for+4%2C+http%3A%2F%2Flocalhost%3A5173:4718
[   11882ms] [WARNING] [JavaScript Warning: "unreachable code after return statement" {file: "https://www.google.com/search?client=firefox-b-d&q=for+4%2C+http%3A%2F%2Flocalhost%3A5173" line: 4718}] @ https://www.google.com/search?client=firefox-b-d&q=for+4%2C+http%3A%2F%2Flocalhost%3A5173:4718
[   11882ms] [WARNING] [JavaScript Warning: "unreachable code after return statement" {file: "https://www.google.com/search?client=firefox-b-d&q=for+4%2C+http%3A%2F%2Flocalhost%3A5173" line: 4718}] @ https://www.google.com/search?client=firefox-b-d&q=for+4%2C+http%3A%2F%2Flocalhost%3A5173:4718
[   11883ms] [WARNING] [JavaScript Warning: "unreachable code after return statement" {file: "https://www.google.com/search?client=firefox-b-d&q=for+4%2C+http%3A%2F%2Flocalhost%3A5173" line: 4718}] @ https://www.google.com/search?client=firefox-b-d&q=for+4%2C+http%3A%2F%2Flocalhost%3A5173:4718
[   11883ms] [WARNING] [JavaScript Warning: "unreachable code after return statement" {file: "https://www.google.com/search?client=firefox-b-d&q=for+4%2C+http%3A%2F%2Flocalhost%3A5173" line: 4718}] @ https://www.google.com/search?client=firefox-b-d&q=for+4%2C+http%3A%2F%2Flocalhost%3A5173:4718
[   11883ms] [WARNING] [JavaScript Warning: "unreachable code after return statement" {file: "https://www.google.com/search?client=firefox-b-d&q=for+4%2C+http%3A%2F%2Flocalhost%3A5173" line: 4718}] @ https://www.google.com/search?client=firefox-b-d&q=for+4%2C+http%3A%2F%2Flocalhost%3A5173:4718
[   11883ms] [WARNING] [JavaScript Warning: "unreachable code after return statement" {file: "https://www.google.com/search?client=firefox-b-d&q=for+4%2C+http%3A%2F%2Flocalhost%3A5173" line: 4718}] @ https://www.google.com/search?client=firefox-b-d&q=for+4%2C+http%3A%2F%2Flocalhost%3A5173:4718
[   11883ms] [WARNING] [JavaScript Warning: "unreachable code after return statement" {file: "https://www.google.com/search?client=firefox-b-d&q=for+4%2C+http%3A%2F%2Flocalhost%3A5173" line: 4718}] @ https://www.google.com/search?client=firefox-b-d&q=for+4%2C+http%3A%2F%2Flocalhost%3A5173:4718
[   11883ms] [WARNING] [JavaScript Warning: "unreachable code after return statement" {file: "https://www.google.com/search?client=firefox-b-d&q=for+4%2C+http%3A%2F%2Flocalhost%3A5173" line: 4718}] @ https://www.google.com/search?client=firefox-b-d&q=for+4%2C+http%3A%2F%2Flocalhost%3A5173:4718
[   11953ms] [WARNING] [JavaScript Warning: "unreachable code after return statement" {file: "https://www.google.com/search?client=firefox-b-d&q=for+4%2C+http%3A%2F%2Flocalhost%3A5173 line 2 > eval" line: 4718}] @ https://www.google.com/search?client=firefox-b-d&q=for+4%2C+http%3A%2F%2Flocalhost%3A5173 line 2 > eval:4718
[   11953ms] [WARNING] [JavaScript Warning: "unreachable code after return statement" {file: "https://www.google.com/search?client=firefox-b-d&q=for+4%2C+http%3A%2F%2Flocalhost%3A5173 line 2 > eval" line: 4718}] @ https://www.google.com/search?client=firefox-b-d&q=for+4%2C+http%3A%2F%2Flocalhost%3A5173 line 2 > eval:4718
[   11953ms] [WARNING] [JavaScript Warning: "unreachable code after return statement" {file: "https://www.google.com/search?client=firefox-b-d&q=for+4%2C+http%3A%2F%2Flocalhost%3A5173 line 2 > eval" line: 4718}] @ https://www.google.com/search?client=firefox-b-d&q=for+4%2C+http%3A%2F%2Flocalhost%3A5173 line 2 > eval:4718
[   11953ms] [WARNING] [JavaScript Warning: "unreachable code after return statement" {file: "https://www.google.com/search?client=firefox-b-d&q=for+4%2C+http%3A%2F%2Flocalhost%3A5173 line 2 > eval" line: 4718}] @ https://www.google.com/search?client=firefox-b-d&q=for+4%2C+http%3A%2F%2Flocalhost%3A5173 line 2 > eval:4718
[   11954ms] [WARNING] [JavaScript Warning: "unreachable code after return statement" {file: "https://www.google.com/search?client=firefox-b-d&q=for+4%2C+http%3A%2F%2Flocalhost%3A5173 line 2 > eval" line: 4718}] @ https://www.google.com/search?client=firefox-b-d&q=for+4%2C+http%3A%2F%2Flocalhost%3A5173 line 2 > eval:4718
[   11954ms] [WARNING] [JavaScript Warning: "unreachable code after return statement" {file: "https://www.google.com/search?client=firefox-b-d&q=for+4%2C+http%3A%2F%2Flocalhost%3A5173 line 2 > eval" line: 1}] @ https://www.google.com/search?client=firefox-b-d&q=for+4%2C+http%3A%2F%2Flocalhost%3A5173 line 2 > eval:1
[   11954ms] [WARNING] [JavaScript Warning: "unreachable code after return statement" {file: "https://www.google.com/search?client=firefox-b-d&q=for+4%2C+http%3A%2F%2Flocalhost%3A5173 line 2 > eval line 4718 > eval" line: 1}] @ https://www.google.com/search?client=firefox-b-d&q=for+4%2C+http%3A%2F%2Flocalhost%3A5173 line 2 > eval line 4718 > eval:1
[   11954ms] [WARNING] [JavaScript Warning: "unreachable code after return statement" {file: "https://www.google.com/search?client=firefox-b-d&q=for+4%2C+http%3A%2F%2Flocalhost%3A5173 line 2 > eval" line: 1}] @ https://www.google.com/search?client=firefox-b-d&q=for+4%2C+http%3A%2F%2Flocalhost%3A5173 line 2 > eval:1
[   11954ms] [WARNING] [JavaScript Warning: "unreachable code after return statement" {file: "https://www.google.com/search?client=firefox-b-d&q=for+4%2C+http%3A%2F%2Flocalhost%3A5173 line 2 > eval line 4718 > eval" line: 1}] @ https://www.google.com/search?client=firefox-b-d&q=for+4%2C+http%3A%2F%2Flocalhost%3A5173 line 2 > eval line 4718 > eval:1
[   11954ms] [WARNING] [JavaScript Warning: "unreachable code after return statement" {file: "https://www.google.com/search?client=firefox-b-d&q=for+4%2C+http%3A%2F%2Flocalhost%3A5173 line 2 > eval" line: 1}] @ https://www.google.com/search?client=firefox-b-d&q=for+4%2C+http%3A%2F%2Flocalhost%3A5173 line 2 > eval:1
[   11955ms] [WARNING] [JavaScript Warning: "unreachable code after return statement" {file: "https://www.google.com/search?client=firefox-b-d&q=for+4%2C+http%3A%2F%2Flocalhost%3A5173 line 2 > eval line 4718 > eval" line: 1}] @ https://www.google.com/search?client=firefox-b-d&q=for+4%2C+http%3A%2F%2Flocalhost%3A5173 line 2 > eval line 4718 > eval:1
[   11955ms] [WARNING] [JavaScript Warning: "unreachable code after return statement" {file: "https://www.google.com/search?client=firefox-b-d&q=for+4%2C+http%3A%2F%2Flocalhost%3A5173 line 2 > eval line 4718 > eval" line: 1}] @ https://www.google.com/search?client=firefox-b-d&q=for+4%2C+http%3A%2F%2Flocalhost%3A5173 line 2 > eval line 4718 > eval:1
[   11955ms] [WARNING] [JavaScript Warning: "unreachable code after return statement" {file: "https://www.google.com/search?client=firefox-b-d&q=for+4%2C+http%3A%2F%2Flocalhost%3A5173 line 2 > eval line 4718 > eval line 1 > eval" line: 1}] @ https://www.google.com/search?client=firefox-b-d&q=for+4%2C+http%3A%2F%2Flocalhost%3A5173 line 2 > eval line 4718 > eval line 1 > eval:1
[   11955ms] [WARNING] [JavaScript Warning: "unreachable code after return statement" {file: "https://www.google.com/search?client=firefox-b-d&q=for+4%2C+http%3A%2F%2Flocalhost%3A5173 line 2 > eval" line: 4718}] @ https://www.google.com/search?client=firefox-b-d&q=for+4%2C+http%3A%2F%2Flocalhost%3A5173 line 2 > eval:4718
[   11955ms] [WARNING] [JavaScript Warning: "unreachable code after return statement" {file: "https://www.google.com/search?client=firefox-b-d&q=for+4%2C+http%3A%2F%2Flocalhost%3A5173 line 2 > eval" line: 4718}] @ https://www.google.com/search?client=firefox-b-d&q=for+4%2C+http%3A%2F%2Flocalhost%3A5173 line 2 > eval:4718
[   11955ms] [WARNING] [JavaScript Warning: "unreachable code after return statement" {file: "https://www.google.com/search?client=firefox-b-d&q=for+4%2C+http%3A%2F%2Flocalhost%3A5173 line 2 > eval" line: 4718}] @ https://www.google.com/search?client=firefox-b-d&q=for+4%2C+http%3A%2F%2Flocalhost%3A5173 line 2 > eval:4718
[   11955ms] [WARNING] [JavaScript Warning: "unreachable code after return statement" {file: "https://www.google.com/search?client=firefox-b-d&q=for+4%2C+http%3A%2F%2Flocalhost%3A5173 line 2 > eval" line: 4718}] @ https://www.google.com/search?client=firefox-b-d&q=for+4%2C+http%3A%2F%2Flocalhost%3A5173 line 2 > eval:4718
[   11956ms] [WARNING] [JavaScript Warning: "unreachable code after return statement" {file: "https://www.google.com/search?client=firefox-b-d&q=for+4%2C+http%3A%2F%2Flocalhost%3A5173 line 2 > eval" line: 4718}] @ https://www.google.com/search?client=firefox-b-d&q=for+4%2C+http%3A%2F%2Flocalhost%3A5173 line 2 > eval:4718
[   11956ms] [WARNING] [JavaScript Warning: "unreachable code after return statement" {file: "https://www.google.com/search?client=firefox-b-d&q=for+4%2C+http%3A%2F%2Flocalhost%3A5173 line 2 > eval line 4718 > eval line 1 > eval" line: 1}] @ https://www.google.com/search?client=firefox-b-d&q=for+4%2C+http%3A%2F%2Flocalhost%3A5173 line 2 > eval line 4718 > eval line 1 > eval:1
[   11956ms] [WARNING] [JavaScript Warning: "unreachable code after return statement" {file: "https://www.google.com/search?client=firefox-b-d&q=for+4%2C+http%3A%2F%2Flocalhost%3A5173 line 2 > eval line 4718 > eval line 1 > eval" line: 1}] @ https://www.google.com/search?client=firefox-b-d&q=for+4%2C+http%3A%2F%2Flocalhost%3A5173 line 2 > eval line 4718 > eval line 1 > eval:1
[   11956ms] [WARNING] [JavaScript Warning: "unreachable code after return statement" {file: "https://www.google.com/search?client=firefox-b-d&q=for+4%2C+http%3A%2F%2Flocalhost%3A5173 line 2 > eval line 4718 > eval line 1 > eval" line: 1}] @ https://www.google.com/search?client=firefox-b-d&q=for+4%2C+http%3A%2F%2Flocalhost%3A5173 line 2 > eval line 4718 > eval line 1 > eval:1
[   11956ms] [WARNING] [JavaScript Warning: "unreachable code after return statement" {file: "https://www.google.com/search?client=firefox-b-d&q=for+4%2C+http%3A%2F%2Flocalhost%3A5173 line 2 > eval line 4718 > eval line 1 > eval" line: 1}] @ https://www.google.com/search?client=firefox-b-d&q=for+4%2C+http%3A%2F%2Flocalhost%3A5173 line 2 > eval line 4718 > eval line 1 > eval:1
[   11956ms] [WARNING] [JavaScript Warning: "unreachable code after return statement" {file: "https://www.google.com/search?client=firefox-b-d&q=for+4%2C+http%3A%2F%2Flocalhost%3A5173 line 2 > eval line 4718 > eval line 1 > eval" line: 1}] @ https://www.google.com/search?client=firefox-b-d&q=for+4%2C+http%3A%2F%2Flocalhost%3A5173 line 2 > eval line 4718 > eval line 1 > eval:1
[   11956ms] [WARNING] [JavaScript Warning: "unreachable code after return statement" {file: "https://www.google.com/search?client=firefox-b-d&q=for+4%2C+http%3A%2F%2Flocalhost%3A5173 line 2 > eval line 4718 > eval line 1 > eval line 1 > eval" line: 1}] @ https://www.google.com/search?client=firefox-b-d&q=for+4%2C+http%3A%2F%2Flocalhost%3A5173 line 2 > eval line 4718 > eval line 1 > eval line 1 > eval:1
[   11956ms] [WARNING] [JavaScript Warning: "unreachable code after return statement" {file: "https://www.google.com/search?client=firefox-b-d&q=for+4%2C+http%3A%2F%2Flocalhost%3A5173 line 2 > eval line 4718 > eval line 1 > eval line 1 > eval" line: 1}] @ https://www.google.com/search?client=firefox-b-d&q=for+4%2C+http%3A%2F%2Flocalhost%3A5173 line 2 > eval line 4718 > eval line 1 > eval line 1 > eval:1
[   11957ms] [WARNING] [JavaScript Warning: "unreachable code after return statement" {file: "https://www.google.com/search?client=firefox-b-d&q=for+4%2C+http%3A%2F%2Flocalhost%3A5173 line 2 > eval line 4718 > eval line 1 > eval line 1 > eval" line: 1}] @ https://www.google.com/search?client=firefox-b-d&q=for+4%2C+http%3A%2F%2Flocalhost%3A5173 line 2 > eval line 4718 > eval line 1 > eval line 1 > eval:1
[   11957ms] [WARNING] [JavaScript Warning: "unreachable code after return statement" {file: "https://www.google.com/search?client=firefox-b-d&q=for+4%2C+http%3A%2F%2Flocalhost%3A5173 line 2 > eval line 4718 > eval line 1 > eval line 1 > eval" line: 1}] @ https://www.google.com/search?client=firefox-b-d&q=for+4%2C+http%3A%2F%2Flocalhost%3A5173 line 2 > eval line 4718 > eval line 1 > eval line 1 > eval:1
[   11957ms] [WARNING] [JavaScript Warning: "unreachable code after return statement" {file: "https://www.google.com/search?client=firefox-b-d&q=for+4%2C+http%3A%2F%2Flocalhost%3A5173 line 2 > eval line 4718 > eval line 1 > eval line 1 > eval" line: 1}] @ https://www.google.com/search?client=firefox-b-d&q=for+4%2C+http%3A%2F%2Flocalhost%3A5173 line 2 > eval line 4718 > eval line 1 > eval line 1 > eval:1
[   11958ms] [WARNING] [JavaScript Warning: "“google.com” has been classified as a bounce tracker. If it does not receive user activation within the next 3,600 seconds it will have its state purged."] @ :0
[   12092ms] [WARNING] [JavaScript Warning: "Content-Security-Policy: Ignoring “'report-sample'” within script-src: ‘strict-dynamic’ specified" {file: "https://www.google.com/search?client=firefox-b-d&q=for+4%2C+http%3A%2F%2Flocalhost%3A5173&sei=bwDgaYPGGpWakdUP45jh0A8" line: 0}] @ https://www.google.com/search?client=firefox-b-d&q=for+4%2C+http%3A%2F%2Flocalhost%3A5173&sei=bwDgaYPGGpWakdUP45jh0A8:0
[   12092ms] [WARNING] [JavaScript Warning: "Content-Security-Policy: Ignoring “'unsafe-inline'” within script-src: ‘strict-dynamic’ specified" {file: "https://www.google.com/search?client=firefox-b-d&q=for+4%2C+http%3A%2F%2Flocalhost%3A5173&sei=bwDgaYPGGpWakdUP45jh0A8" line: 0}] @ https://www.google.com/search?client=firefox-b-d&q=for+4%2C+http%3A%2F%2Flocalhost%3A5173&sei=bwDgaYPGGpWakdUP45jh0A8:0
[   12092ms] [WARNING] [JavaScript Warning: "Content-Security-Policy: Ignoring “https:” within script-src: ‘strict-dynamic’ specified" {file: "https://www.google.com/search?client=firefox-b-d&q=for+4%2C+http%3A%2F%2Flocalhost%3A5173&sei=bwDgaYPGGpWakdUP45jh0A8" line: 0}] @ https://www.google.com/search?client=firefox-b-d&q=for+4%2C+http%3A%2F%2Flocalhost%3A5173&sei=bwDgaYPGGpWakdUP45jh0A8:0
[   12092ms] [WARNING] [JavaScript Warning: "Content-Security-Policy: Ignoring “http:” within script-src: ‘strict-dynamic’ specified" {file: "https://www.google.com/search?client=firefox-b-d&q=for+4%2C+http%3A%2F%2Flocalhost%3A5173&sei=bwDgaYPGGpWakdUP45jh0A8" line: 0}] @ https://www.google.com/search?client=firefox-b-d&q=for+4%2C+http%3A%2F%2Flocalhost%3A5173&sei=bwDgaYPGGpWakdUP45jh0A8:0
[   12092ms] [WARNING] [JavaScript Warning: "Content-Security-Policy: Ignoring “'unsafe-inline'” within script-src: nonce-source or hash-source specified" {file: "https://www.google.com/search?client=firefox-b-d&q=for+4%2C+http%3A%2F%2Flocalhost%3A5173&sei=bwDgaYPGGpWakdUP45jh0A8" line: 0}] @ https://www.google.com/search?client=firefox-b-d&q=for+4%2C+http%3A%2F%2Flocalhost%3A5173&sei=bwDgaYPGGpWakdUP45jh0A8:0
[   12316ms] [INFO] [JavaScript Error: "downloadable font: font-display timeout, webfont not used (font-family: "Google Sans" style:normal weight:400..700 stretch:100 src index:0) source: https://fonts.gstatic.com/s/googlesans/v29/4UaGrENHsxJlGDuGo1OIlL3Owp4.woff2"] @ :0
[   12332ms] [ERROR] [JavaScript Error: "Content-Security-Policy: The page’s settings blocked an event handler (script-src-attr) from being executed because it violates the following directive: “script-src 'nonce-F5R2pRTekBQz_7DHIdUJyQ' 'strict-dynamic' 'report-sample' 'unsafe-eval' 'unsafe-inline' https: http:”. Consider using a hash ('sha256-IWu8eKPFpwBlPtvm+lmwBh1mAdRu4b2jd4cGC9eFA54=') together with 'unsafe-hashes'.
Source: _rtf(this)" {file: "https://www.google.com/search?client=firefox-b-d&q=for+4%2C+http%3A%2F%2Flocalhost%3A5173&sei=bwDgaYPGGpWakdUP45jh0A8" line: 0}] @ https://www.google.com/search?client=firefox-b-d&q=for+4%2C+http%3A%2F%2Flocalhost%3A5173&sei=bwDgaYPGGpWakdUP45jh0A8:0
[   12592ms] [WARNING] [JavaScript Warning: "A resource is blocked by OpaqueResponseBlocking, please check browser console for details." {file: "https://csp.withgoogle.com/csp/gws/fff" line: 0}] @ https://csp.withgoogle.com/csp/gws/fff:0
[   12837ms] [ERROR] [JavaScript Error: "Cross-Origin Request Blocked: The Same Origin Policy disallows reading the remote resource at https://ogads-pa.clients6.google.com/$rpc/google.internal.onegoogle.asyncdata.v1.AsyncDataService/GetAsyncData. (Reason: CORS request did not succeed). Status code: (null)."] @ :0
[   12838ms] [ERROR] [JavaScript Error: "Cross-Origin Request Blocked: The Same Origin Policy disallows reading the remote resource at https://ogads-pa.clients6.google.com/$rpc/google.internal.onegoogle.asyncdata.v1.AsyncDataService/GetAsyncData. (Reason: CORS request did not succeed). Status code: (null)."] @ :0
