[     108ms] [LOG] localhost @ http://localhost:5173/:10
[     108ms] [LOG] localhost @ http://localhost:5173/:25
[     356ms] [LOG] [StoreVersioning] Current version date: 2026-04-15 @ http://localhost:5173/src/stores/storeVersioning.js?t=1776208382740:66
[     356ms] [LOG] [StoreVersioning] Stored version date: 2026-04-15 @ http://localhost:5173/src/stores/storeVersioning.js?t=1776208382740:67
[     357ms] [LOG] [StoreVersioning] Stores are up to date, no clearing needed. @ http://localhost:5173/src/stores/storeVersioning.js?t=1776208382740:89
[     365ms] [WARNING] Preloading MKF from home page... @ http://localhost:5173/src/main.js?t=1776338108091:60
[     462ms] [LOG] [MKF Worker] Loading WASM from: /wasm/libMKF.wasm.js?v=2026-04-15 @ http://localhost:5173/WebSharedComponents/assets/js/mkfWorker.js?worker_file&type=module:113
[    1179ms] [WARNING] [JavaScript Warning: "The WebAssembly exception handling 'try' instruction is deprecated and should no longer be used. Please recompile to use the 'try_table' instruction instead."] @ :0
[    1186ms] [WARNING] [MAIN] Preload: Loading core materials, shapes and wires... @ http://localhost:5173/src/main.js?t=1776338108091:71
[    4735ms] [WARNING] Loading core materials in backend @ http://localhost:5173/src/main.js?t=1776338108091:164
[    7890ms] [LOG] Preload: Core materials loaded @ http://localhost:5173/src/main.js?t=1776338108091:73
[    8227ms] [LOG] Preload: Core shapes loaded @ http://localhost:5173/src/main.js?t=1776338108091:74
[   20053ms] [LOG] Preload: Wires loaded @ http://localhost:5173/src/main.js?t=1776338108091:75
[   20053ms] [WARNING] Preload: Initializing model settings... @ http://localhost:5173/src/main.js?t=1776338108091:79
[   20064ms] [WARNING] Preload: Model settings initialized @ http://localhost:5173/src/main.js?t=1776338108091:82
[   20064ms] [WARNING] MKF preload complete - All data ready @ http://localhost:5173/src/main.js?t=1776338108091:84
[   20064ms] [WARNING] Preload already loaded base data, skipping... @ http://localhost:5173/src/main.js?t=1776338108091:206
[   20064ms] [WARNING] All data loaded @ http://localhost:5173/src/main.js?t=1776338108091:213
[   20064ms] [WARNING] Initializing model settings... @ http://localhost:5173/src/main.js?t=1776338108091:216
[   20069ms] [WARNING] Model settings initialized @ http://localhost:5173/src/main.js?t=1776338108091:219
[   20191ms] [LOG] [StateStore] resimulate() called - triggering action subscribers @ http://localhost:5173/src/stores/state.js:393
[   20192ms] [LOG] [StateStore] Stored pending simulation models: JSHandle@object @ http://localhost:5173/src/stores/state.js:396
[   20763ms] [LOG] Resetting MAS @ http://localhost:5173/MagneticBuilder/src/stores/mas.js:43
[   20848ms] [ERROR] Error @ http://localhost:5173/src/components/Toolbox/ControlPanel.vue:101
[   20849ms] [ERROR] [JavaScript Error: "Cross-Origin Request Blocked: The Same Origin Policy disallows reading the remote resource at http://localhost:8000/is_high_performance_backend_available. (Reason: CORS request did not succeed). Status code: (null)."] @ :0
[   20849ms] [ERROR] [JavaScript Error: "Cross-Origin Request Blocked: The Same Origin Policy disallows reading the remote resource at http://localhost:8000/is_high_performance_backend_available. (Reason: CORS request did not succeed). Status code: (null)."] @ :0
[   20930ms] [WARNING] [JavaScript Warning: "The WebAssembly exception handling 'try' instruction is deprecated and should no longer be used. Please recompile to use the 'try_table' instruction instead."] @ :0
[   36774ms] [ERROR] [MKF Worker] Error calling calculate_instantaneous_power: Error calling calculate_instantaneous_power @ http://localhost:5173/WebSharedComponents/assets/js/mkfWorker.js?worker_file&type=module:187
[   36778ms] [ERROR] [MKF Worker] Error calling calculate_instantaneous_power: Error calling calculate_instantaneous_power @ http://localhost:5173/WebSharedComponents/assets/js/mkfWorker.js?worker_file&type=module:187
[   36780ms] [ERROR] [MKF Worker] Error calling calculate_instantaneous_power: Error calling calculate_instantaneous_power @ http://localhost:5173/WebSharedComponents/assets/js/mkfWorker.js?worker_file&type=module:187
[   36809ms] [ERROR] [MKF Worker] Error calling calculate_instantaneous_power: Error calling calculate_instantaneous_power @ http://localhost:5173/WebSharedComponents/assets/js/mkfWorker.js?worker_file&type=module:187
[   36814ms] [ERROR] [MKF Worker] Error calling calculate_instantaneous_power: Error calling calculate_instantaneous_power @ http://localhost:5173/WebSharedComponents/assets/js/mkfWorker.js?worker_file&type=module:187
[   36818ms] [ERROR] [MKF Worker] Error calling calculate_instantaneous_power: Error calling calculate_instantaneous_power @ http://localhost:5173/WebSharedComponents/assets/js/mkfWorker.js?worker_file&type=module:187
[   36819ms] [ERROR] [MKF Worker] Error calling calculate_instantaneous_power: Error calling calculate_instantaneous_power @ http://localhost:5173/WebSharedComponents/assets/js/mkfWorker.js?worker_file&type=module:187
[   36825ms] [ERROR] [MKF Worker] Error calling calculate_instantaneous_power: Error calling calculate_instantaneous_power @ http://localhost:5173/WebSharedComponents/assets/js/mkfWorker.js?worker_file&type=module:187
[   51472ms] [LOG] [DEBUG adviseCore] Starting... @ http://localhost:5173/MagneticBuilder/src/stores/taskQueue.js?t=1776287501965:563
[   51473ms] [LOG] [DEBUG adviseCore] MKF ready @ http://localhost:5173/MagneticBuilder/src/stores/taskQueue.js?t=1776287501965:566
[   51476ms] [LOG] [DEBUG adviseCore] Calling calculate_advised_cores... @ http://localhost:5173/MagneticBuilder/src/stores/taskQueue.js?t=1776287501965:594
[   51476ms] [LOG] [DEBUG adviseCore] Inputs: {"designRequirements":{"magnetizingInductance":{"nominal":0.0001},"name":"My Design Requirements","turnsRatios":[],"wiringTechnology":"Wound"},"operatingPoints":[{"name":"Op. Point No. 1","conditions" @ http://localhost:5173/MagneticBuilder/src/stores/taskQueue.js?t=1776287501965:595
[   51476ms] [LOG] [DEBUG adviseCore] Weights: {"Efficiency":40,"Dimensions":30,"Cost":30} @ http://localhost:5173/MagneticBuilder/src/stores/taskQueue.js?t=1776287501965:596
[   51476ms] [LOG] [DEBUG adviseCore] Mode: standard cores @ http://localhost:5173/MagneticBuilder/src/stores/taskQueue.js?t=1776287501965:597
[   51478ms] [LOG] === DEBUG calculate_advised_cores === @ blob:http://localhost:5173/9f21b460-4036-4d3a-bc52-9c243f50f7f5:7
[   51479ms] [LOG] inputsString: {"designRequirements":{"magnetizingInductance":{"nominal":0.0001},"name":"My Design Requirements","turnsRatios":[],"wiringTechnology":"Wound"},"operatingPoints":[{"name":"Op. Point No. 1","conditions":{"ambientTemperature":25},"excitationsPerWinding":[{"name":"Primary winding excitation","frequency":100000,"current":{"waveform":{"ancillaryLabel":"Triangular","data":[-5,5,-5],"numberPeriods":null,"time":[0,0.000004999999999999998,0.00001]},"processed":{"dutyCycle":0.4999999999999997,"peakToPeak":10,"offset":0,"label":"Triangular","acEffectiveFrequency":110746.40291779547,"effectiveFrequency":110746.40291779547,"peak":5,"rms":2.8874560332150567,"thd":0.12151487440704961},"harmonics":{"amplitudes":[1.165387231161219e-14,4.05366124583194,1.2861438000136447e-15,0.4511310569983993,2.375888951984375e-16,0.16293015292554872,9.356097221417734e-17,0.08352979924600684,4.71849749496505e-17,0.05085695813361625,1.3582767286926999e-16,0.03432041044941808,9.917659762410073e-17,0.024811988673842905,6.994836363558983e-17,0.018849001010678768,2.153715489250094e-16,0.014866633059596606,6.531394205834923e-17,0.012077180559557865,7.378283847487604e-17,0.010049063750920545,4.2806821410597997e-17,0.008529750975091975,4.2121058654198465e-17,0.007363501410705556,4.83972817956077e-17,0.006450045785294432,6.931827960213188e-17,0.005722473794997594,3.580190898497344e-17,0.005134763398166875,4.443059973708343e-17,0.004654430423785402,3.247713232060943e-17,0.004258029771396914,1.2810722493155999e-16,0.003928310828238039,6.664464354829654e-17,0.003652367087392262,5.918332928863949e-17,0.003420402142425291,2.915787014457901e-17,0.0032248884817923117,4.643583065420728e-17,0.0030599828465501895,1.6657764359632615e-17,0.0029211129442003273,5.0336035810124547e-17,0.0028046809751786778,2.3726795389280784e-17,0.00270784832846677,1.0151193255814897e-16,0.0026283777262804467,9.49531918065705e-17,0.002564516784644248,1.4917220160588157e-16,0.002514912016451383,4.9267814249692764e-17,0.0024785457043285525,1.8103101078043136e-17,0.00245469040858734,7.753464717407248e-17,0.0024428775264788705],"frequencies":[0,100000,200000,300000,400000,500000,600000,700000,800000,900000,1000000,1100000,1200000,1300000,1400000,1500000,1600000,1700000,1800000,1900000,2000000,2100000,2200000,2300000,2400000,2500000,2600000,2700000,2800000,2900000,3000000,3100000,3200000,3300000,3400000,3500000,3600000,3700000,3800000,3900000,4000000,4100000,4200000,4300000,4400000,4500000,4600000,4700000,4800000,4900000,5000000,5100000,5200000,5300000,5400000,5500000,5600000,5700000,5800000,5900000,6000000,6100000,6200000,6300000]}},"voltage":{"waveform":{"ancillaryLabel":"Rectangular","data":[-199.9999999999999,200.00000000000009,200.00000000000009,-199.9999999999999,-199.9999999999999],"numberPeriods":null,"time":[0,0,0.000004999999999999998,0.000004999999999999998,0.00001]},"processed":{"acEffectiveFrequency":591485.536011839,"average":0,"deadTime":null,"dutyCycle":0.4999999999999997,"effectiveFrequency":591449.4202715514,"label":"Rectangular","negativePeak":-200,"offset":0,"peak":200.00000000000009,"peakToPeak":400,"phase":null,"positivePeak":200,"rms":200.00000000000003,"thd":0.48331514845248497},"harmonics":{"amplitudes":[3.1249999999999,254.5967742005207,6.25,84.72918276470276,6.249999999999999,50.67366127298075,6.25,36.01963753199266,6.249999999999999,27.832513902590108,6.25,22.584598008171483,6.249999999999999,18.919020026986153,6.25,16.20251573586306,6.249999999999999,14.099774074557264,6.25,12.416617452146069,6.249999999999999,11.03279293808873,6.25,9.869828549751372,6.249999999999999,8.874318146838107,6.25,8.008634875228502,6.249999999999999,7.245486920834033,6.25,6.56458028899927,6.249999999999999,5.950494666880784,6.25,5.391287076604635,6.249999999999999,4.877547872837157,6.25,4.401746630406556,6.249999999999999,3.9577688511098232,6.25,3.5405812670646686,6.249999999999999,3.1459856237456147,6.25,2.7704344618179597,6.249999999999999,2.41089103919452,6.25,2.0647211084021055,6.249999999999999,1.7296079383776046,6.25,1.4034844332320997,6.249999999999999,1.0844778758616158,6.25,0.770863975854656,6.249999999999999,0.46102769701538193,6.25,0.1534288881809971],"frequencies":[0,100000,200000,300000,400000,500000,600000,700000,800000,900000,1000000,1100000,1200000,1300000,1400000,1500000,1600000,1700000,1800000,1900000,2000000,2100000,2200000,2300000,2400000,2500000,2600000,2700000,2800000,2900000,3000000,3100000,3200000,3300000,3400000,3500000,3600000,3700000,3800000,3900000,4000000,4100000,4200000,4300000,4400000,4500000,4600000,4700000,4800000,4900000,5000000,5100000,5200000,5300000,5400000,5500000,5600000,5700000,5800000,5900000,6000000,6100000,6200000,6300000]}}}]}]} @ blob:http://localhost:5173/9f21b460-4036-4d3a-bc52-9c243f50f7f5:7
[   51480ms] [LOG] weightsString: {"Efficiency":40,"Dimensions":30,"Cost":30} @ blob:http://localhost:5173/9f21b460-4036-4d3a-bc52-9c243f50f7f5:7
[   51480ms] [LOG] coreModeString: standard cores @ blob:http://localhost:5173/9f21b460-4036-4d3a-bc52-9c243f50f7f5:7
[   51482ms] [LOG] [DEBUG] About to parse coreModeString: 'standard cores' @ blob:http://localhost:5173/9f21b460-4036-4d3a-bc52-9c243f50f7f5:7
[   51482ms] [LOG] [DEBUG] After from_json, coreMode = 1 @ blob:http://localhost:5173/9f21b460-4036-4d3a-bc52-9c243f50f7f5:7
[   51482ms] [LOG] Parsed weights: @ blob:http://localhost:5173/9f21b460-4036-4d3a-bc52-9c243f50f7f5:7
[   51482ms] [LOG]   Cost -> 0.3 @ blob:http://localhost:5173/9f21b460-4036-4d3a-bc52-9c243f50f7f5:7
[   51483ms] [LOG]   Dimensions -> 0.3 @ blob:http://localhost:5173/9f21b460-4036-4d3a-bc52-9c243f50f7f5:7
[   51483ms] [LOG]   Efficiency -> 0.4 @ blob:http://localhost:5173/9f21b460-4036-4d3a-bc52-9c243f50f7f5:7
[   51483ms] [LOG] [DEBUG] CoreAdviser mode set to: 1 (0=AVAILABLE, 1=STANDARD, 2=CUSTOM) @ blob:http://localhost:5173/9f21b460-4036-4d3a-bc52-9c243f50f7f5:7
[   51483ms] [LOG] [DEBUG] Requesting 1 results @ blob:http://localhost:5173/9f21b460-4036-4d3a-bc52-9c243f50f7f5:7
[   51483ms] [LOG] [DEBUG] coreShapeDatabase.size() = 1331 @ blob:http://localhost:5173/9f21b460-4036-4d3a-bc52-9c243f50f7f5:7
[   51484ms] [LOG] [DEBUG] coreMaterialDatabase.size() = 409 @ blob:http://localhost:5173/9f21b460-4036-4d3a-bc52-9c243f50f7f5:7
[   51484ms] [LOG] [DEBUG] useToroidalCores = 1 @ blob:http://localhost:5173/9f21b460-4036-4d3a-bc52-9c243f50f7f5:7
[   51484ms] [LOG] [DEBUG] useConcentricCores = 1 @ blob:http://localhost:5173/9f21b460-4036-4d3a-bc52-9c243f50f7f5:7
[   52070ms] [LOG] [CoreAdviser] Starting with 3618 magnetics @ blob:http://localhost:5173/9f21b460-4036-4d3a-bc52-9c243f50f7f5:7
[   53535ms] [LOG] [CoreAdviser] After AreaProduct: 2349 @ blob:http://localhost:5173/9f21b460-4036-4d3a-bc52-9c243f50f7f5:7
[   53559ms] [LOG] [CoreAdviser] Ferrite cores after pruning: 400 @ blob:http://localhost:5173/9f21b460-4036-4d3a-bc52-9c243f50f7f5:7
[   55661ms] [LOG] [CoreAdviser] After gapping: 400 @ blob:http://localhost:5173/9f21b460-4036-4d3a-bc52-9c243f50f7f5:7
[   55985ms] [LOG] [CoreAdviser] After FringingFactor: 263 @ blob:http://localhost:5173/9f21b460-4036-4d3a-bc52-9c243f50f7f5:7
[   56007ms] [LOG] [CoreAdviser] After Dimensions: 263 @ blob:http://localhost:5173/9f21b460-4036-4d3a-bc52-9c243f50f7f5:7
[   56093ms] [LOG] [CoreAdviser] After materials: 526 @ blob:http://localhost:5173/9f21b460-4036-4d3a-bc52-9c243f50f7f5:7
[   57102ms] [LOG] [CoreAdviser] After Inductance: 517 @ blob:http://localhost:5173/9f21b460-4036-4d3a-bc52-9c243f50f7f5:7
[   57685ms] [LOG] [CoreAdviser] After Saturation: 218 @ blob:http://localhost:5173/9f21b460-4036-4d3a-bc52-9c243f50f7f5:7
[   59382ms] [LOG] [CoreAdviser] After Losses: 218 @ blob:http://localhost:5173/9f21b460-4036-4d3a-bc52-9c243f50f7f5:7
[  109801ms] [LOG] [DEBUG] MKF Log: @ blob:http://localhost:5173/9f21b460-4036-4d3a-bc52-9c243f50f7f5:7
[  109802ms] [LOG]  @ blob:http://localhost:5173/9f21b460-4036-4d3a-bc52-9c243f50f7f5:7
[  109802ms] [LOG] [DEBUG] Results count: 1 @ blob:http://localhost:5173/9f21b460-4036-4d3a-bc52-9c243f50f7f5:7
[  109802ms] [LOG] [DEBUG] Result 0: 95 ER 32/6/25 gapped 0.45 mm - Score: 3.62678 @ blob:http://localhost:5173/9f21b460-4036-4d3a-bc52-9c243f50f7f5:7
