[      25ms] [LOG] localhost @ http://localhost:5173/wizards:10
[      25ms] [LOG] localhost @ http://localhost:5173/wizards:25
[     141ms] [LOG] [StoreVersioning] Current version date: 2026-03-07 @ http://localhost:5173/src/stores/storeVersioning.js:66
[     141ms] [LOG] [StoreVersioning] Stored version date: 2026-03-07 @ http://localhost:5173/src/stores/storeVersioning.js:67
[     141ms] [LOG] [StoreVersioning] Stores are up to date, no clearing needed. @ http://localhost:5173/src/stores/storeVersioning.js:89
[     146ms] [WARNING] Initializing MKF in Web Worker (fresh)... @ http://localhost:5173/src/main.js?t=1775948165851:156
[     147ms] [WARNING] Loading core materials in backend @ http://localhost:5173/src/main.js?t=1775948165851:164
[     190ms] [LOG] [MKF Worker] Loading WASM from: /wasm/libMKF.wasm.js?v=2026-03-07 @ http://localhost:5173/WebSharedComponents/assets/js/mkfWorker.js?worker_file&type=module:113
[     651ms] [WARNING] [JavaScript Warning: "The WebAssembly exception handling 'try' instruction is deprecated and should no longer be used. Please recompile to use the 'try_table' instruction instead."] @ :0
[     665ms] [WARNING] Loading core materials in simulator @ http://localhost:5173/src/main.js?t=1775948165851:197
[     665ms] [WARNING] Loading core shapes in simulator @ http://localhost:5173/src/main.js?t=1775948165851:200
[     665ms] [WARNING] Loading wires in simulator @ http://localhost:5173/src/main.js?t=1775948165851:203
[    7032ms] [LOG] Core materials loaded @ http://localhost:5173/src/main.js?t=1775948165851:198
[    7474ms] [LOG] Core shapes loaded @ http://localhost:5173/src/main.js?t=1775948165851:201
[   20630ms] [LOG] Wires loaded @ http://localhost:5173/src/main.js?t=1775948165851:204
[   20631ms] [WARNING] All data loaded @ http://localhost:5173/src/main.js?t=1775948165851:213
[   20631ms] [WARNING] Initializing model settings... @ http://localhost:5173/src/main.js?t=1775948165851:216
[   20639ms] [WARNING] Model settings initialized @ http://localhost:5173/src/main.js?t=1775948165851:219
[   20679ms] [WARNING] [JavaScript Warning: "unreachable code after return statement" {file: "http://localhost:5173/src/components/Wizards/PsfbWizard.vue" line: 79}] @ http://localhost:5173/src/components/Wizards/PsfbWizard.vue:79
[   20741ms] [LOG] [StateStore] resimulate() called - triggering action subscribers @ http://localhost:5173/src/stores/state.js?t=1775947585724:393
[   20741ms] [LOG] [StateStore] Stored pending simulation models: JSHandle@object @ http://localhost:5173/src/stores/state.js?t=1775947585724:396
[   69448ms] [LOG] 🔍 [simulateLlcIdealWaveforms] WASM returns: JSHandle@object @ http://localhost:5173/src/stores/taskQueue.js?t=1775943862989:1334
[   69448ms] [LOG] 🔍 [executeWaveformAction] Simulation result from WASM: JSHandle@object @ http://localhost:5173/src/components/Wizards/ConverterWizardBase.vue:228
[   69448ms] [ERROR] Error in simulation waveform action: Error @ debugger eval code line 302 > eval:5
