[     208ms] [LOG] [StoreVersioning] Current version date: 2026-04-17-dab-d3 @ http://localhost:5173/src/stores/storeVersioning.js:66
[     209ms] [LOG] [StoreVersioning] Stored version date: 2026-04-17-dab-d3 @ http://localhost:5173/src/stores/storeVersioning.js:67
[     209ms] [LOG] [StoreVersioning] Stores are up to date, no clearing needed. @ http://localhost:5173/src/stores/storeVersioning.js:89
[     220ms] [WARNING] Initializing MKF in Web Worker (fresh)... @ http://localhost:5173/src/main.js?t=1776454868508:156
[     221ms] [WARNING] Loading core materials in backend @ http://localhost:5173/src/main.js?t=1776454868508:164
[     275ms] [LOG] [MKF Worker] Loading WASM from: /wasm/libMKF.wasm.js?v=2026-04-17-dab-d3 @ http://localhost:5173/WebSharedComponents/assets/js/mkfWorker.js?worker_file&type=module:113
[     757ms] [WARNING] [JavaScript Warning: "The WebAssembly exception handling 'try' instruction is deprecated and should no longer be used. Please recompile to use the 'try_table' instruction instead."] @ :0
[     776ms] [WARNING] Loading core materials in simulator @ http://localhost:5173/src/main.js?t=1776454868508:197
[     776ms] [WARNING] Loading core shapes in simulator @ http://localhost:5173/src/main.js?t=1776454868508:200
[     776ms] [WARNING] Loading wires in simulator @ http://localhost:5173/src/main.js?t=1776454868508:203
[    8120ms] [LOG] Core materials loaded @ http://localhost:5173/src/main.js?t=1776454868508:198
[    8486ms] [LOG] Core shapes loaded @ http://localhost:5173/src/main.js?t=1776454868508:201
[   21900ms] [LOG] Wires loaded @ http://localhost:5173/src/main.js?t=1776454868508:204
[   21901ms] [WARNING] All data loaded @ http://localhost:5173/src/main.js?t=1776454868508:213
[   21901ms] [WARNING] Initializing model settings... @ http://localhost:5173/src/main.js?t=1776454868508:216
[   21909ms] [WARNING] Model settings initialized @ http://localhost:5173/src/main.js?t=1776454868508:219
[   22047ms] [LOG] [StateStore] resimulate() called - triggering action subscribers @ http://localhost:5173/src/stores/state.js:393
[   22048ms] [LOG] [StateStore] Stored pending simulation models: JSHandle@object @ http://localhost:5173/src/stores/state.js:396
[   22704ms] [LOG] Resetting MAS @ http://localhost:5173/MagneticBuilder/src/stores/mas.js:43
[   22771ms] [ERROR] Error @ http://localhost:5173/src/components/Toolbox/ControlPanel.vue:101
[   22771ms] [ERROR] [JavaScript Error: "Cross-Origin Request Blocked: The Same Origin Policy disallows reading the remote resource at http://localhost:8000/is_high_performance_backend_available. (Reason: CORS request did not succeed). Status code: (null)."] @ :0
[   22772ms] [ERROR] [JavaScript Error: "Cross-Origin Request Blocked: The Same Origin Policy disallows reading the remote resource at http://localhost:8000/is_high_performance_backend_available. (Reason: CORS request did not succeed). Status code: (null)."] @ :0
[   22967ms] [WARNING] [JavaScript Warning: "The WebAssembly exception handling 'try' instruction is deprecated and should no longer be used. Please recompile to use the 'try_table' instruction instead."] @ :0
