[      20ms] [LOG] localhost @ http://localhost:5173/wizards/llc:10
[      20ms] [LOG] localhost @ http://localhost:5173/wizards/llc:25
[     126ms] [LOG] [StoreVersioning] Current version date: 2026-03-07 @ http://localhost:5173/src/stores/storeVersioning.js:66
[     126ms] [LOG] [StoreVersioning] Stored version date: 2026-03-07 @ http://localhost:5173/src/stores/storeVersioning.js:67
[     126ms] [LOG] [StoreVersioning] Stores are up to date, no clearing needed. @ http://localhost:5173/src/stores/storeVersioning.js:89
[     127ms] [WARNING] [Vue Router warn]: No match found for location with path "/wizards/llc" @ http://localhost:5173/node_modules/.vite/deps/vue-router.js?v=c88a114d:206
[     133ms] [WARNING] Initializing MKF in Web Worker (fresh)... @ http://localhost:5173/src/main.js?t=1776081402461:156
[     133ms] [WARNING] Loading core materials in backend @ http://localhost:5173/src/main.js?t=1776081402461:164
[     170ms] [LOG] [MKF Worker] Loading WASM from: /wasm/libMKF.wasm.js?v=2026-03-07 @ http://localhost:5173/WebSharedComponents/assets/js/mkfWorker.js?worker_file&type=module:113
[     598ms] [WARNING] [JavaScript Warning: "The WebAssembly exception handling 'try' instruction is deprecated and should no longer be used. Please recompile to use the 'try_table' instruction instead."] @ :0
[     613ms] [WARNING] Loading core materials in simulator @ http://localhost:5173/src/main.js?t=1776081402461:197
[     613ms] [WARNING] Loading core shapes in simulator @ http://localhost:5173/src/main.js?t=1776081402461:200
[     613ms] [WARNING] Loading wires in simulator @ http://localhost:5173/src/main.js?t=1776081402461:203
[    6705ms] [LOG] Core materials loaded @ http://localhost:5173/src/main.js?t=1776081402461:198
[    7129ms] [LOG] Core shapes loaded @ http://localhost:5173/src/main.js?t=1776081402461:201
[   17644ms] [LOG] Wires loaded @ http://localhost:5173/src/main.js?t=1776081402461:204
[   17645ms] [WARNING] All data loaded @ http://localhost:5173/src/main.js?t=1776081402461:213
[   17645ms] [WARNING] Initializing model settings... @ http://localhost:5173/src/main.js?t=1776081402461:216
[   17652ms] [WARNING] Model settings initialized @ http://localhost:5173/src/main.js?t=1776081402461:219
[   17652ms] [WARNING] [Vue Router warn]: No match found for location with path "/wizards/llc" @ http://localhost:5173/node_modules/.vite/deps/vue-router.js?v=c88a114d:206
[   17753ms] [LOG] [StateStore] resimulate() called - triggering action subscribers @ http://localhost:5173/src/stores/state.js:393
[   17753ms] [LOG] [StateStore] Stored pending simulation models: JSHandle@object @ http://localhost:5173/src/stores/state.js:396
