[      38ms] [LOG] localhost @ http://localhost:5173/wizards:10
[      39ms] [LOG] localhost @ http://localhost:5173/wizards:25
[     197ms] [LOG] [StoreVersioning] Current version date: 2026-03-07 @ http://localhost:5173/src/stores/storeVersioning.js:66
[     198ms] [LOG] [StoreVersioning] Stored version date: 2026-03-07 @ http://localhost:5173/src/stores/storeVersioning.js:67
[     198ms] [LOG] [StoreVersioning] Stores are up to date, no clearing needed. @ http://localhost:5173/src/stores/storeVersioning.js:89
[     205ms] [WARNING] Initializing MKF in Web Worker (fresh)... @ http://localhost:5173/src/main.js?t=1776018310281:156
[     206ms] [WARNING] Loading core materials in backend @ http://localhost:5173/src/main.js?t=1776018310281:164
[     255ms] [LOG] [MKF Worker] Loading WASM from: /wasm/libMKF.wasm.js?v=2026-03-07 @ http://localhost:5173/WebSharedComponents/assets/js/mkfWorker.js?worker_file&type=module:113
[     812ms] [WARNING] [JavaScript Warning: "The WebAssembly exception handling 'try' instruction is deprecated and should no longer be used. Please recompile to use the 'try_table' instruction instead."] @ :0
[     826ms] [WARNING] Loading core materials in simulator @ http://localhost:5173/src/main.js?t=1776018310281:197
[     827ms] [WARNING] Loading core shapes in simulator @ http://localhost:5173/src/main.js?t=1776018310281:200
[     827ms] [WARNING] Loading wires in simulator @ http://localhost:5173/src/main.js?t=1776018310281:203
[    7194ms] [LOG] Core materials loaded @ http://localhost:5173/src/main.js?t=1776018310281:198
[    7633ms] [LOG] Core shapes loaded @ http://localhost:5173/src/main.js?t=1776018310281:201
[   18711ms] [LOG] Wires loaded @ http://localhost:5173/src/main.js?t=1776018310281:204
[   18712ms] [WARNING] All data loaded @ http://localhost:5173/src/main.js?t=1776018310281:213
[   18712ms] [WARNING] Initializing model settings... @ http://localhost:5173/src/main.js?t=1776018310281:216
[   18721ms] [WARNING] Model settings initialized @ http://localhost:5173/src/main.js?t=1776018310281:219
[   18763ms] [WARNING] [JavaScript Warning: "unreachable code after return statement" {file: "http://localhost:5173/src/components/Wizards/PsfbWizard.vue?t=1776018171279" line: 79}] @ http://localhost:5173/src/components/Wizards/PsfbWizard.vue?t=1776018171279:79
[   18827ms] [LOG] [StateStore] resimulate() called - triggering action subscribers @ http://localhost:5173/src/stores/state.js?t=1775947585724:393
[   18830ms] [LOG] [StateStore] Stored pending simulation models: JSHandle@object @ http://localhost:5173/src/stores/state.js?t=1775947585724:396
[   39443ms] [LOG] Resetting MAS @ http://localhost:5173/MagneticBuilder/src/stores/mas.js?t=1775947585724:43
[   39482ms] [LOG] 🔍 [calculateLlcInputs] WASM returns: JSHandle@object @ http://localhost:5173/src/stores/taskQueue.js?t=1775943862989:1311
[   40216ms] [ERROR] Error @ http://localhost:5173/src/components/Toolbox/ControlPanel.vue?t=1775947585724:101
[   40371ms] [WARNING] [JavaScript Warning: "The WebAssembly exception handling 'try' instruction is deprecated and should no longer be used. Please recompile to use the 'try_table' instruction instead."] @ :0
[   57154ms] [LOG] [MagneticAdviser] raw coreAdviseMode: standard cores @ http://localhost:5173/src/components/Toolbox/MagneticAdviser.vue?t=1775947585724:96
[   57154ms] [LOG] [MagneticAdviser] typeof coreAdviseMode: string @ http://localhost:5173/src/components/Toolbox/MagneticAdviser.vue?t=1775947585724:97
[   57154ms] [LOG] [MagneticAdviser] coreAdviseMode instanceof Object: false @ http://localhost:5173/src/components/Toolbox/MagneticAdviser.vue?t=1775947585724:98
[   57155ms] [LOG] [MagneticAdviser] String(coreAdviseMode): standard cores @ http://localhost:5173/src/components/Toolbox/MagneticAdviser.vue?t=1775947585724:99
[   57155ms] [LOG] [MagneticAdviser] final coreAdviseMode: standard cores @ http://localhost:5173/src/components/Toolbox/MagneticAdviser.vue?t=1775947585724:110
[   57155ms] [LOG] [DEBUG calculateAdvisedMagnetics] Original weights: Proxy @ http://localhost:5173/src/stores/taskQueue.js?t=1775943862989:244
[   57155ms] [LOG] [DEBUG calculateAdvisedMagnetics] Transformed weights: JSHandle@object @ http://localhost:5173/src/stores/taskQueue.js?t=1775943862989:245
[   57155ms] [LOG] [DEBUG calculateAdvisedMagnetics] FINAL mode: standard cores @ http://localhost:5173/src/stores/taskQueue.js?t=1775943862989:254
[   57155ms] [WARNING] [DEBUG calculateAdvisedMagnetics] Fixed frequency=0 in operating point 0, excitation 0. Set to 100000 @ http://localhost:5173/src/stores/taskQueue.js?t=1775943862989:263
[   57155ms] [WARNING] [DEBUG calculateAdvisedMagnetics] Fixed frequency=0 in operating point 0, excitation 1. Set to 100000 @ http://localhost:5173/src/stores/taskQueue.js?t=1775943862989:263
[   57155ms] [WARNING] [DEBUG calculateAdvisedMagnetics] Fixed frequency=0 in operating point 0, excitation 2. Set to 100000 @ http://localhost:5173/src/stores/taskQueue.js?t=1775943862989:263
[   60581ms] [ERROR] Error calculating advising magnetics @ http://localhost:5173/src/components/Toolbox/MagneticAdviser.vue?t=1775947585724:139
[   60581ms] [ERROR] Error @ http://localhost:5173/src/components/Toolbox/MagneticAdviser.vue?t=1775947585724:140
[   86347ms] [LOG] [MagneticAdviser] raw coreAdviseMode: standard cores @ http://localhost:5173/src/components/Toolbox/MagneticAdviser.vue?t=1775947585724:96
[   86348ms] [LOG] [MagneticAdviser] typeof coreAdviseMode: string @ http://localhost:5173/src/components/Toolbox/MagneticAdviser.vue?t=1775947585724:97
[   86348ms] [LOG] [MagneticAdviser] coreAdviseMode instanceof Object: false @ http://localhost:5173/src/components/Toolbox/MagneticAdviser.vue?t=1775947585724:98
[   86348ms] [LOG] [MagneticAdviser] String(coreAdviseMode): standard cores @ http://localhost:5173/src/components/Toolbox/MagneticAdviser.vue?t=1775947585724:99
[   86348ms] [LOG] [MagneticAdviser] final coreAdviseMode: standard cores @ http://localhost:5173/src/components/Toolbox/MagneticAdviser.vue?t=1775947585724:110
[   86348ms] [LOG] [DEBUG calculateAdvisedMagnetics] Original weights: Proxy @ http://localhost:5173/src/stores/taskQueue.js?t=1775943862989:244
[   86348ms] [LOG] [DEBUG calculateAdvisedMagnetics] Transformed weights: JSHandle@object @ http://localhost:5173/src/stores/taskQueue.js?t=1775943862989:245
[   86349ms] [LOG] [DEBUG calculateAdvisedMagnetics] FINAL mode: standard cores @ http://localhost:5173/src/stores/taskQueue.js?t=1775943862989:254
[   86840ms] [ERROR] Error calculating advising magnetics @ debugger eval code line 302 > eval:11
[   86841ms] [ERROR] Error @ debugger eval code line 302 > eval:11
[  187693ms] [LOG] 🔍 [calculateLlcInputs] WASM returns: JSHandle@object @ http://localhost:5173/src/stores/taskQueue.js?t=1775943862989:1311
