[      24ms] [LOG] localhost @ http://localhost:5173/wizards:10
[      24ms] [LOG] localhost @ http://localhost:5173/wizards:25
[     224ms] [LOG] [StoreVersioning] Current version date: 2026-03-07 @ http://localhost:5173/src/stores/storeVersioning.js:66
[     224ms] [LOG] [StoreVersioning] Stored version date: 2026-03-07 @ http://localhost:5173/src/stores/storeVersioning.js:67
[     224ms] [LOG] [StoreVersioning] Stores are up to date, no clearing needed. @ http://localhost:5173/src/stores/storeVersioning.js:89
[     232ms] [WARNING] Initializing MKF in Web Worker (fresh)... @ http://localhost:5173/src/main.js?t=1776018310281:156
[     233ms] [WARNING] Loading core materials in backend @ http://localhost:5173/src/main.js?t=1776018310281:164
[     281ms] [LOG] [MKF Worker] Loading WASM from: /wasm/libMKF.wasm.js?v=2026-03-07 @ http://localhost:5173/WebSharedComponents/assets/js/mkfWorker.js?worker_file&type=module:113
[     781ms] [WARNING] [JavaScript Warning: "The WebAssembly exception handling 'try' instruction is deprecated and should no longer be used. Please recompile to use the 'try_table' instruction instead."] @ :0
[     798ms] [WARNING] Loading core materials in simulator @ http://localhost:5173/src/main.js?t=1776018310281:197
[     798ms] [WARNING] Loading core shapes in simulator @ http://localhost:5173/src/main.js?t=1776018310281:200
[     798ms] [WARNING] Loading wires in simulator @ http://localhost:5173/src/main.js?t=1776018310281:203
[    7479ms] [LOG] Core materials loaded @ http://localhost:5173/src/main.js?t=1776018310281:198
[    7933ms] [LOG] Core shapes loaded @ http://localhost:5173/src/main.js?t=1776018310281:201
[   18941ms] [LOG] Wires loaded @ http://localhost:5173/src/main.js?t=1776018310281:204
[   18941ms] [WARNING] All data loaded @ http://localhost:5173/src/main.js?t=1776018310281:213
[   18941ms] [WARNING] Initializing model settings... @ http://localhost:5173/src/main.js?t=1776018310281:216
[   18951ms] [WARNING] Model settings initialized @ http://localhost:5173/src/main.js?t=1776018310281:219
[   18994ms] [WARNING] [JavaScript Warning: "unreachable code after return statement" {file: "http://localhost:5173/src/components/Wizards/PsfbWizard.vue?t=1776018171279" line: 79}] @ http://localhost:5173/src/components/Wizards/PsfbWizard.vue?t=1776018171279:79
[   19066ms] [LOG] [StateStore] resimulate() called - triggering action subscribers @ http://localhost:5173/src/stores/state.js?t=1775947585724:393
[   19066ms] [LOG] [StateStore] Stored pending simulation models: JSHandle@object @ http://localhost:5173/src/stores/state.js?t=1775947585724:396
[   47084ms] [LOG] Resetting MAS @ http://localhost:5173/MagneticBuilder/src/stores/mas.js?t=1775947585724:43
[   47093ms] [ERROR] [LLC] Nielsen TDA solver did not fully converge: residual=1.68698 A (Vi=200V, Vo=200.16V, fsw=100000Hz) — analytical waveform may be inaccurate for this op. point @ blob:http://localhost:5173/19ed3be4-b9e4-416f-af75-2148a32e3301:7
[   47148ms] [LOG] 🔍 [calculateLlcInputs] WASM returns: JSHandle@object @ http://localhost:5173/src/stores/taskQueue.js?t=1775943862989:1311
[   47844ms] [ERROR] Error @ http://localhost:5173/src/components/Toolbox/ControlPanel.vue?t=1775947585724:101
[   48043ms] [WARNING] [JavaScript Warning: "The WebAssembly exception handling 'try' instruction is deprecated and should no longer be used. Please recompile to use the 'try_table' instruction instead."] @ :0
[   70246ms] [LOG] 🔍 [calculateLlcInputs] WASM returns: JSHandle@object @ http://localhost:5173/src/stores/taskQueue.js?t=1775943862989:1311
