[      43ms] [LOG] localhost @ http://localhost:5173/wizards:10
[      43ms] [LOG] localhost @ http://localhost:5173/wizards:25
[     222ms] [LOG] [StoreVersioning] Current version date: 2026-03-07 @ http://localhost:5173/src/stores/storeVersioning.js:66
[     222ms] [LOG] [StoreVersioning] Stored version date: 2026-03-07 @ http://localhost:5173/src/stores/storeVersioning.js:67
[     223ms] [LOG] [StoreVersioning] Stores are up to date, no clearing needed. @ http://localhost:5173/src/stores/storeVersioning.js:89
[     231ms] [WARNING] Initializing MKF in Web Worker (fresh)... @ http://localhost:5173/src/main.js?t=1776025703538:156
[     231ms] [WARNING] Loading core materials in backend @ http://localhost:5173/src/main.js?t=1776025703538:164
[     279ms] [LOG] [MKF Worker] Loading WASM from: /wasm/libMKF.wasm.js?v=2026-03-07 @ http://localhost:5173/WebSharedComponents/assets/js/mkfWorker.js?worker_file&type=module:113
[     758ms] [WARNING] [JavaScript Warning: "The WebAssembly exception handling 'try' instruction is deprecated and should no longer be used. Please recompile to use the 'try_table' instruction instead."] @ :0
[     771ms] [WARNING] Loading core materials in simulator @ http://localhost:5173/src/main.js?t=1776025703538:197
[     771ms] [WARNING] Loading core shapes in simulator @ http://localhost:5173/src/main.js?t=1776025703538:200
[     771ms] [WARNING] Loading wires in simulator @ http://localhost:5173/src/main.js?t=1776025703538:203
[    7099ms] [LOG] Core materials loaded @ http://localhost:5173/src/main.js?t=1776025703538:198
[    7544ms] [LOG] Core shapes loaded @ http://localhost:5173/src/main.js?t=1776025703538:201
[   21252ms] [LOG] Wires loaded @ http://localhost:5173/src/main.js?t=1776025703538:204
[   21252ms] [WARNING] All data loaded @ http://localhost:5173/src/main.js?t=1776025703538:213
[   21252ms] [WARNING] Initializing model settings... @ http://localhost:5173/src/main.js?t=1776025703538:216
[   21272ms] [WARNING] Model settings initialized @ http://localhost:5173/src/main.js?t=1776025703538:219
[   21387ms] [LOG] [StateStore] resimulate() called - triggering action subscribers @ http://localhost:5173/src/stores/state.js?t=1775947585724:393
[   21390ms] [LOG] [StateStore] Stored pending simulation models: JSHandle@object @ http://localhost:5173/src/stores/state.js?t=1775947585724:396
[   21397ms] [WARNING] [JavaScript Warning: "unreachable code after return statement" {file: "http://localhost:5173/src/components/Wizards/PsfbWizard.vue?t=1776018171279" line: 79}] @ http://localhost:5173/src/components/Wizards/PsfbWizard.vue?t=1776018171279:79
[   49592ms] [LOG] Resetting MAS @ http://localhost:5173/MagneticBuilder/src/stores/mas.js?t=1775947585724:43
[   49606ms] [ERROR] [LLC] Nielsen TDA solver did not fully converge: residual=1.68698 A (Vi=200V, Vo=200.16V, fsw=100000Hz) — analytical waveform may be inaccurate for this op. point @ blob:http://localhost:5173/06a3175b-e878-4244-b5ad-41f6ffc319d1:7
[   49790ms] [LOG] 🔍 [calculateLlcInputs] WASM returns: JSHandle@object @ http://localhost:5173/src/stores/taskQueue.js?t=1775943862989:1311
[   51174ms] [ERROR] Error @ http://localhost:5173/src/components/Toolbox/ControlPanel.vue?t=1775947585724:101
[   51486ms] [WARNING] [JavaScript Warning: "The WebAssembly exception handling 'try' instruction is deprecated and should no longer be used. Please recompile to use the 'try_table' instruction instead."] @ :0
[   55921ms] [LOG] [MagneticAdviser] raw coreAdviseMode: standard cores @ http://localhost:5173/src/components/Toolbox/MagneticAdviser.vue?t=1775947585724:96
[   55922ms] [LOG] [MagneticAdviser] typeof coreAdviseMode: string @ http://localhost:5173/src/components/Toolbox/MagneticAdviser.vue?t=1775947585724:97
[   55922ms] [LOG] [MagneticAdviser] coreAdviseMode instanceof Object: false @ http://localhost:5173/src/components/Toolbox/MagneticAdviser.vue?t=1775947585724:98
[   55922ms] [LOG] [MagneticAdviser] String(coreAdviseMode): standard cores @ http://localhost:5173/src/components/Toolbox/MagneticAdviser.vue?t=1775947585724:99
[   55922ms] [LOG] [MagneticAdviser] final coreAdviseMode: standard cores @ http://localhost:5173/src/components/Toolbox/MagneticAdviser.vue?t=1775947585724:110
[   55922ms] [LOG] [DEBUG calculateAdvisedMagnetics] Original weights: Proxy @ http://localhost:5173/src/stores/taskQueue.js?t=1775943862989:244
[   55922ms] [LOG] [DEBUG calculateAdvisedMagnetics] Transformed weights: JSHandle@object @ http://localhost:5173/src/stores/taskQueue.js?t=1775943862989:245
[   55922ms] [LOG] [DEBUG calculateAdvisedMagnetics] FINAL mode: standard cores @ http://localhost:5173/src/stores/taskQueue.js?t=1775943862989:254
[   55922ms] [WARNING] [DEBUG calculateAdvisedMagnetics] Fixed frequency=0 in operating point 0, excitation 0. Set to 100000 @ http://localhost:5173/src/stores/taskQueue.js?t=1775943862989:263
[   55923ms] [WARNING] [DEBUG calculateAdvisedMagnetics] Fixed frequency=0 in operating point 0, excitation 1. Set to 100000 @ http://localhost:5173/src/stores/taskQueue.js?t=1775943862989:263
[   55923ms] [WARNING] [DEBUG calculateAdvisedMagnetics] Fixed frequency=0 in operating point 0, excitation 2. Set to 100000 @ http://localhost:5173/src/stores/taskQueue.js?t=1775943862989:263
[   55923ms] [WARNING] [DEBUG calculateAdvisedMagnetics] Fixed frequency=0 in operating point 0, excitation 3. Set to 100000 @ http://localhost:5173/src/stores/taskQueue.js?t=1775943862989:263
[   55923ms] [WARNING] [DEBUG calculateAdvisedMagnetics] Fixed frequency=0 in operating point 0, excitation 4. Set to 100000 @ http://localhost:5173/src/stores/taskQueue.js?t=1775943862989:263
[   59539ms] [LOG] [CoreAdviser] Starting with 3567 magnetics @ blob:http://localhost:5173/06a3175b-e878-4244-b5ad-41f6ffc319d1:7
[   60652ms] [LOG] [CoreAdviser] After AreaProduct: 1335 @ blob:http://localhost:5173/06a3175b-e878-4244-b5ad-41f6ffc319d1:7
[   60663ms] [LOG] [CoreAdviser] Ferrite cores after pruning: 400 @ blob:http://localhost:5173/06a3175b-e878-4244-b5ad-41f6ffc319d1:7
[   62605ms] [LOG] [CoreAdviser] After gapping: 400 @ blob:http://localhost:5173/06a3175b-e878-4244-b5ad-41f6ffc319d1:7
[   62894ms] [LOG] [CoreAdviser] After FringingFactor: 388 @ blob:http://localhost:5173/06a3175b-e878-4244-b5ad-41f6ffc319d1:7
[   62922ms] [LOG] [CoreAdviser] After Dimensions: 388 @ blob:http://localhost:5173/06a3175b-e878-4244-b5ad-41f6ffc319d1:7
[   63013ms] [LOG] [CoreAdviser] After materials: 776 @ blob:http://localhost:5173/06a3175b-e878-4244-b5ad-41f6ffc319d1:7
[   63391ms] [LOG] [CoreAdviser] After Inductance: 233 @ blob:http://localhost:5173/06a3175b-e878-4244-b5ad-41f6ffc319d1:7
[   63391ms] [LOG] [SatFilter] Using provided voltage: 772.901V @ blob:http://localhost:5173/06a3175b-e878-4244-b5ad-41f6ffc319d1:7
[   63392ms] [LOG] [SatFilter] Core: 98 E 50/15 gapped 0.55 mm stacks=1 Ae=181.091mm2 L=0uH Vpeak=772.901V N=20 f=100000Hz Bpeak=0.339638T Bsat=0.3507T OK @ blob:http://localhost:5173/06a3175b-e878-4244-b5ad-41f6ffc319d1:7
[   63392ms] [LOG] [SatFilter] Using provided voltage: 772.901V @ blob:http://localhost:5173/06a3175b-e878-4244-b5ad-41f6ffc319d1:7
[   63393ms] [LOG] [SatFilter] Core: 95 E 50/15 gapped 0.55 mm stacks=1 Ae=181.091mm2 L=0uH Vpeak=772.901V N=20 f=100000Hz Bpeak=0.339638T Bsat=0.35T OK @ blob:http://localhost:5173/06a3175b-e878-4244-b5ad-41f6ffc319d1:7
[   63393ms] [LOG] [SatFilter] Using provided voltage: 772.901V @ blob:http://localhost:5173/06a3175b-e878-4244-b5ad-41f6ffc319d1:7
[   63393ms] [LOG] [SatFilter] Core: 95 ER 54/18/18 gapped 0.36 mm stacks=1 Ae=274.118mm2 L=0uH Vpeak=772.901V N=13 f=100000Hz Bpeak=0.345193T Bsat=0.35T OK @ blob:http://localhost:5173/06a3175b-e878-4244-b5ad-41f6ffc319d1:7
[   63393ms] [LOG] [SatFilter] Using provided voltage: 772.901V @ blob:http://localhost:5173/06a3175b-e878-4244-b5ad-41f6ffc319d1:7
[   63394ms] [LOG] [SatFilter] Core: 95 ER 54/18/18 gapped 0.36 mm stacks=1 Ae=274.118mm2 L=0uH Vpeak=772.901V N=13 f=100000Hz Bpeak=0.345193T Bsat=0.35T OK @ blob:http://localhost:5173/06a3175b-e878-4244-b5ad-41f6ffc319d1:7
[   63394ms] [LOG] [SatFilter] Using provided voltage: 772.901V @ blob:http://localhost:5173/06a3175b-e878-4244-b5ad-41f6ffc319d1:7
[   63394ms] [LOG] [SatFilter] Core: 95 PQ 40/40 gapped 0.53 mm stacks=1 Ae=189.02mm2 L=0uH Vpeak=772.901V N=19 f=100000Hz Bpeak=0.342516T Bsat=0.35T OK @ blob:http://localhost:5173/06a3175b-e878-4244-b5ad-41f6ffc319d1:7
[   63394ms] [LOG] [SatFilter] Using provided voltage: 772.901V @ blob:http://localhost:5173/06a3175b-e878-4244-b5ad-41f6ffc319d1:7
[   63394ms] [LOG] [SatFilter] Core: 98 PQ 40/40 gapped 0.53 mm stacks=1 Ae=189.02mm2 L=0uH Vpeak=772.901V N=19 f=100000Hz Bpeak=0.342516T Bsat=0.3507T OK @ blob:http://localhost:5173/06a3175b-e878-4244-b5ad-41f6ffc319d1:7
[   63395ms] [LOG] [SatFilter] Using provided voltage: 772.901V @ blob:http://localhost:5173/06a3175b-e878-4244-b5ad-41f6ffc319d1:7
[   63395ms] [LOG] [SatFilter] Core: 98 E 42/21/20 gapped 0.54 mm stacks=1 Ae=186.792mm2 L=0uH Vpeak=772.901V N=19 f=100000Hz Bpeak=0.346602T Bsat=0.3507T OK @ blob:http://localhost:5173/06a3175b-e878-4244-b5ad-41f6ffc319d1:7
[   63395ms] [LOG] [SatFilter] Using provided voltage: 772.901V @ blob:http://localhost:5173/06a3175b-e878-4244-b5ad-41f6ffc319d1:7
[   63395ms] [LOG] [SatFilter] Core: 98 E 42/21/20 gapped 0.54 mm stacks=1 Ae=186.792mm2 L=0uH Vpeak=772.901V N=19 f=100000Hz Bpeak=0.346602T Bsat=0.3507T OK @ blob:http://localhost:5173/06a3175b-e878-4244-b5ad-41f6ffc319d1:7
[   63396ms] [LOG] [SatFilter] Using provided voltage: 772.901V @ blob:http://localhost:5173/06a3175b-e878-4244-b5ad-41f6ffc319d1:7
[   63396ms] [LOG] [SatFilter] Core: 95 ER 48/18/18 gapped 0.47 mm stacks=1 Ae=214.048mm2 L=0uH Vpeak=772.901V N=17 f=100000Hz Bpeak=0.338053T Bsat=0.35T OK @ blob:http://localhost:5173/06a3175b-e878-4244-b5ad-41f6ffc319d1:7
[   63396ms] [LOG] [SatFilter] Using provided voltage: 772.901V @ blob:http://localhost:5173/06a3175b-e878-4244-b5ad-41f6ffc319d1:7
[   63397ms] [LOG] [SatFilter] Core: 98 ER 48/18/18 gapped 0.47 mm stacks=1 Ae=214.048mm2 L=0uH Vpeak=772.901V N=17 f=100000Hz Bpeak=0.338053T Bsat=0.3507T OK @ blob:http://localhost:5173/06a3175b-e878-4244-b5ad-41f6ffc319d1:7
[   63397ms] [LOG] [SatFilter] Using provided voltage: 772.901V @ blob:http://localhost:5173/06a3175b-e878-4244-b5ad-41f6ffc319d1:7
[   63397ms] [LOG] [SatFilter] Core: 95 PQ 50/30 gapped 0.29 mm stacks=1 Ae=342.595mm2 L=0uH Vpeak=772.901V N=11 f=100000Hz Bpeak=0.326415T Bsat=0.35T OK @ blob:http://localhost:5173/06a3175b-e878-4244-b5ad-41f6ffc319d1:7
[   63397ms] [LOG] [SatFilter] Using provided voltage: 772.901V @ blob:http://localhost:5173/06a3175b-e878-4244-b5ad-41f6ffc319d1:7
[   63397ms] [LOG] [SatFilter] Core: 98 PQ 50/30 gapped 0.29 mm stacks=1 Ae=342.595mm2 L=0uH Vpeak=772.901V N=11 f=100000Hz Bpeak=0.326415T Bsat=0.3507T OK @ blob:http://localhost:5173/06a3175b-e878-4244-b5ad-41f6ffc319d1:7
[   63398ms] [LOG] [SatFilter] Using provided voltage: 772.901V @ blob:http://localhost:5173/06a3175b-e878-4244-b5ad-41f6ffc319d1:7
[   63398ms] [LOG] [SatFilter] Core: 95 E 42/21/20 gapped 0.54 mm stacks=1 Ae=186.792mm2 L=0uH Vpeak=772.901V N=19 f=100000Hz Bpeak=0.346602T Bsat=0.35T OK @ blob:http://localhost:5173/06a3175b-e878-4244-b5ad-41f6ffc319d1:7
[   63398ms] [LOG] [SatFilter] Using provided voltage: 772.901V @ blob:http://localhost:5173/06a3175b-e878-4244-b5ad-41f6ffc319d1:7
[   63398ms] [LOG] [SatFilter] Core: 95 E 42/21/20 gapped 0.54 mm stacks=1 Ae=186.792mm2 L=0uH Vpeak=772.901V N=19 f=100000Hz Bpeak=0.346602T Bsat=0.35T OK @ blob:http://localhost:5173/06a3175b-e878-4244-b5ad-41f6ffc319d1:7
[   63399ms] [LOG] [SatFilter] Using provided voltage: 772.901V @ blob:http://localhost:5173/06a3175b-e878-4244-b5ad-41f6ffc319d1:7
[   63399ms] [LOG] [SatFilter] Core: 95 EQ 41/28/17 gapped 0.49 mm stacks=1 Ae=202.977mm2 L=0uH Vpeak=772.901V N=18 f=100000Hz Bpeak=0.336686T Bsat=0.35T OK @ blob:http://localhost:5173/06a3175b-e878-4244-b5ad-41f6ffc319d1:7
[   63399ms] [LOG] [SatFilter] Using provided voltage: 772.901V @ blob:http://localhost:5173/06a3175b-e878-4244-b5ad-41f6ffc319d1:7
[   63399ms] [LOG] [SatFilter] Core: 95 EQ 41/28/17 gapped 0.49 mm stacks=1 Ae=202.977mm2 L=0uH Vpeak=772.901V N=18 f=100000Hz Bpeak=0.336686T Bsat=0.35T OK @ blob:http://localhost:5173/06a3175b-e878-4244-b5ad-41f6ffc319d1:7
[   63399ms] [LOG] [SatFilter] Using provided voltage: 772.901V @ blob:http://localhost:5173/06a3175b-e878-4244-b5ad-41f6ffc319d1:7
[   63400ms] [LOG] [SatFilter] Core: 98 EQ 41/28/17 gapped 0.49 mm stacks=1 Ae=202.977mm2 L=0uH Vpeak=772.901V N=18 f=100000Hz Bpeak=0.336686T Bsat=0.3507T OK @ blob:http://localhost:5173/06a3175b-e878-4244-b5ad-41f6ffc319d1:7
[   63400ms] [LOG] [SatFilter] Using provided voltage: 772.901V @ blob:http://localhost:5173/06a3175b-e878-4244-b5ad-41f6ffc319d1:7
[   63400ms] [LOG] [SatFilter] Core: 98 EQ 41/28/17 gapped 0.49 mm stacks=1 Ae=202.977mm2 L=0uH Vpeak=772.901V N=18 f=100000Hz Bpeak=0.336686T Bsat=0.3507T OK @ blob:http://localhost:5173/06a3175b-e878-4244-b5ad-41f6ffc319d1:7
[   63401ms] [LOG] [SatFilter] Using provided voltage: 772.901V @ blob:http://localhost:5173/06a3175b-e878-4244-b5ad-41f6ffc319d1:7
[   63401ms] [LOG] [SatFilter] Core: 95 P 47/28 gapped 0.29 mm stacks=1 Ae=350.505mm2 L=0uH Vpeak=772.901V N=11 f=100000Hz Bpeak=0.319049T Bsat=0.35T OK @ blob:http://localhost:5173/06a3175b-e878-4244-b5ad-41f6ffc319d1:7
[   63401ms] [LOG] [SatFilter] Using provided voltage: 772.901V @ blob:http://localhost:5173/06a3175b-e878-4244-b5ad-41f6ffc319d1:7
[   63401ms] [LOG] [SatFilter] Core: 98 P 47/28 gapped 0.29 mm stacks=1 Ae=350.505mm2 L=0uH Vpeak=772.901V N=11 f=100000Hz Bpeak=0.319049T Bsat=0.3507T OK @ blob:http://localhost:5173/06a3175b-e878-4244-b5ad-41f6ffc319d1:7
[   63401ms] [LOG] [SatFilter] Using provided voltage: 772.901V @ blob:http://localhost:5173/06a3175b-e878-4244-b5ad-41f6ffc319d1:7
[   63401ms] [LOG] [SatFilter] Core: 95 EQ 50/32/15 gapped 0.29 mm stacks=1 Ae=341.216mm2 L=0uH Vpeak=772.901V N=11 f=100000Hz Bpeak=0.327735T Bsat=0.35T OK @ blob:http://localhost:5173/06a3175b-e878-4244-b5ad-41f6ffc319d1:7
[   63402ms] [LOG] [SatFilter] Using provided voltage: 772.901V @ blob:http://localhost:5173/06a3175b-e878-4244-b5ad-41f6ffc319d1:7
[   63402ms] [LOG] [SatFilter] Core: 98 EQ 50/32/15 gapped 0.29 mm stacks=1 Ae=341.216mm2 L=0uH Vpeak=772.901V N=11 f=100000Hz Bpeak=0.327735T Bsat=0.3507T OK @ blob:http://localhost:5173/06a3175b-e878-4244-b5ad-41f6ffc319d1:7
[   63402ms] [LOG] [SatFilter] Using provided voltage: 772.901V @ blob:http://localhost:5173/06a3175b-e878-4244-b5ad-41f6ffc319d1:7
[   63403ms] [LOG] [SatFilter] Core: 95 EQ 50/32/15.6 gapped 0.29 mm stacks=1 Ae=340.547mm2 L=0uH Vpeak=772.901V N=11 f=100000Hz Bpeak=0.328378T Bsat=0.35T OK @ blob:http://localhost:5173/06a3175b-e878-4244-b5ad-41f6ffc319d1:7
[   63403ms] [LOG] [SatFilter] Using provided voltage: 772.901V @ blob:http://localhost:5173/06a3175b-e878-4244-b5ad-41f6ffc319d1:7
[   63403ms] [LOG] [SatFilter] Core: 98 EQ 50/32/15.6 gapped 0.29 mm stacks=1 Ae=340.547mm2 L=0uH Vpeak=772.901V N=11 f=100000Hz Bpeak=0.328378T Bsat=0.3507T OK @ blob:http://localhost:5173/06a3175b-e878-4244-b5ad-41f6ffc319d1:7
[   63403ms] [LOG] [SatFilter] Using provided voltage: 772.901V @ blob:http://localhost:5173/06a3175b-e878-4244-b5ad-41f6ffc319d1:7
[   63404ms] [LOG] [SatFilter] Core: 95 E 60/16 gapped 0.50 mm stacks=1 Ae=200.6mm2 L=0uH Vpeak=772.901V N=18 f=100000Hz Bpeak=0.340675T Bsat=0.35T OK @ blob:http://localhost:5173/06a3175b-e878-4244-b5ad-41f6ffc319d1:7
[   63404ms] [LOG] [SatFilter] Using provided voltage: 772.901V @ blob:http://localhost:5173/06a3175b-e878-4244-b5ad-41f6ffc319d1:7
[   63404ms] [LOG] [SatFilter] Core: 95 ETD 49/25/16 gapped 0.47 mm stacks=1 Ae=211.192mm2 L=0uH Vpeak=772.901V N=17 f=100000Hz Bpeak=0.342625T Bsat=0.35T OK @ blob:http://localhost:5173/06a3175b-e878-4244-b5ad-41f6ffc319d1:7
[   63404ms] [LOG] [SatFilter] Using provided voltage: 772.901V @ blob:http://localhost:5173/06a3175b-e878-4244-b5ad-41f6ffc319d1:7
[   63404ms] [LOG] [SatFilter] Core: 95 ETD 49/25/16 gapped 0.47 mm stacks=1 Ae=211.192mm2 L=0uH Vpeak=772.901V N=17 f=100000Hz Bpeak=0.342625T Bsat=0.35T OK @ blob:http://localhost:5173/06a3175b-e878-4244-b5ad-41f6ffc319d1:7
[   63405ms] [LOG] [SatFilter] Using provided voltage: 772.901V @ blob:http://localhost:5173/06a3175b-e878-4244-b5ad-41f6ffc319d1:7
[   63405ms] [LOG] [SatFilter] Core: 98 ETD 49/25/16 gapped 0.47 mm stacks=1 Ae=211.192mm2 L=0uH Vpeak=772.901V N=17 f=100000Hz Bpeak=0.342625T Bsat=0.3507T OK @ blob:http://localhost:5173/06a3175b-e878-4244-b5ad-41f6ffc319d1:7
[   63405ms] [LOG] [SatFilter] Using provided voltage: 772.901V @ blob:http://localhost:5173/06a3175b-e878-4244-b5ad-41f6ffc319d1:7
[   63407ms] [LOG] [SatFilter] Core: 98 ETD 49/25/16 gapped 0.47 mm stacks=1 Ae=211.192mm2 L=0uH Vpeak=772.901V N=17 f=100000Hz Bpeak=0.342625T Bsat=0.3507T OK @ blob:http://localhost:5173/06a3175b-e878-4244-b5ad-41f6ffc319d1:7
[   63407ms] [LOG] [SatFilter] Using provided voltage: 772.901V @ blob:http://localhost:5173/06a3175b-e878-4244-b5ad-41f6ffc319d1:7
[   63407ms] [LOG] [SatFilter] Core: 98 E 58/11/38 gapped 0.41 mm stacks=1 Ae=241.34mm2 L=0uH Vpeak=772.901V N=15 f=100000Hz Bpeak=0.339799T Bsat=0.3507T OK @ blob:http://localhost:5173/06a3175b-e878-4244-b5ad-41f6ffc319d1:7
[   63407ms] [LOG] [SatFilter] Using provided voltage: 772.901V @ blob:http://localhost:5173/06a3175b-e878-4244-b5ad-41f6ffc319d1:7
[   63407ms] [LOG] [SatFilter] Core: 95 ER 48/21/21 gapped 0.40 mm stacks=1 Ae=252.661mm2 L=0uH Vpeak=772.901V N=14 f=100000Hz Bpeak=0.347759T Bsat=0.35T OK @ blob:http://localhost:5173/06a3175b-e878-4244-b5ad-41f6ffc319d1:7
[   63407ms] [LOG] [SatFilter] Using provided voltage: 772.901V @ blob:http://localhost:5173/06a3175b-e878-4244-b5ad-41f6ffc319d1:7
[   63407ms] [LOG] [SatFilter] Core: 98 ER 48/21/21 gapped 0.40 mm stacks=1 Ae=252.661mm2 L=0uH Vpeak=772.901V N=14 f=100000Hz Bpeak=0.347759T Bsat=0.3507T OK @ blob:http://localhost:5173/06a3175b-e878-4244-b5ad-41f6ffc319d1:7
[   63407ms] [LOG] [SatFilter] Using provided voltage: 772.901V @ blob:http://localhost:5173/06a3175b-e878-4244-b5ad-41f6ffc319d1:7
[   63407ms] [LOG] [SatFilter] Core: 98 E 60/16 gapped 0.50 mm stacks=1 Ae=200.6mm2 L=0uH Vpeak=772.901V N=18 f=100000Hz Bpeak=0.340675T Bsat=0.3507T OK @ blob:http://localhost:5173/06a3175b-e878-4244-b5ad-41f6ffc319d1:7
[   63407ms] [LOG] [SatFilter] Using provided voltage: 772.901V @ blob:http://localhost:5173/06a3175b-e878-4244-b5ad-41f6ffc319d1:7
[   63408ms] [LOG] [SatFilter] Core: 95 E 58/11/38 gapped 0.41 mm stacks=1 Ae=241.34mm2 L=0uH Vpeak=772.901V N=15 f=100000Hz Bpeak=0.339799T Bsat=0.35T OK @ blob:http://localhost:5173/06a3175b-e878-4244-b5ad-41f6ffc319d1:7
[   63408ms] [LOG] [SatFilter] Using provided voltage: 772.901V @ blob:http://localhost:5173/06a3175b-e878-4244-b5ad-41f6ffc319d1:7
[   63408ms] [LOG] [SatFilter] Core: 95 EQ 50/32/16 gapped 0.29 mm stacks=1 Ae=340.124mm2 L=0uH Vpeak=772.901V N=11 f=100000Hz Bpeak=0.328786T Bsat=0.35T OK @ blob:http://localhost:5173/06a3175b-e878-4244-b5ad-41f6ffc319d1:7
[   63408ms] [LOG] [SatFilter] Using provided voltage: 772.901V @ blob:http://localhost:5173/06a3175b-e878-4244-b5ad-41f6ffc319d1:7
[   63409ms] [LOG] [SatFilter] Core: 95 E 56/24/19 gapped 0.36 mm stacks=1 Ae=274.646mm2 L=0uH Vpeak=772.901V N=13 f=100000Hz Bpeak=0.344531T Bsat=0.35T OK @ blob:http://localhost:5173/06a3175b-e878-4244-b5ad-41f6ffc319d1:7
[   63409ms] [LOG] [SatFilter] Using provided voltage: 772.901V @ blob:http://localhost:5173/06a3175b-e878-4244-b5ad-41f6ffc319d1:7
[   63409ms] [LOG] [SatFilter] Core: 95 PQ 50/35 gapped 0.29 mm stacks=1 Ae=339.599mm2 L=0uH Vpeak=772.901V N=11 f=100000Hz Bpeak=0.329295T Bsat=0.35T OK @ blob:http://localhost:5173/06a3175b-e878-4244-b5ad-41f6ffc319d1:7
[   63409ms] [LOG] [SatFilter] Using provided voltage: 772.901V @ blob:http://localhost:5173/06a3175b-e878-4244-b5ad-41f6ffc319d1:7
[   63410ms] [LOG] [SatFilter] Core: 98 E 56/24/19 gapped 0.36 mm stacks=1 Ae=274.646mm2 L=0uH Vpeak=772.901V N=13 f=100000Hz Bpeak=0.344531T Bsat=0.3507T OK @ blob:http://localhost:5173/06a3175b-e878-4244-b5ad-41f6ffc319d1:7
[   63410ms] [LOG] [SatFilter] Using provided voltage: 772.901V @ blob:http://localhost:5173/06a3175b-e878-4244-b5ad-41f6ffc319d1:7
[   63410ms] [LOG] [SatFilter] Core: 95 U 30/26/26 gapped 0.36 mm stacks=1 Ae=275.6mm2 L=0uH Vpeak=772.901V N=13 f=100000Hz Bpeak=0.343338T Bsat=0.35T OK @ blob:http://localhost:5173/06a3175b-e878-4244-b5ad-41f6ffc319d1:7
[   63410ms] [LOG] [SatFilter] Using provided voltage: 772.901V @ blob:http://localhost:5173/06a3175b-e878-4244-b5ad-41f6ffc319d1:7
[   63410ms] [LOG] [SatFilter] Core: 95 EQ 50/32/17 gapped 0.29 mm stacks=1 Ae=339.141mm2 L=0uH Vpeak=772.901V N=11 f=100000Hz Bpeak=0.32974T Bsat=0.35T OK @ blob:http://localhost:5173/06a3175b-e878-4244-b5ad-41f6ffc319d1:7
[   63411ms] [LOG] [SatFilter] Using provided voltage: 772.901V @ blob:http://localhost:5173/06a3175b-e878-4244-b5ad-41f6ffc319d1:7
[   63411ms] [LOG] [SatFilter] Core: 95 E 58/11/38 gapped 0.33 mm stacks=1 Ae=301.676mm2 L=0uH Vpeak=772.901V N=12 f=100000Hz Bpeak=0.339799T Bsat=0.35T OK @ blob:http://localhost:5173/06a3175b-e878-4244-b5ad-41f6ffc319d1:7
[   63411ms] [LOG] [SatFilter] Using provided voltage: 772.901V @ blob:http://localhost:5173/06a3175b-e878-4244-b5ad-41f6ffc319d1:7
[   63411ms] [LOG] [SatFilter] Core: 95 ER 49/27/17 gapped 0.50 mm stacks=1 Ae=199.534mm2 L=0uH Vpeak=772.901V N=18 f=100000Hz Bpeak=0.342496T Bsat=0.35T OK @ blob:http://localhost:5173/06a3175b-e878-4244-b5ad-41f6ffc319d1:7
[   63412ms] [LOG] [SatFilter] Using provided voltage: 772.901V @ blob:http://localhost:5173/06a3175b-e878-4244-b5ad-41f6ffc319d1:7
[   63412ms] [LOG] [SatFilter] Core: 95 ER 49/27/17 gapped 0.50 mm stacks=1 Ae=199.534mm2 L=0uH Vpeak=772.901V N=18 f=100000Hz Bpeak=0.342496T Bsat=0.35T OK @ blob:http://localhost:5173/06a3175b-e878-4244-b5ad-41f6ffc319d1:7
[   63412ms] [LOG] [SatFilter] Using provided voltage: 772.901V @ blob:http://localhost:5173/06a3175b-e878-4244-b5ad-41f6ffc319d1:7
[   63412ms] [LOG] [SatFilter] Core: 95 ER 49/27/17 gapped 0.50 mm stacks=1 Ae=199.534mm2 L=0uH Vpeak=772.901V N=18 f=100000Hz Bpeak=0.342496T Bsat=0.35T OK @ blob:http://localhost:5173/06a3175b-e878-4244-b5ad-41f6ffc319d1:7
[   63413ms] [LOG] [SatFilter] Using provided voltage: 772.901V @ blob:http://localhost:5173/06a3175b-e878-4244-b5ad-41f6ffc319d1:7
[   63413ms] [LOG] [SatFilter] Core: 98 U 30/26/26 gapped 0.36 mm stacks=1 Ae=275.6mm2 L=0uH Vpeak=772.901V N=13 f=100000Hz Bpeak=0.343338T Bsat=0.3507T OK @ blob:http://localhost:5173/06a3175b-e878-4244-b5ad-41f6ffc319d1:7
[   63413ms] [LOG] [SatFilter] Using provided voltage: 772.901V @ blob:http://localhost:5173/06a3175b-e878-4244-b5ad-41f6ffc319d1:7
[   63413ms] [LOG] [SatFilter] Core: 95 ER 64/13/51 gapped 0.16 mm stacks=1 Ae=624.768mm2 L=0uH Vpeak=772.901V N=7 f=100000Hz Bpeak=0.281272T Bsat=0.35T OK @ blob:http://localhost:5173/06a3175b-e878-4244-b5ad-41f6ffc319d1:7
[   63414ms] [LOG] [SatFilter] Using provided voltage: 772.901V @ blob:http://localhost:5173/06a3175b-e878-4244-b5ad-41f6ffc319d1:7
[   63414ms] [LOG] [SatFilter] Core: 95 ER 64/13/51 gapped 0.16 mm stacks=1 Ae=624.768mm2 L=0uH Vpeak=772.901V N=7 f=100000Hz Bpeak=0.281272T Bsat=0.35T OK @ blob:http://localhost:5173/06a3175b-e878-4244-b5ad-41f6ffc319d1:7
[   63414ms] [LOG] [SatFilter] Using provided voltage: 772.901V @ blob:http://localhost:5173/06a3175b-e878-4244-b5ad-41f6ffc319d1:7
[   63414ms] [LOG] [SatFilter] Core: 95 EQ 50/32/17.5 gapped 0.30 mm stacks=1 Ae=338.685mm2 L=0uH Vpeak=772.901V N=11 f=100000Hz Bpeak=0.330184T Bsat=0.35T OK @ blob:http://localhost:5173/06a3175b-e878-4244-b5ad-41f6ffc319d1:7
[   63415ms] [LOG] [SatFilter] Using provided voltage: 772.901V @ blob:http://localhost:5173/06a3175b-e878-4244-b5ad-41f6ffc319d1:7
[   63415ms] [LOG] [SatFilter] Core: 98 E 58/11/38 gapped 0.33 mm stacks=1 Ae=301.676mm2 L=0uH Vpeak=772.901V N=12 f=100000Hz Bpeak=0.339799T Bsat=0.3507T OK @ blob:http://localhost:5173/06a3175b-e878-4244-b5ad-41f6ffc319d1:7
[   63415ms] [LOG] [SatFilter] Using provided voltage: 772.901V @ blob:http://localhost:5173/06a3175b-e878-4244-b5ad-41f6ffc319d1:7
[   63415ms] [LOG] [SatFilter] Core: 95 E 64/10/50 gapped 0.24 mm stacks=1 Ae=415.939mm2 L=0uH Vpeak=772.901V N=9 f=100000Hz Bpeak=0.328603T Bsat=0.35T OK @ blob:http://localhost:5173/06a3175b-e878-4244-b5ad-41f6ffc319d1:7
[   63415ms] [LOG] [SatFilter] Using provided voltage: 772.901V @ blob:http://localhost:5173/06a3175b-e878-4244-b5ad-41f6ffc319d1:7
[   63416ms] [LOG] [SatFilter] Core: 95 E 64/10/50 gapped 0.24 mm stacks=1 Ae=415.939mm2 L=0uH Vpeak=772.901V N=9 f=100000Hz Bpeak=0.328603T Bsat=0.35T OK @ blob:http://localhost:5173/06a3175b-e878-4244-b5ad-41f6ffc319d1:7
[   63416ms] [LOG] [SatFilter] Using provided voltage: 772.901V @ blob:http://localhost:5173/06a3175b-e878-4244-b5ad-41f6ffc319d1:7
[   63416ms] [LOG] [SatFilter] Core: 98 ER 64/13/51 gapped 0.16 mm stacks=1 Ae=624.768mm2 L=0uH Vpeak=772.901V N=7 f=100000Hz Bpeak=0.281272T Bsat=0.3507T OK @ blob:http://localhost:5173/06a3175b-e878-4244-b5ad-41f6ffc319d1:7
[   63416ms] [LOG] [SatFilter] Using provided voltage: 772.901V @ blob:http://localhost:5173/06a3175b-e878-4244-b5ad-41f6ffc319d1:7
[   63417ms] [LOG] [SatFilter] Core: 98 ER 64/13/51 gapped 0.16 mm stacks=1 Ae=624.768mm2 L=0uH Vpeak=772.901V N=7 f=100000Hz Bpeak=0.281272T Bsat=0.3507T OK @ blob:http://localhost:5173/06a3175b-e878-4244-b5ad-41f6ffc319d1:7
[   63417ms] [LOG] [SatFilter] Using provided voltage: 772.901V @ blob:http://localhost:5173/06a3175b-e878-4244-b5ad-41f6ffc319d1:7
[   63417ms] [LOG] [SatFilter] Core: 98 ER 49/27/17 gapped 0.50 mm stacks=1 Ae=199.534mm2 L=0uH Vpeak=772.901V N=18 f=100000Hz Bpeak=0.342496T Bsat=0.3507T OK @ blob:http://localhost:5173/06a3175b-e878-4244-b5ad-41f6ffc319d1:7
[   63417ms] [LOG] [SatFilter] Using provided voltage: 772.901V @ blob:http://localhost:5173/06a3175b-e878-4244-b5ad-41f6ffc319d1:7
[   63418ms] [LOG] [SatFilter] Core: 98 ER 49/27/17 gapped 0.50 mm stacks=1 Ae=199.534mm2 L=0uH Vpeak=772.901V N=18 f=100000Hz Bpeak=0.342496T Bsat=0.3507T OK @ blob:http://localhost:5173/06a3175b-e878-4244-b5ad-41f6ffc319d1:7
[   63418ms] [LOG] [SatFilter] Using provided voltage: 772.901V @ blob:http://localhost:5173/06a3175b-e878-4244-b5ad-41f6ffc319d1:7
[   63418ms] [LOG] [SatFilter] Core: 98 ER 49/27/17 gapped 0.50 mm stacks=1 Ae=199.534mm2 L=0uH Vpeak=772.901V N=18 f=100000Hz Bpeak=0.342496T Bsat=0.3507T OK @ blob:http://localhost:5173/06a3175b-e878-4244-b5ad-41f6ffc319d1:7
[   63418ms] [LOG] [SatFilter] Using provided voltage: 772.901V @ blob:http://localhost:5173/06a3175b-e878-4244-b5ad-41f6ffc319d1:7
[   63419ms] [LOG] [SatFilter] Core: 95 PM 50/39 gapped 0.29 mm stacks=1 Ae=348.322mm2 L=0uH Vpeak=772.901V N=11 f=100000Hz Bpeak=0.321048T Bsat=0.35T OK @ blob:http://localhost:5173/06a3175b-e878-4244-b5ad-41f6ffc319d1:7
[   63419ms] [LOG] [SatFilter] Using provided voltage: 772.901V @ blob:http://localhost:5173/06a3175b-e878-4244-b5ad-41f6ffc319d1:7
[   63419ms] [LOG] [SatFilter] Core: 95 EQ 50/32/18 gapped 0.30 mm stacks=1 Ae=338.25mm2 L=0uH Vpeak=772.901V N=11 f=100000Hz Bpeak=0.330608T Bsat=0.35T OK @ blob:http://localhost:5173/06a3175b-e878-4244-b5ad-41f6ffc319d1:7
[   63419ms] [LOG] [SatFilter] Using provided voltage: 772.901V @ blob:http://localhost:5173/06a3175b-e878-4244-b5ad-41f6ffc319d1:7
[   63419ms] [LOG] [SatFilter] Core: 98 E 64/10/50 gapped 0.24 mm stacks=1 Ae=415.939mm2 L=0uH Vpeak=772.901V N=9 f=100000Hz Bpeak=0.328603T Bsat=0.3507T OK @ blob:http://localhost:5173/06a3175b-e878-4244-b5ad-41f6ffc319d1:7
[   63420ms] [LOG] [SatFilter] Using provided voltage: 772.901V @ blob:http://localhost:5173/06a3175b-e878-4244-b5ad-41f6ffc319d1:7
[   63420ms] [LOG] [SatFilter] Core: 98 E 64/10/50 gapped 0.24 mm stacks=1 Ae=415.939mm2 L=0uH Vpeak=772.901V N=9 f=100000Hz Bpeak=0.328603T Bsat=0.3507T OK @ blob:http://localhost:5173/06a3175b-e878-4244-b5ad-41f6ffc319d1:7
[   63420ms] [LOG] [SatFilter] Using provided voltage: 772.901V @ blob:http://localhost:5173/06a3175b-e878-4244-b5ad-41f6ffc319d1:7
[   63420ms] [LOG] [SatFilter] Core: 95 EQ 50/32/19 gapped 0.30 mm stacks=1 Ae=337.44mm2 L=0uH Vpeak=772.901V N=11 f=100000Hz Bpeak=0.331402T Bsat=0.35T OK @ blob:http://localhost:5173/06a3175b-e878-4244-b5ad-41f6ffc319d1:7
[   63420ms] [LOG] [SatFilter] Using provided voltage: 772.901V @ blob:http://localhost:5173/06a3175b-e878-4244-b5ad-41f6ffc319d1:7
[   63421ms] [LOG] [SatFilter] Core: 95 PQ 50/40 gapped 0.30 mm stacks=1 Ae=338.325mm2 L=0uH Vpeak=772.901V N=11 f=100000Hz Bpeak=0.330535T Bsat=0.35T OK @ blob:http://localhost:5173/06a3175b-e878-4244-b5ad-41f6ffc319d1:7
[   63421ms] [LOG] [SatFilter] Using provided voltage: 772.901V @ blob:http://localhost:5173/06a3175b-e878-4244-b5ad-41f6ffc319d1:7
[   63421ms] [LOG] [SatFilter] Core: 95 E 80/24/19.8 gapped 0.31 mm stacks=1 Ae=319.083mm2 L=0uH Vpeak=772.901V N=12 f=100000Hz Bpeak=0.321262T Bsat=0.35T OK @ blob:http://localhost:5173/06a3175b-e878-4244-b5ad-41f6ffc319d1:7
[   63421ms] [LOG] [SatFilter] Using provided voltage: 772.901V @ blob:http://localhost:5173/06a3175b-e878-4244-b5ad-41f6ffc319d1:7
[   63422ms] [LOG] [SatFilter] Core: 95 E 55/28/21 gapped 0.35 mm stacks=1 Ae=282.432mm2 L=0uH Vpeak=772.901V N=13 f=100000Hz Bpeak=0.335032T Bsat=0.35T OK @ blob:http://localhost:5173/06a3175b-e878-4244-b5ad-41f6ffc319d1:7
[   63422ms] [LOG] [SatFilter] Using provided voltage: 772.901V @ blob:http://localhost:5173/06a3175b-e878-4244-b5ad-41f6ffc319d1:7
[   63422ms] [LOG] [SatFilter] Core: 95 E 55/28/21 gapped 0.35 mm stacks=1 Ae=282.432mm2 L=0uH Vpeak=772.901V N=13 f=100000Hz Bpeak=0.335032T Bsat=0.35T OK @ blob:http://localhost:5173/06a3175b-e878-4244-b5ad-41f6ffc319d1:7
[   63423ms] [LOG] [SatFilter] Using provided voltage: 772.901V @ blob:http://localhost:5173/06a3175b-e878-4244-b5ad-41f6ffc319d1:7
[   63423ms] [LOG] [SatFilter] Core: 95 ETD 54/28/19 gapped 0.36 mm stacks=1 Ae=279.988mm2 L=0uH Vpeak=772.901V N=13 f=100000Hz Bpeak=0.337956T Bsat=0.35T OK @ blob:http://localhost:5173/06a3175b-e878-4244-b5ad-41f6ffc319d1:7
[   63423ms] [LOG] [SatFilter] Using provided voltage: 772.901V @ blob:http://localhost:5173/06a3175b-e878-4244-b5ad-41f6ffc319d1:7
[   63423ms] [LOG] [SatFilter] Core: 95 ETD 54/28/19 gapped 0.36 mm stacks=1 Ae=279.988mm2 L=0uH Vpeak=772.901V N=13 f=100000Hz Bpeak=0.337956T Bsat=0.35T OK @ blob:http://localhost:5173/06a3175b-e878-4244-b5ad-41f6ffc319d1:7
[   63423ms] [LOG] [SatFilter] Using provided voltage: 772.901V @ blob:http://localhost:5173/06a3175b-e878-4244-b5ad-41f6ffc319d1:7
[   63423ms] [LOG] [SatFilter] Core: 98 E 55/28/21 gapped 0.35 mm stacks=1 Ae=282.432mm2 L=0uH Vpeak=772.901V N=13 f=100000Hz Bpeak=0.335032T Bsat=0.3507T OK @ blob:http://localhost:5173/06a3175b-e878-4244-b5ad-41f6ffc319d1:7
[   63424ms] [LOG] [SatFilter] Using provided voltage: 772.901V @ blob:http://localhost:5173/06a3175b-e878-4244-b5ad-41f6ffc319d1:7
[   63424ms] [LOG] [SatFilter] Core: 98 E 55/28/21 gapped 0.35 mm stacks=1 Ae=282.432mm2 L=0uH Vpeak=772.901V N=13 f=100000Hz Bpeak=0.335032T Bsat=0.3507T OK @ blob:http://localhost:5173/06a3175b-e878-4244-b5ad-41f6ffc319d1:7
[   63424ms] [LOG] [SatFilter] Using provided voltage: 772.901V @ blob:http://localhost:5173/06a3175b-e878-4244-b5ad-41f6ffc319d1:7
[   63424ms] [LOG] [SatFilter] Core: 98 ETD 54/28/19 gapped 0.36 mm stacks=1 Ae=279.988mm2 L=0uH Vpeak=772.901V N=13 f=100000Hz Bpeak=0.337956T Bsat=0.3507T OK @ blob:http://localhost:5173/06a3175b-e878-4244-b5ad-41f6ffc319d1:7
[   63425ms] [LOG] [SatFilter] Using provided voltage: 772.901V @ blob:http://localhost:5173/06a3175b-e878-4244-b5ad-41f6ffc319d1:7
[   63425ms] [LOG] [SatFilter] Core: 98 ETD 54/28/19 gapped 0.36 mm stacks=1 Ae=279.988mm2 L=0uH Vpeak=772.901V N=13 f=100000Hz Bpeak=0.337956T Bsat=0.3507T OK @ blob:http://localhost:5173/06a3175b-e878-4244-b5ad-41f6ffc319d1:7
[   63425ms] [LOG] [SatFilter] Using provided voltage: 772.901V @ blob:http://localhost:5173/06a3175b-e878-4244-b5ad-41f6ffc319d1:7
[   63425ms] [LOG] [SatFilter] Core: 95 UR 57/28/16 gapped 0.53 mm stacks=1 Ae=190.312mm2 L=0uH Vpeak=772.901V N=19 f=100000Hz Bpeak=0.340192T Bsat=0.35T OK @ blob:http://localhost:5173/06a3175b-e878-4244-b5ad-41f6ffc319d1:7
[   63426ms] [LOG] [SatFilter] Using provided voltage: 772.901V @ blob:http://localhost:5173/06a3175b-e878-4244-b5ad-41f6ffc319d1:7
[   63426ms] [LOG] [SatFilter] Core: 95 E 55/28/25 gapped 0.30 mm stacks=1 Ae=335.644mm2 L=0uH Vpeak=772.901V N=11 f=100000Hz Bpeak=0.333175T Bsat=0.35T OK @ blob:http://localhost:5173/06a3175b-e878-4244-b5ad-41f6ffc319d1:7
[   63426ms] [LOG] [SatFilter] Using provided voltage: 772.901V @ blob:http://localhost:5173/06a3175b-e878-4244-b5ad-41f6ffc319d1:7
[   63426ms] [LOG] [SatFilter] Core: 95 E 55/28/25 gapped 0.30 mm stacks=1 Ae=335.644mm2 L=0uH Vpeak=772.901V N=11 f=100000Hz Bpeak=0.333175T Bsat=0.35T OK @ blob:http://localhost:5173/06a3175b-e878-4244-b5ad-41f6ffc319d1:7
[   63426ms] [LOG] [SatFilter] Using provided voltage: 772.901V @ blob:http://localhost:5173/06a3175b-e878-4244-b5ad-41f6ffc319d1:7
[   63427ms] [LOG] [SatFilter] Core: 98 UR 57/28/16 gapped 0.53 mm stacks=1 Ae=190.312mm2 L=0uH Vpeak=772.901V N=19 f=100000Hz Bpeak=0.340192T Bsat=0.3507T OK @ blob:http://localhost:5173/06a3175b-e878-4244-b5ad-41f6ffc319d1:7
[   63427ms] [LOG] [SatFilter] Using provided voltage: 772.901V @ blob:http://localhost:5173/06a3175b-e878-4244-b5ad-41f6ffc319d1:7
[   63427ms] [LOG] [SatFilter] Core: 98 E 55/28/25 gapped 0.30 mm stacks=1 Ae=335.644mm2 L=0uH Vpeak=772.901V N=11 f=100000Hz Bpeak=0.333175T Bsat=0.3507T OK @ blob:http://localhost:5173/06a3175b-e878-4244-b5ad-41f6ffc319d1:7
[   63427ms] [LOG] [SatFilter] Using provided voltage: 772.901V @ blob:http://localhost:5173/06a3175b-e878-4244-b5ad-41f6ffc319d1:7
[   63428ms] [LOG] [SatFilter] Core: 98 E 55/28/25 gapped 0.30 mm stacks=1 Ae=335.644mm2 L=0uH Vpeak=772.901V N=11 f=100000Hz Bpeak=0.333175T Bsat=0.3507T OK @ blob:http://localhost:5173/06a3175b-e878-4244-b5ad-41f6ffc319d1:7
[   63428ms] [LOG] [SatFilter] Using provided voltage: 772.901V @ blob:http://localhost:5173/06a3175b-e878-4244-b5ad-41f6ffc319d1:7
[   63429ms] [LOG] [SatFilter] Core: 95 U 67/27/14 gapped 0.48 mm stacks=1 Ae=206.583mm2 L=0uH Vpeak=772.901V N=18 f=100000Hz Bpeak=0.330808T Bsat=0.35T OK @ blob:http://localhost:5173/06a3175b-e878-4244-b5ad-41f6ffc319d1:7
[   63429ms] [LOG] [SatFilter] Using provided voltage: 772.901V @ blob:http://localhost:5173/06a3175b-e878-4244-b5ad-41f6ffc319d1:7
[   63429ms] [LOG] [SatFilter] Core: 95 PQ 60/42 gapped 0.20 mm stacks=1 Ae=491.77mm2 L=0uH Vpeak=772.901V N=8 f=100000Hz Bpeak=0.312674T Bsat=0.35T OK @ blob:http://localhost:5173/06a3175b-e878-4244-b5ad-41f6ffc319d1:7
[   63429ms] [LOG] [SatFilter] Using provided voltage: 772.901V @ blob:http://localhost:5173/06a3175b-e878-4244-b5ad-41f6ffc319d1:7
[   63429ms] [LOG] [SatFilter] Core: 95 E 72/28/19 gapped 0.33 mm stacks=1 Ae=300.749mm2 L=0uH Vpeak=772.901V N=12 f=100000Hz Bpeak=0.340846T Bsat=0.35T OK @ blob:http://localhost:5173/06a3175b-e878-4244-b5ad-41f6ffc319d1:7
[   63429ms] [LOG] [SatFilter] Using provided voltage: 772.901V @ blob:http://localhost:5173/06a3175b-e878-4244-b5ad-41f6ffc319d1:7
[   63429ms] [LOG] [SatFilter] Core: 95 P 59/36 gapped 0.17 mm stacks=1 Ae=588.31mm2 L=0uH Vpeak=772.901V N=7 f=100000Hz Bpeak=0.298703T Bsat=0.35T OK @ blob:http://localhost:5173/06a3175b-e878-4244-b5ad-41f6ffc319d1:7
[   63430ms] [LOG] [SatFilter] Using provided voltage: 772.901V @ blob:http://localhost:5173/06a3175b-e878-4244-b5ad-41f6ffc319d1:7
[   63430ms] [LOG] [SatFilter] Core: 98 E 72/28/19 gapped 0.33 mm stacks=1 Ae=300.749mm2 L=0uH Vpeak=772.901V N=12 f=100000Hz Bpeak=0.340846T Bsat=0.3507T OK @ blob:http://localhost:5173/06a3175b-e878-4244-b5ad-41f6ffc319d1:7
[   63430ms] [LOG] [SatFilter] Using provided voltage: 772.901V @ blob:http://localhost:5173/06a3175b-e878-4244-b5ad-41f6ffc319d1:7
[   63430ms] [LOG] [SatFilter] Core: 95 UR 48/39/17 gapped 0.45 mm stacks=1 Ae=220.288mm2 L=0uH Vpeak=772.901V N=16 f=100000Hz Bpeak=0.349006T Bsat=0.35T OK @ blob:http://localhost:5173/06a3175b-e878-4244-b5ad-41f6ffc319d1:7
[   63431ms] [LOG] [SatFilter] Using provided voltage: 772.901V @ blob:http://localhost:5173/06a3175b-e878-4244-b5ad-41f6ffc319d1:7
[   63431ms] [LOG] [SatFilter] Core: 98 P 59/36 gapped 0.17 mm stacks=1 Ae=588.31mm2 L=0uH Vpeak=772.901V N=7 f=100000Hz Bpeak=0.298703T Bsat=0.3507T OK @ blob:http://localhost:5173/06a3175b-e878-4244-b5ad-41f6ffc319d1:7
[   63431ms] [LOG] [SatFilter] Using provided voltage: 772.901V @ blob:http://localhost:5173/06a3175b-e878-4244-b5ad-41f6ffc319d1:7
[   63431ms] [LOG] [SatFilter] Core: 98 E 80/24/19.8 gapped 0.31 mm stacks=1 Ae=319.083mm2 L=0uH Vpeak=772.901V N=11 f=100000Hz Bpeak=0.350467T Bsat=0.3507T OK @ blob:http://localhost:5173/06a3175b-e878-4244-b5ad-41f6ffc319d1:7
[   63431ms] [LOG] [SatFilter] Using provided voltage: 772.901V @ blob:http://localhost:5173/06a3175b-e878-4244-b5ad-41f6ffc319d1:7
[   63432ms] [LOG] [SatFilter] Core: 95 PQ 65/44 gapped 0.16 mm stacks=1 Ae=610.995mm2 L=0uH Vpeak=772.901V N=7 f=100000Hz Bpeak=0.287613T Bsat=0.35T OK @ blob:http://localhost:5173/06a3175b-e878-4244-b5ad-41f6ffc319d1:7
[   63432ms] [LOG] [SatFilter] Using provided voltage: 772.901V @ blob:http://localhost:5173/06a3175b-e878-4244-b5ad-41f6ffc319d1:7
[   63432ms] [LOG] [SatFilter] Core: 98 PQ 65/44 gapped 0.16 mm stacks=1 Ae=610.995mm2 L=0uH Vpeak=772.901V N=7 f=100000Hz Bpeak=0.287613T Bsat=0.3507T OK @ blob:http://localhost:5173/06a3175b-e878-4244-b5ad-41f6ffc319d1:7
[   63432ms] [LOG] [SatFilter] Using provided voltage: 772.901V @ blob:http://localhost:5173/06a3175b-e878-4244-b5ad-41f6ffc319d1:7
[   63432ms] [LOG] [SatFilter] Core: 95 E 65/32/27 gapped 0.23 mm stacks=1 Ae=429.519mm2 L=0uH Vpeak=772.901V N=9 f=100000Hz Bpeak=0.318214T Bsat=0.35T OK @ blob:http://localhost:5173/06a3175b-e878-4244-b5ad-41f6ffc319d1:7
[   63433ms] [LOG] [SatFilter] Using provided voltage: 772.901V @ blob:http://localhost:5173/06a3175b-e878-4244-b5ad-41f6ffc319d1:7
[   63433ms] [LOG] [SatFilter] Core: 95 E 65/32/27 gapped 0.23 mm stacks=1 Ae=429.519mm2 L=0uH Vpeak=772.901V N=9 f=100000Hz Bpeak=0.318214T Bsat=0.35T OK @ blob:http://localhost:5173/06a3175b-e878-4244-b5ad-41f6ffc319d1:7
[   63433ms] [LOG] [SatFilter] Using provided voltage: 772.901V @ blob:http://localhost:5173/06a3175b-e878-4244-b5ad-41f6ffc319d1:7
[   63433ms] [LOG] [SatFilter] Core: 95 E 80/24/30 gapped 0.21 mm stacks=1 Ae=481.188mm2 L=0uH Vpeak=772.901V N=8 f=100000Hz Bpeak=0.31955T Bsat=0.35T OK @ blob:http://localhost:5173/06a3175b-e878-4244-b5ad-41f6ffc319d1:7
[   63433ms] [LOG] [SatFilter] Using provided voltage: 772.901V @ blob:http://localhost:5173/06a3175b-e878-4244-b5ad-41f6ffc319d1:7
[   63434ms] [LOG] [SatFilter] Core: 98 E 65/32/27 gapped 0.23 mm stacks=1 Ae=429.519mm2 L=0uH Vpeak=772.901V N=9 f=100000Hz Bpeak=0.318214T Bsat=0.3507T OK @ blob:http://localhost:5173/06a3175b-e878-4244-b5ad-41f6ffc319d1:7
[   63434ms] [LOG] [SatFilter] Using provided voltage: 772.901V @ blob:http://localhost:5173/06a3175b-e878-4244-b5ad-41f6ffc319d1:7
[   63434ms] [LOG] [SatFilter] Core: 98 E 65/32/27 gapped 0.23 mm stacks=1 Ae=429.519mm2 L=0uH Vpeak=772.901V N=9 f=100000Hz Bpeak=0.318214T Bsat=0.3507T OK @ blob:http://localhost:5173/06a3175b-e878-4244-b5ad-41f6ffc319d1:7
[   63434ms] [LOG] [SatFilter] Using provided voltage: 772.901V @ blob:http://localhost:5173/06a3175b-e878-4244-b5ad-41f6ffc319d1:7
[   63434ms] [LOG] [SatFilter] Core: 98 E 80/24/30 gapped 0.21 mm stacks=1 Ae=481.188mm2 L=0uH Vpeak=772.901V N=8 f=100000Hz Bpeak=0.31955T Bsat=0.3507T OK @ blob:http://localhost:5173/06a3175b-e878-4244-b5ad-41f6ffc319d1:7
[   63435ms] [LOG] [SatFilter] Using provided voltage: 772.901V @ blob:http://localhost:5173/06a3175b-e878-4244-b5ad-41f6ffc319d1:7
[   63435ms] [LOG] [SatFilter] Core: 95 PQ 78/39 gapped 0.21 mm stacks=1 Ae=468.83mm2 L=0uH Vpeak=772.901V N=8 f=100000Hz Bpeak=0.327973T Bsat=0.35T OK @ blob:http://localhost:5173/06a3175b-e878-4244-b5ad-41f6ffc319d1:7
[   63435ms] [LOG] [SatFilter] Using provided voltage: 772.901V @ blob:http://localhost:5173/06a3175b-e878-4244-b5ad-41f6ffc319d1:7
[   63435ms] [LOG] [SatFilter] Core: 95 U 66/33/20 gapped 0.38 mm stacks=1 Ae=260.804mm2 L=0uH Vpeak=772.901V N=14 f=100000Hz Bpeak=0.336901T Bsat=0.35T OK @ blob:http://localhost:5173/06a3175b-e878-4244-b5ad-41f6ffc319d1:7
[   63436ms] [LOG] [SatFilter] Using provided voltage: 772.901V @ blob:http://localhost:5173/06a3175b-e878-4244-b5ad-41f6ffc319d1:7
[   63436ms] [LOG] [SatFilter] Core: 98 PQ 78/39 gapped 0.21 mm stacks=1 Ae=468.83mm2 L=0uH Vpeak=772.901V N=8 f=100000Hz Bpeak=0.327973T Bsat=0.3507T OK @ blob:http://localhost:5173/06a3175b-e878-4244-b5ad-41f6ffc319d1:7
[   63436ms] [LOG] [SatFilter] Using provided voltage: 772.901V @ blob:http://localhost:5173/06a3175b-e878-4244-b5ad-41f6ffc319d1:7
[   63436ms] [LOG] [SatFilter] Core: 95 UR 64/40/20 gapped 0.33 mm stacks=1 Ae=307.157mm2 L=0uH Vpeak=772.901V N=12 f=100000Hz Bpeak=0.333735T Bsat=0.35T OK @ blob:http://localhost:5173/06a3175b-e878-4244-b5ad-41f6ffc319d1:7
[   63436ms] [LOG] [SatFilter] Using provided voltage: 772.901V @ blob:http://localhost:5173/06a3175b-e878-4244-b5ad-41f6ffc319d1:7
[   63437ms] [LOG] [SatFilter] Core: 95 UR 64/40/20-D gapped 0.33 mm stacks=1 Ae=307.157mm2 L=0uH Vpeak=772.901V N=12 f=100000Hz Bpeak=0.333735T Bsat=0.35T OK @ blob:http://localhost:5173/06a3175b-e878-4244-b5ad-41f6ffc319d1:7
[   63437ms] [LOG] [SatFilter] Using provided voltage: 772.901V @ blob:http://localhost:5173/06a3175b-e878-4244-b5ad-41f6ffc319d1:7
[   63437ms] [LOG] [SatFilter] Core: 95 PQ 65/54 gapped 0.16 mm stacks=1 Ae=609.147mm2 L=0uH Vpeak=772.901V N=7 f=100000Hz Bpeak=0.288486T Bsat=0.35T OK @ blob:http://localhost:5173/06a3175b-e878-4244-b5ad-41f6ffc319d1:7
[   63437ms] [LOG] [SatFilter] Using provided voltage: 772.901V @ blob:http://localhost:5173/06a3175b-e878-4244-b5ad-41f6ffc319d1:7
[   63437ms] [LOG] [SatFilter] Core: 98 PQ 65/54 gapped 0.16 mm stacks=1 Ae=609.147mm2 L=0uH Vpeak=772.901V N=7 f=100000Hz Bpeak=0.288486T Bsat=0.3507T OK @ blob:http://localhost:5173/06a3175b-e878-4244-b5ad-41f6ffc319d1:7
[   63438ms] [LOG] [SatFilter] Using provided voltage: 772.901V @ blob:http://localhost:5173/06a3175b-e878-4244-b5ad-41f6ffc319d1:7
[   63438ms] [LOG] [SatFilter] Core: 95 E 80/38/20 gapped 0.30 mm stacks=1 Ae=328.453mm2 L=0uH Vpeak=772.901V N=11 f=100000Hz Bpeak=0.340469T Bsat=0.35T OK @ blob:http://localhost:5173/06a3175b-e878-4244-b5ad-41f6ffc319d1:7
[   63438ms] [LOG] [SatFilter] Using provided voltage: 772.901V @ blob:http://localhost:5173/06a3175b-e878-4244-b5ad-41f6ffc319d1:7
[   63438ms] [LOG] [SatFilter] Core: 98 UR 64/40/20 gapped 0.33 mm stacks=1 Ae=307.157mm2 L=0uH Vpeak=772.901V N=12 f=100000Hz Bpeak=0.333735T Bsat=0.3507T OK @ blob:http://localhost:5173/06a3175b-e878-4244-b5ad-41f6ffc319d1:7
[   63438ms] [LOG] [SatFilter] Using provided voltage: 772.901V @ blob:http://localhost:5173/06a3175b-e878-4244-b5ad-41f6ffc319d1:7
[   63439ms] [LOG] [SatFilter] Core: 98 UR 64/40/20-D gapped 0.33 mm stacks=1 Ae=307.157mm2 L=0uH Vpeak=772.901V N=12 f=100000Hz Bpeak=0.333735T Bsat=0.3507T OK @ blob:http://localhost:5173/06a3175b-e878-4244-b5ad-41f6ffc319d1:7
[   63439ms] [LOG] [SatFilter] Using provided voltage: 772.901V @ blob:http://localhost:5173/06a3175b-e878-4244-b5ad-41f6ffc319d1:7
[   63439ms] [LOG] [SatFilter] Core: 95 E 70/33/32 gapped 0.18 mm stacks=1 Ae=546.314mm2 L=0uH Vpeak=772.901V N=7 f=100000Hz Bpeak=0.321665T Bsat=0.35T OK @ blob:http://localhost:5173/06a3175b-e878-4244-b5ad-41f6ffc319d1:7
[   63439ms] [LOG] [SatFilter] Using provided voltage: 772.901V @ blob:http://localhost:5173/06a3175b-e878-4244-b5ad-41f6ffc319d1:7
[   63439ms] [LOG] [SatFilter] Core: 95 E 70/33/32 gapped 0.18 mm stacks=1 Ae=546.314mm2 L=0uH Vpeak=772.901V N=7 f=100000Hz Bpeak=0.321665T Bsat=0.35T OK @ blob:http://localhost:5173/06a3175b-e878-4244-b5ad-41f6ffc319d1:7
[   63440ms] [LOG] [SatFilter] Using provided voltage: 772.901V @ blob:http://localhost:5173/06a3175b-e878-4244-b5ad-41f6ffc319d1:7
[   63440ms] [LOG] [SatFilter] Core: 98 E 80/38/20 gapped 0.30 mm stacks=1 Ae=328.453mm2 L=0uH Vpeak=772.901V N=11 f=100000Hz Bpeak=0.340469T Bsat=0.3507T OK @ blob:http://localhost:5173/06a3175b-e878-4244-b5ad-41f6ffc319d1:7
[   63440ms] [LOG] [SatFilter] Using provided voltage: 772.901V @ blob:http://localhost:5173/06a3175b-e878-4244-b5ad-41f6ffc319d1:7
[   63440ms] [LOG] [SatFilter] Core: 95 E 102/20/38 gapped 0.23 mm stacks=1 Ae=432.276mm2 L=0uH Vpeak=772.901V N=9 f=100000Hz Bpeak=0.316184T Bsat=0.35T OK @ blob:http://localhost:5173/06a3175b-e878-4244-b5ad-41f6ffc319d1:7
[   63440ms] [LOG] [SatFilter] Using provided voltage: 772.901V @ blob:http://localhost:5173/06a3175b-e878-4244-b5ad-41f6ffc319d1:7
[   63441ms] [LOG] [SatFilter] Core: 95 PQ 65/60 gapped 0.16 mm stacks=1 Ae=608.239mm2 L=0uH Vpeak=772.901V N=7 f=100000Hz Bpeak=0.288916T Bsat=0.35T OK @ blob:http://localhost:5173/06a3175b-e878-4244-b5ad-41f6ffc319d1:7
[   63441ms] [LOG] [SatFilter] Using provided voltage: 772.901V @ blob:http://localhost:5173/06a3175b-e878-4244-b5ad-41f6ffc319d1:7
[   63441ms] [LOG] [SatFilter] Core: 98 E 70/33/32 gapped 0.18 mm stacks=1 Ae=546.314mm2 L=0uH Vpeak=772.901V N=7 f=100000Hz Bpeak=0.321665T Bsat=0.3507T OK @ blob:http://localhost:5173/06a3175b-e878-4244-b5ad-41f6ffc319d1:7
[   63441ms] [LOG] [SatFilter] Using provided voltage: 772.901V @ blob:http://localhost:5173/06a3175b-e878-4244-b5ad-41f6ffc319d1:7
[   63441ms] [LOG] [SatFilter] Core: 98 E 70/33/32 gapped 0.18 mm stacks=1 Ae=546.314mm2 L=0uH Vpeak=772.901V N=7 f=100000Hz Bpeak=0.321665T Bsat=0.3507T OK @ blob:http://localhost:5173/06a3175b-e878-4244-b5ad-41f6ffc319d1:7
[   63441ms] [LOG] [SatFilter] Using provided voltage: 772.901V @ blob:http://localhost:5173/06a3175b-e878-4244-b5ad-41f6ffc319d1:7
[   63442ms] [LOG] [SatFilter] Core: 95 U 66/33/27 gapped 0.36 mm stacks=1 Ae=280.44mm2 L=0uH Vpeak=772.901V N=13 f=100000Hz Bpeak=0.337412T Bsat=0.35T OK @ blob:http://localhost:5173/06a3175b-e878-4244-b5ad-41f6ffc319d1:7
[   63442ms] [LOG] [SatFilter] Using provided voltage: 772.901V @ blob:http://localhost:5173/06a3175b-e878-4244-b5ad-41f6ffc319d1:7
[   63442ms] [LOG] [SatFilter] Core: 95 E 77/39/24 gapped 0.22 mm stacks=1 Ae=449.458mm2 L=0uH Vpeak=772.901V N=8 f=100000Hz Bpeak=0.34211T Bsat=0.35T OK @ blob:http://localhost:5173/06a3175b-e878-4244-b5ad-41f6ffc319d1:7
[   63443ms] [LOG] [SatFilter] Using provided voltage: 772.901V @ blob:http://localhost:5173/06a3175b-e878-4244-b5ad-41f6ffc319d1:7
[   63443ms] [LOG] [SatFilter] Core: 95 UR 55/38/36 gapped 0.23 mm stacks=1 Ae=432.597mm2 L=0uH Vpeak=772.901V N=9 f=100000Hz Bpeak=0.315949T Bsat=0.35T OK @ blob:http://localhost:5173/06a3175b-e878-4244-b5ad-41f6ffc319d1:7
[   63443ms] [LOG] [SatFilter] Using provided voltage: 772.901V @ blob:http://localhost:5173/06a3175b-e878-4244-b5ad-41f6ffc319d1:7
[   63443ms] [LOG] [SatFilter] Core: 98 E 102/20/38 gapped 0.23 mm stacks=1 Ae=432.276mm2 L=0uH Vpeak=772.901V N=9 f=100000Hz Bpeak=0.316184T Bsat=0.3507T OK @ blob:http://localhost:5173/06a3175b-e878-4244-b5ad-41f6ffc319d1:7
[   63443ms] [LOG] [SatFilter] Using provided voltage: 772.901V @ blob:http://localhost:5173/06a3175b-e878-4244-b5ad-41f6ffc319d1:7
[   63444ms] [LOG] [SatFilter] Core: 98 U 56/28/24 gapped 0.05 mm stacks=2 Ae=508.797mm2 L=0uH Vpeak=772.901V N=7 f=100000Hz Bpeak=0.345383T Bsat=0.3507T OK @ blob:http://localhost:5173/06a3175b-e878-4244-b5ad-41f6ffc319d1:7
[   63444ms] [LOG] [SatFilter] Using provided voltage: 772.901V @ blob:http://localhost:5173/06a3175b-e878-4244-b5ad-41f6ffc319d1:7
[   63444ms] [LOG] [SatFilter] Core: 95 E 80/45/20 gapped 0.31 mm stacks=1 Ae=321.639mm2 L=0uH Vpeak=772.901V N=11 f=100000Hz Bpeak=0.347682T Bsat=0.35T OK @ blob:http://localhost:5173/06a3175b-e878-4244-b5ad-41f6ffc319d1:7
[   63444ms] [LOG] [SatFilter] Using provided voltage: 772.901V @ blob:http://localhost:5173/06a3175b-e878-4244-b5ad-41f6ffc319d1:7
[   63444ms] [LOG] [SatFilter] Core: 95 E 80/38/25 gapped 0.25 mm stacks=1 Ae=400.031mm2 L=0uH Vpeak=772.901V N=9 f=100000Hz Bpeak=0.341671T Bsat=0.35T OK @ blob:http://localhost:5173/06a3175b-e878-4244-b5ad-41f6ffc319d1:7
[   63444ms] [LOG] [SatFilter] Using provided voltage: 772.901V @ blob:http://localhost:5173/06a3175b-e878-4244-b5ad-41f6ffc319d1:7
[   63445ms] [LOG] [SatFilter] Core: 95 E 77/39/32 gapped 0.17 mm stacks=1 Ae=599.277mm2 L=0uH Vpeak=772.901V N=7 f=100000Hz Bpeak=0.293237T Bsat=0.35T OK @ blob:http://localhost:5173/06a3175b-e878-4244-b5ad-41f6ffc319d1:7
[   63445ms] [LOG] [SatFilter] Using provided voltage: 772.901V @ blob:http://localhost:5173/06a3175b-e878-4244-b5ad-41f6ffc319d1:7
[   63445ms] [LOG] [SatFilter] Core: 98 P 80/20 gapped 0.08 mm stacks=1 Ae=1279.16mm2 L=0uH Vpeak=772.901V N=4 f=100000Hz Bpeak=0.240413T Bsat=0.3507T OK @ blob:http://localhost:5173/06a3175b-e878-4244-b5ad-41f6ffc319d1:7
[   63445ms] [LOG] [SatFilter] Using provided voltage: 772.901V @ blob:http://localhost:5173/06a3175b-e878-4244-b5ad-41f6ffc319d1:7
[   63445ms] [LOG] [SatFilter] Core: 98 E 96/42/26 gapped 0.15 mm stacks=1 Ae=653.596mm2 L=0uH Vpeak=772.901V N=7 f=100000Hz Bpeak=0.268867T Bsat=0.3507T OK @ blob:http://localhost:5173/06a3175b-e878-4244-b5ad-41f6ffc319d1:7
[   63446ms] [LOG] [SatFilter] Using provided voltage: 772.901V @ blob:http://localhost:5173/06a3175b-e878-4244-b5ad-41f6ffc319d1:7
[   63446ms] [LOG] [SatFilter] Core: 98 U 46/40/28 gapped 0.03 mm stacks=2 Ae=793.509mm2 L=0uH Vpeak=772.901V N=5 f=100000Hz Bpeak=0.310043T Bsat=0.3507T OK @ blob:http://localhost:5173/06a3175b-e878-4244-b5ad-41f6ffc319d1:7
[   63446ms] [LOG] [SatFilter] Using provided voltage: 772.901V @ blob:http://localhost:5173/06a3175b-e878-4244-b5ad-41f6ffc319d1:7
[   63446ms] [LOG] [SatFilter] Core: 95 E 96/42/26 gapped 0.15 mm stacks=1 Ae=653.596mm2 L=0uH Vpeak=772.901V N=7 f=100000Hz Bpeak=0.268867T Bsat=0.35T OK @ blob:http://localhost:5173/06a3175b-e878-4244-b5ad-41f6ffc319d1:7
[   63446ms] [LOG] [SatFilter] Using provided voltage: 772.901V @ blob:http://localhost:5173/06a3175b-e878-4244-b5ad-41f6ffc319d1:7
[   63447ms] [LOG] [SatFilter] Core: 98 E 77/39/32 gapped 0.17 mm stacks=1 Ae=599.277mm2 L=0uH Vpeak=772.901V N=7 f=100000Hz Bpeak=0.293237T Bsat=0.3507T OK @ blob:http://localhost:5173/06a3175b-e878-4244-b5ad-41f6ffc319d1:7
[   63447ms] [LOG] [SatFilter] Using provided voltage: 772.901V @ blob:http://localhost:5173/06a3175b-e878-4244-b5ad-41f6ffc319d1:7
[   63447ms] [LOG] [SatFilter] Core: 98 U 66/33/20 gapped 0.05 mm stacks=2 Ae=521.608mm2 L=0uH Vpeak=772.901V N=7 f=100000Hz Bpeak=0.336901T Bsat=0.3507T OK @ blob:http://localhost:5173/06a3175b-e878-4244-b5ad-41f6ffc319d1:7
[   63447ms] [LOG] [SatFilter] Using provided voltage: 772.901V @ blob:http://localhost:5173/06a3175b-e878-4244-b5ad-41f6ffc319d1:7
[   63448ms] [LOG] [SatFilter] Core: 95 P 80/20 gapped 0.08 mm stacks=1 Ae=1279.16mm2 L=0uH Vpeak=772.901V N=4 f=100000Hz Bpeak=0.240413T Bsat=0.35T OK @ blob:http://localhost:5173/06a3175b-e878-4244-b5ad-41f6ffc319d1:7
[   63448ms] [LOG] [SatFilter] Using provided voltage: 772.901V @ blob:http://localhost:5173/06a3175b-e878-4244-b5ad-41f6ffc319d1:7
[   63448ms] [LOG] [SatFilter] Core: 95 E 80/38/40 gapped 0.16 mm stacks=1 Ae=631.324mm2 L=0uH Vpeak=772.901V N=7 f=100000Hz Bpeak=0.278351T Bsat=0.35T OK @ blob:http://localhost:5173/06a3175b-e878-4244-b5ad-41f6ffc319d1:7
[   63448ms] [LOG] [SatFilter] Using provided voltage: 772.901V @ blob:http://localhost:5173/06a3175b-e878-4244-b5ad-41f6ffc319d1:7
[   63448ms] [LOG] [SatFilter] Core: 95 E 80/38/30 gapped 0.21 mm stacks=1 Ae=475.309mm2 L=0uH Vpeak=772.901V N=8 f=100000Hz Bpeak=0.323502T Bsat=0.35T OK @ blob:http://localhost:5173/06a3175b-e878-4244-b5ad-41f6ffc319d1:7
[   63449ms] [LOG] [SatFilter] Using provided voltage: 772.901V @ blob:http://localhost:5173/06a3175b-e878-4244-b5ad-41f6ffc319d1:7
[   63449ms] [LOG] [SatFilter] Core: 98 E 80/38/30 gapped 0.21 mm stacks=1 Ae=475.309mm2 L=0uH Vpeak=772.901V N=8 f=100000Hz Bpeak=0.323502T Bsat=0.3507T OK @ blob:http://localhost:5173/06a3175b-e878-4244-b5ad-41f6ffc319d1:7
[   63449ms] [LOG] [SatFilter] Using provided voltage: 772.901V @ blob:http://localhost:5173/06a3175b-e878-4244-b5ad-41f6ffc319d1:7
[   63449ms] [LOG] [SatFilter] Core: 95 E 114/46/17.5 gapped 0.20 mm stacks=1 Ae=490.327mm2 L=0uH Vpeak=772.901V N=8 f=100000Hz Bpeak=0.313594T Bsat=0.35T OK @ blob:http://localhost:5173/06a3175b-e878-4244-b5ad-41f6ffc319d1:7
[   63449ms] [LOG] [SatFilter] Using provided voltage: 772.901V @ blob:http://localhost:5173/06a3175b-e878-4244-b5ad-41f6ffc319d1:7
[   63450ms] [LOG] [SatFilter] Core: 98 U 56/28/17 gapped 0.02 mm stacks=4 Ae=717.5mm2 L=0uH Vpeak=772.901V N=5 f=100000Hz Bpeak=0.342888T Bsat=0.3507T OK @ blob:http://localhost:5173/06a3175b-e878-4244-b5ad-41f6ffc319d1:7
[   63450ms] [LOG] [SatFilter] Using provided voltage: 772.901V @ blob:http://localhost:5173/06a3175b-e878-4244-b5ad-41f6ffc319d1:7
[   63450ms] [LOG] [SatFilter] Core: 98 E 114/46/17.5 gapped 0.20 mm stacks=1 Ae=490.327mm2 L=0uH Vpeak=772.901V N=8 f=100000Hz Bpeak=0.313594T Bsat=0.3507T OK @ blob:http://localhost:5173/06a3175b-e878-4244-b5ad-41f6ffc319d1:7
[   63450ms] [LOG] [SatFilter] Using provided voltage: 772.901V @ blob:http://localhost:5173/06a3175b-e878-4244-b5ad-41f6ffc319d1:7
[   63451ms] [LOG] [SatFilter] Core: 95 U 46/40/28 gapped 0.03 mm stacks=2 Ae=793.509mm2 L=0uH Vpeak=772.901V N=5 f=100000Hz Bpeak=0.310043T Bsat=0.35T OK @ blob:http://localhost:5173/06a3175b-e878-4244-b5ad-41f6ffc319d1:7
[   63451ms] [LOG] [SatFilter] Using provided voltage: 772.901V @ blob:http://localhost:5173/06a3175b-e878-4244-b5ad-41f6ffc319d1:7
[   63451ms] [LOG] [SatFilter] Core: 98 E 72/28/19 gapped 0.02 mm stacks=3 Ae=902.248mm2 L=0uH Vpeak=772.901V N=4 f=100000Hz Bpeak=0.340846T Bsat=0.3507T OK @ blob:http://localhost:5173/06a3175b-e878-4244-b5ad-41f6ffc319d1:7
[   63451ms] [LOG] [SatFilter] Using provided voltage: 772.901V @ blob:http://localhost:5173/06a3175b-e878-4244-b5ad-41f6ffc319d1:7
[   63452ms] [LOG] [SatFilter] Core: 98 E 80/24/30 gapped 0.03 mm stacks=2 Ae=962.376mm2 L=0uH Vpeak=772.901V N=4 f=100000Hz Bpeak=0.31955T Bsat=0.3507T OK @ blob:http://localhost:5173/06a3175b-e878-4244-b5ad-41f6ffc319d1:7
[   63452ms] [LOG] [SatFilter] Using provided voltage: 772.901V @ blob:http://localhost:5173/06a3175b-e878-4244-b5ad-41f6ffc319d1:7
[   63452ms] [LOG] [SatFilter] Core: 98 U 56/28/24 gapped 0.02 mm stacks=3 Ae=763.195mm2 L=0uH Vpeak=772.901V N=5 f=100000Hz Bpeak=0.322358T Bsat=0.3507T OK @ blob:http://localhost:5173/06a3175b-e878-4244-b5ad-41f6ffc319d1:7
[   63452ms] [LOG] [SatFilter] Using provided voltage: 772.901V @ blob:http://localhost:5173/06a3175b-e878-4244-b5ad-41f6ffc319d1:7
[   63453ms] [LOG] [SatFilter] Core: 95 P 80/25 gapped 0.08 mm stacks=1 Ae=1255.06mm2 L=0uH Vpeak=772.901V N=4 f=100000Hz Bpeak=0.245031T Bsat=0.35T OK @ blob:http://localhost:5173/06a3175b-e878-4244-b5ad-41f6ffc319d1:7
[   63453ms] [LOG] [SatFilter] Using provided voltage: 772.901V @ blob:http://localhost:5173/06a3175b-e878-4244-b5ad-41f6ffc319d1:7
[   63453ms] [LOG] [SatFilter] Core: 95 E 80/45/30 gapped 0.21 mm stacks=1 Ae=482.664mm2 L=0uH Vpeak=772.901V N=8 f=100000Hz Bpeak=0.318573T Bsat=0.35T OK @ blob:http://localhost:5173/06a3175b-e878-4244-b5ad-41f6ffc319d1:7
[   63453ms] [LOG] [SatFilter] Using provided voltage: 772.901V @ blob:http://localhost:5173/06a3175b-e878-4244-b5ad-41f6ffc319d1:7
[   63453ms] [LOG] [SatFilter] Core: 98 E 80/38/40 gapped 0.16 mm stacks=1 Ae=631.324mm2 L=0uH Vpeak=772.901V N=7 f=100000Hz Bpeak=0.278351T Bsat=0.3507T OK @ blob:http://localhost:5173/06a3175b-e878-4244-b5ad-41f6ffc319d1:7
[   63454ms] [LOG] [SatFilter] Using provided voltage: 772.901V @ blob:http://localhost:5173/06a3175b-e878-4244-b5ad-41f6ffc319d1:7
[   63454ms] [LOG] [SatFilter] Core: 95 E 77/39/24 gapped 0.03 mm stacks=2 Ae=898.915mm2 L=0uH Vpeak=772.901V N=4 f=100000Hz Bpeak=0.34211T Bsat=0.35T OK @ blob:http://localhost:5173/06a3175b-e878-4244-b5ad-41f6ffc319d1:7
[   63454ms] [LOG] [SatFilter] Using provided voltage: 772.901V @ blob:http://localhost:5173/06a3175b-e878-4244-b5ad-41f6ffc319d1:7
[   63454ms] [LOG] [SatFilter] Core: 95 EC 90 gapped 0.15 mm stacks=1 Ae=647.805mm2 L=0uH Vpeak=772.901V N=7 f=100000Hz Bpeak=0.27127T Bsat=0.35T OK @ blob:http://localhost:5173/06a3175b-e878-4244-b5ad-41f6ffc319d1:7
[   63455ms] [LOG] [SatFilter] Using provided voltage: 772.901V @ blob:http://localhost:5173/06a3175b-e878-4244-b5ad-41f6ffc319d1:7
[   63455ms] [LOG] [SatFilter] Core: 95 EC 90 gapped 0.15 mm stacks=1 Ae=647.805mm2 L=0uH Vpeak=772.901V N=7 f=100000Hz Bpeak=0.27127T Bsat=0.35T OK @ blob:http://localhost:5173/06a3175b-e878-4244-b5ad-41f6ffc319d1:7
[   63455ms] [LOG] [SatFilter] Using provided voltage: 772.901V @ blob:http://localhost:5173/06a3175b-e878-4244-b5ad-41f6ffc319d1:7
[   63455ms] [LOG] [SatFilter] Core: 98 U 66/33/20 gapped 0.02 mm stacks=3 Ae=782.412mm2 L=0uH Vpeak=772.901V N=5 f=100000Hz Bpeak=0.314441T Bsat=0.3507T OK @ blob:http://localhost:5173/06a3175b-e878-4244-b5ad-41f6ffc319d1:7
[   63455ms] [LOG] [SatFilter] Using provided voltage: 772.901V @ blob:http://localhost:5173/06a3175b-e878-4244-b5ad-41f6ffc319d1:7
[   63456ms] [LOG] [SatFilter] Core: 98 U 73/36/21 gapped 0.04 mm stacks=2 Ae=595.214mm2 L=0uH Vpeak=772.901V N=7 f=100000Hz Bpeak=0.295239T Bsat=0.3507T OK @ blob:http://localhost:5173/06a3175b-e878-4244-b5ad-41f6ffc319d1:7
[   63456ms] [LOG] [SatFilter] Using provided voltage: 772.901V @ blob:http://localhost:5173/06a3175b-e878-4244-b5ad-41f6ffc319d1:7
[   63456ms] [LOG] [SatFilter] Core: 98 U 66/33/27 gapped 0.04 mm stacks=2 Ae=560.879mm2 L=0uH Vpeak=772.901V N=7 f=100000Hz Bpeak=0.313311T Bsat=0.3507T OK @ blob:http://localhost:5173/06a3175b-e878-4244-b5ad-41f6ffc319d1:7
[   63456ms] [LOG] [SatFilter] Using provided voltage: 772.901V @ blob:http://localhost:5173/06a3175b-e878-4244-b5ad-41f6ffc319d1:7
[   63456ms] [LOG] [SatFilter] Core: 98 EC 90 gapped 0.15 mm stacks=1 Ae=647.805mm2 L=0uH Vpeak=772.901V N=7 f=100000Hz Bpeak=0.27127T Bsat=0.3507T OK @ blob:http://localhost:5173/06a3175b-e878-4244-b5ad-41f6ffc319d1:7
[   63457ms] [LOG] [SatFilter] Using provided voltage: 772.901V @ blob:http://localhost:5173/06a3175b-e878-4244-b5ad-41f6ffc319d1:7
[   63457ms] [LOG] [SatFilter] Core: 98 EC 90 gapped 0.15 mm stacks=1 Ae=647.805mm2 L=0uH Vpeak=772.901V N=7 f=100000Hz Bpeak=0.27127T Bsat=0.3507T OK @ blob:http://localhost:5173/06a3175b-e878-4244-b5ad-41f6ffc319d1:7
[   63457ms] [LOG] [SatFilter] Using provided voltage: 772.901V @ blob:http://localhost:5173/06a3175b-e878-4244-b5ad-41f6ffc319d1:7
[   63458ms] [LOG] [SatFilter] Core: 98 P 80/25 gapped 0.08 mm stacks=1 Ae=1255.06mm2 L=0uH Vpeak=772.901V N=4 f=100000Hz Bpeak=0.245031T Bsat=0.3507T OK @ blob:http://localhost:5173/06a3175b-e878-4244-b5ad-41f6ffc319d1:7
[   63458ms] [LOG] [SatFilter] Using provided voltage: 772.901V @ blob:http://localhost:5173/06a3175b-e878-4244-b5ad-41f6ffc319d1:7
[   63458ms] [LOG] [SatFilter] Core: 98 U 81/39/20 gapped 0.06 mm stacks=2 Ae=401.959mm2 L=0uH Vpeak=772.901V N=9 f=100000Hz Bpeak=0.340032T Bsat=0.3507T OK @ blob:http://localhost:5173/06a3175b-e878-4244-b5ad-41f6ffc319d1:7
[   63458ms] [LOG] [SatFilter] Using provided voltage: 772.901V @ blob:http://localhost:5173/06a3175b-e878-4244-b5ad-41f6ffc319d1:7
[   63458ms] [LOG] [SatFilter] Core: 95 E 114/46/26 gapped 0.15 mm stacks=1 Ae=653.177mm2 L=0uH Vpeak=772.901V N=7 f=100000Hz Bpeak=0.269039T Bsat=0.35T OK @ blob:http://localhost:5173/06a3175b-e878-4244-b5ad-41f6ffc319d1:7
[   63458ms] [LOG] [SatFilter] Using provided voltage: 772.901V @ blob:http://localhost:5173/06a3175b-e878-4244-b5ad-41f6ffc319d1:7
[   63459ms] [LOG] [SatFilter] Core: 98 U 56/28/24 gapped 0.01 mm stacks=4 Ae=1017.59mm2 L=0uH Vpeak=772.901V N=4 f=100000Hz Bpeak=0.30221T Bsat=0.3507T OK @ blob:http://localhost:5173/06a3175b-e878-4244-b5ad-41f6ffc319d1:7
[   63459ms] [LOG] [SatFilter] Using provided voltage: 772.901V @ blob:http://localhost:5173/06a3175b-e878-4244-b5ad-41f6ffc319d1:7
[   63459ms] [LOG] [SatFilter] Core: 98 E 77/39/24 gapped 0.03 mm stacks=2 Ae=898.915mm2 L=0uH Vpeak=772.901V N=4 f=100000Hz Bpeak=0.34211T Bsat=0.3507T OK @ blob:http://localhost:5173/06a3175b-e878-4244-b5ad-41f6ffc319d1:7
[   63459ms] [LOG] [SatFilter] Using provided voltage: 772.901V @ blob:http://localhost:5173/06a3175b-e878-4244-b5ad-41f6ffc319d1:7
[   63459ms] [LOG] [SatFilter] Core: 98 E 70/33/32 gapped 0.02 mm stacks=2 Ae=1092.63mm2 L=0uH Vpeak=772.901V N=4 f=100000Hz Bpeak=0.281457T Bsat=0.3507T OK @ blob:http://localhost:5173/06a3175b-e878-4244-b5ad-41f6ffc319d1:7
[   63460ms] [LOG] [SatFilter] Using provided voltage: 772.901V @ blob:http://localhost:5173/06a3175b-e878-4244-b5ad-41f6ffc319d1:7
[   63460ms] [LOG] [SatFilter] Core: 98 E 70/33/32 gapped 0.02 mm stacks=2 Ae=1092.63mm2 L=0uH Vpeak=772.901V N=4 f=100000Hz Bpeak=0.281457T Bsat=0.3507T OK @ blob:http://localhost:5173/06a3175b-e878-4244-b5ad-41f6ffc319d1:7
[   63460ms] [LOG] [SatFilter] Using provided voltage: 772.901V @ blob:http://localhost:5173/06a3175b-e878-4244-b5ad-41f6ffc319d1:7
[   63460ms] [LOG] [SatFilter] Core: 98 E 114/46/26 gapped 0.15 mm stacks=1 Ae=653.177mm2 L=0uH Vpeak=772.901V N=7 f=100000Hz Bpeak=0.269039T Bsat=0.3507T OK @ blob:http://localhost:5173/06a3175b-e878-4244-b5ad-41f6ffc319d1:7
[   63460ms] [LOG] [SatFilter] Using provided voltage: 772.901V @ blob:http://localhost:5173/06a3175b-e878-4244-b5ad-41f6ffc319d1:7
[   63461ms] [LOG] [SatFilter] Core: 98 E 80/38/25 gapped 0.03 mm stacks=2 Ae=800.062mm2 L=0uH Vpeak=772.901V N=5 f=100000Hz Bpeak=0.307504T Bsat=0.3507T OK @ blob:http://localhost:5173/06a3175b-e878-4244-b5ad-41f6ffc319d1:7
[   63461ms] [LOG] [SatFilter] Using provided voltage: 772.901V @ blob:http://localhost:5173/06a3175b-e878-4244-b5ad-41f6ffc319d1:7
[   63461ms] [LOG] [SatFilter] Core: 95 U 81/39/23 gapped 0.03 mm stacks=2 Ae=726.612mm2 L=0uH Vpeak=772.901V N=5 f=100000Hz Bpeak=0.338588T Bsat=0.35T OK @ blob:http://localhost:5173/06a3175b-e878-4244-b5ad-41f6ffc319d1:7
[   63461ms] [LOG] [SatFilter] Using provided voltage: 772.901V @ blob:http://localhost:5173/06a3175b-e878-4244-b5ad-41f6ffc319d1:7
[   63462ms] [LOG] [SatFilter] Core: 98 E 102/20/38 gapped 0.02 mm stacks=2 Ae=1080.69mm2 L=0uH Vpeak=772.901V N=4 f=100000Hz Bpeak=0.284566T Bsat=0.3507T OK @ blob:http://localhost:5173/06a3175b-e878-4244-b5ad-41f6ffc319d1:7
[   63462ms] [LOG] [SatFilter] Using provided voltage: 772.901V @ blob:http://localhost:5173/06a3175b-e878-4244-b5ad-41f6ffc319d1:7
[   63462ms] [LOG] [SatFilter] Core: 98 E 80/38/20 gapped 0.01 mm stacks=3 Ae=985.359mm2 L=0uH Vpeak=772.901V N=4 f=100000Hz Bpeak=0.312097T Bsat=0.3507T OK @ blob:http://localhost:5173/06a3175b-e878-4244-b5ad-41f6ffc319d1:7
[   63462ms] [LOG] [SatFilter] Using provided voltage: 772.901V @ blob:http://localhost:5173/06a3175b-e878-4244-b5ad-41f6ffc319d1:7
[   63462ms] [LOG] [SatFilter] Core: 95 E 114/46/17.5 gapped 0.03 mm stacks=2 Ae=980.653mm2 L=0uH Vpeak=772.901V N=4 f=100000Hz Bpeak=0.313594T Bsat=0.35T OK @ blob:http://localhost:5173/06a3175b-e878-4244-b5ad-41f6ffc319d1:7
[   63462ms] [LOG] [SatFilter] Using provided voltage: 772.901V @ blob:http://localhost:5173/06a3175b-e878-4244-b5ad-41f6ffc319d1:7
[   63463ms] [LOG] [SatFilter] Core: 98 U 46/40/28 gapped 0.01 mm stacks=3 Ae=1190.26mm2 L=0uH Vpeak=772.901V N=4 f=100000Hz Bpeak=0.258369T Bsat=0.3507T OK @ blob:http://localhost:5173/06a3175b-e878-4244-b5ad-41f6ffc319d1:7
[   63463ms] [LOG] [SatFilter] Using provided voltage: 772.901V @ blob:http://localhost:5173/06a3175b-e878-4244-b5ad-41f6ffc319d1:7
[   63463ms] [LOG] [SatFilter] Core: 98 U 66/33/20 gapped 0.01 mm stacks=4 Ae=1043.22mm2 L=0uH Vpeak=772.901V N=4 f=100000Hz Bpeak=0.294788T Bsat=0.3507T OK @ blob:http://localhost:5173/06a3175b-e878-4244-b5ad-41f6ffc319d1:7
[   63463ms] [LOG] [SatFilter] Using provided voltage: 772.901V @ blob:http://localhost:5173/06a3175b-e878-4244-b5ad-41f6ffc319d1:7
[   63464ms] [LOG] [SatFilter] Core: 98 U 81/39/23 gapped 0.03 mm stacks=2 Ae=726.612mm2 L=0uH Vpeak=772.901V N=5 f=100000Hz Bpeak=0.338588T Bsat=0.3507T OK @ blob:http://localhost:5173/06a3175b-e878-4244-b5ad-41f6ffc319d1:7
[   63464ms] [LOG] [SatFilter] Using provided voltage: 772.901V @ blob:http://localhost:5173/06a3175b-e878-4244-b5ad-41f6ffc319d1:7
[   63464ms] [LOG] [SatFilter] Core: 95 P 80/30 gapped 0.08 mm stacks=1 Ae=1238.63mm2 L=0uH Vpeak=772.901V N=4 f=100000Hz Bpeak=0.24828T Bsat=0.35T OK @ blob:http://localhost:5173/06a3175b-e878-4244-b5ad-41f6ffc319d1:7
[   63464ms] [LOG] [SatFilter] Using provided voltage: 772.901V @ blob:http://localhost:5173/06a3175b-e878-4244-b5ad-41f6ffc319d1:7
[   63464ms] [LOG] [SatFilter] Core: 95 U 73/36/21 gapped 0.02 mm stacks=3 Ae=892.82mm2 L=0uH Vpeak=772.901V N=4 f=100000Hz Bpeak=0.344445T Bsat=0.35T OK @ blob:http://localhost:5173/06a3175b-e878-4244-b5ad-41f6ffc319d1:7
[   63465ms] [LOG] [SatFilter] Using provided voltage: 772.901V @ blob:http://localhost:5173/06a3175b-e878-4244-b5ad-41f6ffc319d1:7
[   63465ms] [LOG] [SatFilter] Core: 98 P 80/30 gapped 0.08 mm stacks=1 Ae=1238.63mm2 L=0uH Vpeak=772.901V N=4 f=100000Hz Bpeak=0.24828T Bsat=0.3507T OK @ blob:http://localhost:5173/06a3175b-e878-4244-b5ad-41f6ffc319d1:7
[   63465ms] [LOG] [SatFilter] Using provided voltage: 772.901V @ blob:http://localhost:5173/06a3175b-e878-4244-b5ad-41f6ffc319d1:7
[   63465ms] [LOG] [SatFilter] Core: 95 E 80/38/30 gapped 0.03 mm stacks=2 Ae=950.619mm2 L=0uH Vpeak=772.901V N=4 f=100000Hz Bpeak=0.323502T Bsat=0.35T OK @ blob:http://localhost:5173/06a3175b-e878-4244-b5ad-41f6ffc319d1:7
[   63465ms] [LOG] [SatFilter] Using provided voltage: 772.901V @ blob:http://localhost:5173/06a3175b-e878-4244-b5ad-41f6ffc319d1:7
[   63466ms] [LOG] [SatFilter] Core: 98 U 66/33/27 gapped 0.02 mm stacks=3 Ae=841.319mm2 L=0uH Vpeak=772.901V N=5 f=100000Hz Bpeak=0.292424T Bsat=0.3507T OK @ blob:http://localhost:5173/06a3175b-e878-4244-b5ad-41f6ffc319d1:7
[   63466ms] [LOG] [SatFilter] Using provided voltage: 772.901V @ blob:http://localhost:5173/06a3175b-e878-4244-b5ad-41f6ffc319d1:7
[   63466ms] [LOG] [SatFilter] Core: 95 U 101/115/25 gapped 0.15 mm stacks=1 Ae=647.7mm2 L=0uH Vpeak=772.901V N=7 f=100000Hz Bpeak=0.271314T Bsat=0.35T OK @ blob:http://localhost:5173/06a3175b-e878-4244-b5ad-41f6ffc319d1:7
[   63466ms] [LOG] [SatFilter] Using provided voltage: 772.901V @ blob:http://localhost:5173/06a3175b-e878-4244-b5ad-41f6ffc319d1:7
[   63466ms] [LOG] [SatFilter] Core: 95 E 100/60/28 gapped 0.17 mm stacks=1 Ae=588.04mm2 L=0uH Vpeak=772.901V N=7 f=100000Hz Bpeak=0.29884T Bsat=0.35T OK @ blob:http://localhost:5173/06a3175b-e878-4244-b5ad-41f6ffc319d1:7
[   63467ms] [LOG] [SatFilter] Using provided voltage: 772.901V @ blob:http://localhost:5173/06a3175b-e878-4244-b5ad-41f6ffc319d1:7
[   63467ms] [LOG] [SatFilter] Core: 95 E 80/45/30 gapped 0.03 mm stacks=2 Ae=965.327mm2 L=0uH Vpeak=772.901V N=4 f=100000Hz Bpeak=0.318573T Bsat=0.35T OK @ blob:http://localhost:5173/06a3175b-e878-4244-b5ad-41f6ffc319d1:7
[   63467ms] [LOG] [SatFilter] Using provided voltage: 772.901V @ blob:http://localhost:5173/06a3175b-e878-4244-b5ad-41f6ffc319d1:7
[   63467ms] [LOG] [SatFilter] Core: 98 E 80/38/30 gapped 0.03 mm stacks=2 Ae=950.619mm2 L=0uH Vpeak=772.901V N=4 f=100000Hz Bpeak=0.323502T Bsat=0.3507T OK @ blob:http://localhost:5173/06a3175b-e878-4244-b5ad-41f6ffc319d1:7
[   63468ms] [LOG] [SatFilter] Using provided voltage: 772.901V @ blob:http://localhost:5173/06a3175b-e878-4244-b5ad-41f6ffc319d1:7
[   63468ms] [LOG] [SatFilter] Core: 95 U 66/33/20 gapped 0.01 mm stacks=4 Ae=1043.22mm2 L=0uH Vpeak=772.901V N=4 f=100000Hz Bpeak=0.294788T Bsat=0.35T OK @ blob:http://localhost:5173/06a3175b-e878-4244-b5ad-41f6ffc319d1:7
[   63468ms] [LOG] [SatFilter] Using provided voltage: 772.901V @ blob:http://localhost:5173/06a3175b-e878-4244-b5ad-41f6ffc319d1:7
[   63468ms] [LOG] [SatFilter] Core: 98 E 80/38/32 gapped 0.02 mm stacks=2 Ae=1014.73mm2 L=0uH Vpeak=772.901V N=4 f=100000Hz Bpeak=0.303063T Bsat=0.3507T OK @ blob:http://localhost:5173/06a3175b-e878-4244-b5ad-41f6ffc319d1:7
[   63468ms] [LOG] [SatFilter] Using provided voltage: 772.901V @ blob:http://localhost:5173/06a3175b-e878-4244-b5ad-41f6ffc319d1:7
[   63469ms] [LOG] [SatFilter] Core: 98 E 77/39/32 gapped 0.02 mm stacks=2 Ae=1198.55mm2 L=0uH Vpeak=772.901V N=4 f=100000Hz Bpeak=0.256582T Bsat=0.3507T OK @ blob:http://localhost:5173/06a3175b-e878-4244-b5ad-41f6ffc319d1:7
[   63469ms] [LOG] [SatFilter] Using provided voltage: 772.901V @ blob:http://localhost:5173/06a3175b-e878-4244-b5ad-41f6ffc319d1:7
[   63469ms] [LOG] [SatFilter] Core: 95 EC 120 gapped 0.16 mm stacks=1 Ae=632.542mm2 L=0uH Vpeak=772.901V N=7 f=100000Hz Bpeak=0.277816T Bsat=0.35T OK @ blob:http://localhost:5173/06a3175b-e878-4244-b5ad-41f6ffc319d1:7
[   63469ms] [LOG] [SatFilter] Using provided voltage: 772.901V @ blob:http://localhost:5173/06a3175b-e878-4244-b5ad-41f6ffc319d1:7
[   63470ms] [LOG] [SatFilter] Core: 98 E 114/46/17.5 gapped 0.03 mm stacks=2 Ae=980.653mm2 L=0uH Vpeak=772.901V N=4 f=100000Hz Bpeak=0.313594T Bsat=0.3507T OK @ blob:http://localhost:5173/06a3175b-e878-4244-b5ad-41f6ffc319d1:7
[   63470ms] [LOG] [SatFilter] Using provided voltage: 772.901V @ blob:http://localhost:5173/06a3175b-e878-4244-b5ad-41f6ffc319d1:7
[   63470ms] [LOG] [SatFilter] Core: 98 U 66/33/27 gapped 0.01 mm stacks=4 Ae=1121.76mm2 L=0uH Vpeak=772.901V N=4 f=100000Hz Bpeak=0.274148T Bsat=0.3507T OK @ blob:http://localhost:5173/06a3175b-e878-4244-b5ad-41f6ffc319d1:7
[   63470ms] [LOG] [SatFilter] Using provided voltage: 772.901V @ blob:http://localhost:5173/06a3175b-e878-4244-b5ad-41f6ffc319d1:7
[   63470ms] [LOG] [SatFilter] Core: 95 E 80/38/32 gapped 0.02 mm stacks=2 Ae=1014.73mm2 L=0uH Vpeak=772.901V N=4 f=100000Hz Bpeak=0.303063T Bsat=0.35T OK @ blob:http://localhost:5173/06a3175b-e878-4244-b5ad-41f6ffc319d1:7
[   63471ms] [LOG] [SatFilter] Using provided voltage: 772.901V @ blob:http://localhost:5173/06a3175b-e878-4244-b5ad-41f6ffc319d1:7
[   63471ms] [LOG] [SatFilter] Core: 95 P 80/35 gapped 0.08 mm stacks=1 Ae=1226.72mm2 L=0uH Vpeak=772.901V N=4 f=100000Hz Bpeak=0.250691T Bsat=0.35T OK @ blob:http://localhost:5173/06a3175b-e878-4244-b5ad-41f6ffc319d1:7
[   63471ms] [LOG] [SatFilter] Using provided voltage: 772.901V @ blob:http://localhost:5173/06a3175b-e878-4244-b5ad-41f6ffc319d1:7
[   63471ms] [LOG] [SatFilter] Core: 98 U 81/39/20 gapped 0.03 mm stacks=3 Ae=602.939mm2 L=0uH Vpeak=772.901V N=7 f=100000Hz Bpeak=0.291456T Bsat=0.3507T OK @ blob:http://localhost:5173/06a3175b-e878-4244-b5ad-41f6ffc319d1:7
[   63471ms] [LOG] [SatFilter] Using provided voltage: 772.901V @ blob:http://localhost:5173/06a3175b-e878-4244-b5ad-41f6ffc319d1:7
[   63472ms] [LOG] [SatFilter] Core: 95 E 80/45/20 gapped 0.01 mm stacks=3 Ae=964.917mm2 L=0uH Vpeak=772.901V N=4 f=100000Hz Bpeak=0.318709T Bsat=0.35T OK @ blob:http://localhost:5173/06a3175b-e878-4244-b5ad-41f6ffc319d1:7
[   63472ms] [LOG] [SatFilter] Using provided voltage: 772.901V @ blob:http://localhost:5173/06a3175b-e878-4244-b5ad-41f6ffc319d1:7
[   63472ms] [LOG] [SatFilter] Core: 98 P 80/35 gapped 0.08 mm stacks=1 Ae=1226.72mm2 L=0uH Vpeak=772.901V N=4 f=100000Hz Bpeak=0.250691T Bsat=0.3507T OK @ blob:http://localhost:5173/06a3175b-e878-4244-b5ad-41f6ffc319d1:7
[   63472ms] [LOG] [SatFilter] Using provided voltage: 772.901V @ blob:http://localhost:5173/06a3175b-e878-4244-b5ad-41f6ffc319d1:7
[   63473ms] [LOG] [SatFilter] Core: 98 E 80/45/20 gapped 0.01 mm stacks=3 Ae=964.917mm2 L=0uH Vpeak=772.901V N=4 f=100000Hz Bpeak=0.318709T Bsat=0.3507T OK @ blob:http://localhost:5173/06a3175b-e878-4244-b5ad-41f6ffc319d1:7
[   63473ms] [LOG] [SatFilter] Using provided voltage: 772.901V @ blob:http://localhost:5173/06a3175b-e878-4244-b5ad-41f6ffc319d1:7
[   63473ms] [LOG] [SatFilter] Core: 98 U 73/36/21 gapped 0.01 mm stacks=4 Ae=1190.43mm2 L=0uH Vpeak=772.901V N=4 f=100000Hz Bpeak=0.258334T Bsat=0.3507T OK @ blob:http://localhost:5173/06a3175b-e878-4244-b5ad-41f6ffc319d1:7
[   63473ms] [LOG] [SatFilter] Using provided voltage: 772.901V @ blob:http://localhost:5173/06a3175b-e878-4244-b5ad-41f6ffc319d1:7
[   63473ms] [LOG] [SatFilter] Core: 98 E 80/45/30 gapped 0.03 mm stacks=2 Ae=965.327mm2 L=0uH Vpeak=772.901V N=4 f=100000Hz Bpeak=0.318573T Bsat=0.3507T OK @ blob:http://localhost:5173/06a3175b-e878-4244-b5ad-41f6ffc319d1:7
[   63473ms] [LOG] [SatFilter] Using provided voltage: 772.901V @ blob:http://localhost:5173/06a3175b-e878-4244-b5ad-41f6ffc319d1:7
[   63474ms] [LOG] [SatFilter] Core: 95 U 81/39/23 gapped 0.02 mm stacks=3 Ae=1089.92mm2 L=0uH Vpeak=772.901V N=4 f=100000Hz Bpeak=0.282156T Bsat=0.35T OK @ blob:http://localhost:5173/06a3175b-e878-4244-b5ad-41f6ffc319d1:7
[   63474ms] [LOG] [SatFilter] Using provided voltage: 772.901V @ blob:http://localhost:5173/06a3175b-e878-4244-b5ad-41f6ffc319d1:7
[   63474ms] [LOG] [SatFilter] Core: 98 U 81/39/23 gapped 0.02 mm stacks=3 Ae=1089.92mm2 L=0uH Vpeak=772.901V N=4 f=100000Hz Bpeak=0.282156T Bsat=0.3507T OK @ blob:http://localhost:5173/06a3175b-e878-4244-b5ad-41f6ffc319d1:7
[   63475ms] [LOG] [SatFilter] Using provided voltage: 772.901V @ blob:http://localhost:5173/06a3175b-e878-4244-b5ad-41f6ffc319d1:7
[   63475ms] [LOG] [SatFilter] Core: 98 E 80/38/25 gapped 0.01 mm stacks=3 Ae=1200.09mm2 L=0uH Vpeak=772.901V N=4 f=100000Hz Bpeak=0.256253T Bsat=0.3507T OK @ blob:http://localhost:5173/06a3175b-e878-4244-b5ad-41f6ffc319d1:7
[   63475ms] [LOG] [SatFilter] Using provided voltage: 772.901V @ blob:http://localhost:5173/06a3175b-e878-4244-b5ad-41f6ffc319d1:7
[   63475ms] [LOG] [SatFilter] Core: 95 P 80/40 gapped 0.08 mm stacks=1 Ae=1217.69mm2 L=0uH Vpeak=772.901V N=4 f=100000Hz Bpeak=0.25255T Bsat=0.35T OK @ blob:http://localhost:5173/06a3175b-e878-4244-b5ad-41f6ffc319d1:7
[   63475ms] [LOG] [SatFilter] Using provided voltage: 772.901V @ blob:http://localhost:5173/06a3175b-e878-4244-b5ad-41f6ffc319d1:7
[   63475ms] [LOG] [SatFilter] Core: 98 E 80/38/40 gapped 0.02 mm stacks=2 Ae=1262.65mm2 L=0uH Vpeak=772.901V N=4 f=100000Hz Bpeak=0.243557T Bsat=0.3507T OK @ blob:http://localhost:5173/06a3175b-e878-4244-b5ad-41f6ffc319d1:7
[   63476ms] [LOG] [SatFilter] Using provided voltage: 772.901V @ blob:http://localhost:5173/06a3175b-e878-4244-b5ad-41f6ffc319d1:7
[   63476ms] [LOG] [SatFilter] Core: 95 E 160/38/40 gapped 0.16 mm stacks=1 Ae=643.563mm2 L=0uH Vpeak=772.901V N=7 f=100000Hz Bpeak=0.273058T Bsat=0.35T OK @ blob:http://localhost:5173/06a3175b-e878-4244-b5ad-41f6ffc319d1:7
[   63476ms] [LOG] [SatFilter] Using provided voltage: 772.901V @ blob:http://localhost:5173/06a3175b-e878-4244-b5ad-41f6ffc319d1:7
[   63476ms] [LOG] [SatFilter] Core: 98 U 81/39/20 gapped 0.02 mm stacks=4 Ae=803.918mm2 L=0uH Vpeak=772.901V N=5 f=100000Hz Bpeak=0.306028T Bsat=0.3507T OK @ blob:http://localhost:5173/06a3175b-e878-4244-b5ad-41f6ffc319d1:7
[   63476ms] [LOG] [SatFilter] Using provided voltage: 772.901V @ blob:http://localhost:5173/06a3175b-e878-4244-b5ad-41f6ffc319d1:7
[   63477ms] [LOG] [SatFilter] Core: 95 U 81/39/20 gapped 0.02 mm stacks=4 Ae=803.918mm2 L=0uH Vpeak=772.901V N=5 f=100000Hz Bpeak=0.306028T Bsat=0.35T OK @ blob:http://localhost:5173/06a3175b-e878-4244-b5ad-41f6ffc319d1:7
[   63477ms] [LOG] [SatFilter] Using provided voltage: 772.901V @ blob:http://localhost:5173/06a3175b-e878-4244-b5ad-41f6ffc319d1:7
[   63477ms] [LOG] [SatFilter] Core: 95 P 100/30 gapped 0.07 mm stacks=1 Ae=1447.6mm2 L=0uH Vpeak=772.901V N=4 f=100000Hz Bpeak=0.21244T Bsat=0.35T OK @ blob:http://localhost:5173/06a3175b-e878-4244-b5ad-41f6ffc319d1:7
[   63477ms] [LOG] [SatFilter] Using provided voltage: 772.901V @ blob:http://localhost:5173/06a3175b-e878-4244-b5ad-41f6ffc319d1:7
[   63477ms] [LOG] [SatFilter] Core: 98 E 160/38/40 gapped 0.16 mm stacks=1 Ae=643.563mm2 L=0uH Vpeak=772.901V N=7 f=100000Hz Bpeak=0.273058T Bsat=0.3507T OK @ blob:http://localhost:5173/06a3175b-e878-4244-b5ad-41f6ffc319d1:7
[   63478ms] [LOG] [SatFilter] Using provided voltage: 772.901V @ blob:http://localhost:5173/06a3175b-e878-4244-b5ad-41f6ffc319d1:7
[   63478ms] [LOG] [SatFilter] Core: 98 E 114/46/26 gapped 0.02 mm stacks=2 Ae=1306.35mm2 L=0uH Vpeak=772.901V N=4 f=100000Hz Bpeak=0.235409T Bsat=0.3507T OK @ blob:http://localhost:5173/06a3175b-e878-4244-b5ad-41f6ffc319d1:7
[   63478ms] [LOG] [SatFilter] Using provided voltage: 772.901V @ blob:http://localhost:5173/06a3175b-e878-4244-b5ad-41f6ffc319d1:7
[   63478ms] [LOG] [SatFilter] Core: 98 P 100/30 gapped 0.07 mm stacks=1 Ae=1447.6mm2 L=0uH Vpeak=772.901V N=4 f=100000Hz Bpeak=0.21244T Bsat=0.3507T OK @ blob:http://localhost:5173/06a3175b-e878-4244-b5ad-41f6ffc319d1:7
[   63478ms] [LOG] [SatFilter] Using provided voltage: 772.901V @ blob:http://localhost:5173/06a3175b-e878-4244-b5ad-41f6ffc319d1:7
[   63479ms] [LOG] [SatFilter] Core: 95 PQ 107/87 gapped 0.07 mm stacks=1 Ae=1498.83mm2 L=0uH Vpeak=772.901V N=4 f=100000Hz Bpeak=0.205179T Bsat=0.35T OK @ blob:http://localhost:5173/06a3175b-e878-4244-b5ad-41f6ffc319d1:7
[   63479ms] [LOG] [SatFilter] Using provided voltage: 772.901V @ blob:http://localhost:5173/06a3175b-e878-4244-b5ad-41f6ffc319d1:7
[   63479ms] [LOG] [SatFilter] Core: 95 U 101/115/25 gapped 0.02 mm stacks=2 Ae=1295.4mm2 L=0uH Vpeak=772.901V N=4 f=100000Hz Bpeak=0.2374T Bsat=0.35T OK @ blob:http://localhost:5173/06a3175b-e878-4244-b5ad-41f6ffc319d1:7
[   63479ms] [LOG] [SatFilter] Using provided voltage: 772.901V @ blob:http://localhost:5173/06a3175b-e878-4244-b5ad-41f6ffc319d1:7
[   63480ms] [LOG] [SatFilter] Core: 98 E 80/45/20 gapped 0.01 mm stacks=4 Ae=1286.56mm2 L=0uH Vpeak=772.901V N=4 f=100000Hz Bpeak=0.239032T Bsat=0.3507T OK @ blob:http://localhost:5173/06a3175b-e878-4244-b5ad-41f6ffc319d1:7
[   63480ms] [LOG] [SatFilter] Using provided voltage: 772.901V @ blob:http://localhost:5173/06a3175b-e878-4244-b5ad-41f6ffc319d1:7
[   63480ms] [LOG] [SatFilter] Core: 98 U 81/39/23 gapped 0.01 mm stacks=4 Ae=1453.22mm2 L=0uH Vpeak=772.901V N=4 f=100000Hz Bpeak=0.211617T Bsat=0.3507T OK @ blob:http://localhost:5173/06a3175b-e878-4244-b5ad-41f6ffc319d1:7
[   63480ms] [LOG] [SatFilter] Using provided voltage: 772.901V @ blob:http://localhost:5173/06a3175b-e878-4244-b5ad-41f6ffc319d1:7
[   63480ms] [LOG] [SatFilter] Core: 95 E 100/60/28 gapped 0.02 mm stacks=2 Ae=1176.08mm2 L=0uH Vpeak=772.901V N=4 f=100000Hz Bpeak=0.261485T Bsat=0.35T OK @ blob:http://localhost:5173/06a3175b-e878-4244-b5ad-41f6ffc319d1:7
[   63481ms] [LOG] [SatFilter] Using provided voltage: 772.901V @ blob:http://localhost:5173/06a3175b-e878-4244-b5ad-41f6ffc319d1:7
[   63481ms] [LOG] [SatFilter] Core: 95 U 93/76/16 gapped 0.02 mm stacks=2 Ae=1151.76mm2 L=0uH Vpeak=772.901V N=4 f=100000Hz Bpeak=0.267006T Bsat=0.35T OK @ blob:http://localhost:5173/06a3175b-e878-4244-b5ad-41f6ffc319d1:7
[   63481ms] [LOG] [SatFilter] Using provided voltage: 772.901V @ blob:http://localhost:5173/06a3175b-e878-4244-b5ad-41f6ffc319d1:7
[   63481ms] [LOG] [SatFilter] Core: 95 U 93/76/20 gapped 0.02 mm stacks=2 Ae=1151.76mm2 L=0uH Vpeak=772.901V N=4 f=100000Hz Bpeak=0.267006T Bsat=0.35T OK @ blob:http://localhost:5173/06a3175b-e878-4244-b5ad-41f6ffc319d1:7
[   63482ms] [LOG] [SatFilter] Using provided voltage: 772.901V @ blob:http://localhost:5173/06a3175b-e878-4244-b5ad-41f6ffc319d1:7
[   63482ms] [LOG] [SatFilter] Core: 98 PQ 107/87 gapped 0.07 mm stacks=1 Ae=1498.83mm2 L=0uH Vpeak=772.901V N=4 f=100000Hz Bpeak=0.205179T Bsat=0.3507T OK @ blob:http://localhost:5173/06a3175b-e878-4244-b5ad-41f6ffc319d1:7
[   63482ms] [LOG] [SatFilter] Using provided voltage: 772.901V @ blob:http://localhost:5173/06a3175b-e878-4244-b5ad-41f6ffc319d1:7
[   63482ms] [LOG] [SatFilter] Core: 95 U 100/57/25 gapped 0.02 mm stacks=2 Ae=1205.22mm2 L=0uH Vpeak=772.901V N=4 f=100000Hz Bpeak=0.255163T Bsat=0.35T OK @ blob:http://localhost:5173/06a3175b-e878-4244-b5ad-41f6ffc319d1:7
[   63482ms] [LOG] [SatFilter] Using provided voltage: 772.901V @ blob:http://localhost:5173/06a3175b-e878-4244-b5ad-41f6ffc319d1:7
[   63483ms] [LOG] [SatFilter] Core: 98 U 101/115/25 gapped 0.02 mm stacks=2 Ae=1295.4mm2 L=0uH Vpeak=772.901V N=4 f=100000Hz Bpeak=0.2374T Bsat=0.3507T OK @ blob:http://localhost:5173/06a3175b-e878-4244-b5ad-41f6ffc319d1:7
[   63483ms] [LOG] [SatFilter] Using provided voltage: 772.901V @ blob:http://localhost:5173/06a3175b-e878-4244-b5ad-41f6ffc319d1:7
[   63483ms] [LOG] [SatFilter] Core: 95 U 79/129/31 gapped 0.02 mm stacks=2 Ae=1406.73mm2 L=0uH Vpeak=772.901V N=4 f=100000Hz Bpeak=0.218611T Bsat=0.35T OK @ blob:http://localhost:5173/06a3175b-e878-4244-b5ad-41f6ffc319d1:7
[   63483ms] [LOG] [SatFilter] Using provided voltage: 772.901V @ blob:http://localhost:5173/06a3175b-e878-4244-b5ad-41f6ffc319d1:7
[   63483ms] [LOG] [SatFilter] Core: 98 U 79/129/31 gapped 0.02 mm stacks=2 Ae=1406.73mm2 L=0uH Vpeak=772.901V N=4 f=100000Hz Bpeak=0.218611T Bsat=0.3507T OK @ blob:http://localhost:5173/06a3175b-e878-4244-b5ad-41f6ffc319d1:7
[   63483ms] [LOG] [SatFilter] Using provided voltage: 772.901V @ blob:http://localhost:5173/06a3175b-e878-4244-b5ad-41f6ffc319d1:7
[   63484ms] [LOG] [SatFilter] Core: 98 E 100/60/28 gapped 0.02 mm stacks=2 Ae=1176.08mm2 L=0uH Vpeak=772.901V N=4 f=100000Hz Bpeak=0.261485T Bsat=0.3507T OK @ blob:http://localhost:5173/06a3175b-e878-4244-b5ad-41f6ffc319d1:7
[   63484ms] [LOG] [SatFilter] Using provided voltage: 772.901V @ blob:http://localhost:5173/06a3175b-e878-4244-b5ad-41f6ffc319d1:7
[   63484ms] [LOG] [SatFilter] Core: 95 U 80/65/32 gapped 0.02 mm stacks=2 Ae=1436.52mm2 L=0uH Vpeak=772.901V N=4 f=100000Hz Bpeak=0.214078T Bsat=0.35T OK @ blob:http://localhost:5173/06a3175b-e878-4244-b5ad-41f6ffc319d1:7
[   63484ms] [LOG] [SatFilter] Using provided voltage: 772.901V @ blob:http://localhost:5173/06a3175b-e878-4244-b5ad-41f6ffc319d1:7
[   63485ms] [LOG] [SatFilter] Core: 98 U 80/65/32 gapped 0.02 mm stacks=2 Ae=1436.52mm2 L=0uH Vpeak=772.901V N=4 f=100000Hz Bpeak=0.214078T Bsat=0.3507T OK @ blob:http://localhost:5173/06a3175b-e878-4244-b5ad-41f6ffc319d1:7
[   63485ms] [LOG] [SatFilter] Using provided voltage: 772.901V @ blob:http://localhost:5173/06a3175b-e878-4244-b5ad-41f6ffc319d1:7
[   63485ms] [LOG] [SatFilter] Core: 98 E 100/60/21 gapped 0.01 mm stacks=3 Ae=1323.41mm2 L=0uH Vpeak=772.901V N=4 f=100000Hz Bpeak=0.232375T Bsat=0.3507T OK @ blob:http://localhost:5173/06a3175b-e878-4244-b5ad-41f6ffc319d1:7
[   63485ms] [LOG] [SatFilter] Using provided voltage: 772.901V @ blob:http://localhost:5173/06a3175b-e878-4244-b5ad-41f6ffc319d1:7
[   63485ms] [LOG] [SatFilter] Core: 95 P 100/40 gapped 0.07 mm stacks=1 Ae=1425.73mm2 L=0uH Vpeak=772.901V N=4 f=100000Hz Bpeak=0.215699T Bsat=0.35T OK @ blob:http://localhost:5173/06a3175b-e878-4244-b5ad-41f6ffc319d1:7
[   63485ms] [LOG] [SatFilter] Using provided voltage: 772.901V @ blob:http://localhost:5173/06a3175b-e878-4244-b5ad-41f6ffc319d1:7
[   63487ms] [LOG] [SatFilter] Core: 98 P 100/40 gapped 0.07 mm stacks=1 Ae=1425.73mm2 L=0uH Vpeak=772.901V N=4 f=100000Hz Bpeak=0.215699T Bsat=0.3507T OK @ blob:http://localhost:5173/06a3175b-e878-4244-b5ad-41f6ffc319d1:7
[   63487ms] [LOG] [SatFilter] Using provided voltage: 772.901V @ blob:http://localhost:5173/06a3175b-e878-4244-b5ad-41f6ffc319d1:7
[   63487ms] [LOG] [SatFilter] Core: 95 E 100/60/21 gapped 0.01 mm stacks=3 Ae=1323.41mm2 L=0uH Vpeak=772.901V N=4 f=100000Hz Bpeak=0.232375T Bsat=0.35T OK @ blob:http://localhost:5173/06a3175b-e878-4244-b5ad-41f6ffc319d1:7
[   63487ms] [LOG] [SatFilter] Using provided voltage: 772.901V @ blob:http://localhost:5173/06a3175b-e878-4244-b5ad-41f6ffc319d1:7
[   63487ms] [LOG] [SatFilter] Core: 95 U 80/150/30 gapped 0.02 mm stacks=2 Ae=1220.64mm2 L=0uH Vpeak=772.901V N=4 f=100000Hz Bpeak=0.251939T Bsat=0.35T OK @ blob:http://localhost:5173/06a3175b-e878-4244-b5ad-41f6ffc319d1:7
[   63487ms] [LOG] [SatFilter] Using provided voltage: 772.901V @ blob:http://localhost:5173/06a3175b-e878-4244-b5ad-41f6ffc319d1:7
[   63487ms] [LOG] [SatFilter] Core: 95 U 80/150/30 gapped 0.02 mm stacks=2 Ae=1220.64mm2 L=0uH Vpeak=772.901V N=4 f=100000Hz Bpeak=0.251939T Bsat=0.35T OK @ blob:http://localhost:5173/06a3175b-e878-4244-b5ad-41f6ffc319d1:7
[   63487ms] [LOG] [SatFilter] Using provided voltage: 772.901V @ blob:http://localhost:5173/06a3175b-e878-4244-b5ad-41f6ffc319d1:7
[   63488ms] [LOG] [SatFilter] Core: 98 U 93/76/16 gapped 0.01 mm stacks=3 Ae=1727.64mm2 L=0uH Vpeak=772.901V N=4 f=100000Hz Bpeak=0.178004T Bsat=0.3507T OK @ blob:http://localhost:5173/06a3175b-e878-4244-b5ad-41f6ffc319d1:7
[   63488ms] [LOG] [SatFilter] Using provided voltage: 772.901V @ blob:http://localhost:5173/06a3175b-e878-4244-b5ad-41f6ffc319d1:7
[   63488ms] [LOG] [SatFilter] Core: 98 U 93/76/20 gapped 0.01 mm stacks=3 Ae=1727.64mm2 L=0uH Vpeak=772.901V N=4 f=100000Hz Bpeak=0.178004T Bsat=0.3507T OK @ blob:http://localhost:5173/06a3175b-e878-4244-b5ad-41f6ffc319d1:7
[   63488ms] [LOG] [SatFilter] Using provided voltage: 772.901V @ blob:http://localhost:5173/06a3175b-e878-4244-b5ad-41f6ffc319d1:7
[   63488ms] [LOG] [SatFilter] Core: 98 PM 114/93 gapped 0.06 mm stacks=1 Ae=1712.16mm2 L=0uH Vpeak=772.901V N=4 f=100000Hz Bpeak=0.179614T Bsat=0.3507T OK @ blob:http://localhost:5173/06a3175b-e878-4244-b5ad-41f6ffc319d1:7
[   63488ms] [LOG] [SatFilter] Using provided voltage: 772.901V @ blob:http://localhost:5173/06a3175b-e878-4244-b5ad-41f6ffc319d1:7
[   63489ms] [LOG] [SatFilter] Core: 98 U 93/76/30 gapped 0.01 mm stacks=2 Ae=1727.64mm2 L=0uH Vpeak=772.901V N=4 f=100000Hz Bpeak=0.178004T Bsat=0.3507T OK @ blob:http://localhost:5173/06a3175b-e878-4244-b5ad-41f6ffc319d1:7
[   63489ms] [LOG] [SatFilter] Using provided voltage: 772.901V @ blob:http://localhost:5173/06a3175b-e878-4244-b5ad-41f6ffc319d1:7
[   63489ms] [LOG] [SatFilter] Core: 95 PM 114/93 gapped 0.06 mm stacks=1 Ae=1712.16mm2 L=0uH Vpeak=772.901V N=4 f=100000Hz Bpeak=0.179614T Bsat=0.35T OK @ blob:http://localhost:5173/06a3175b-e878-4244-b5ad-41f6ffc319d1:7
[   63489ms] [LOG] [SatFilter] Using provided voltage: 772.901V @ blob:http://localhost:5173/06a3175b-e878-4244-b5ad-41f6ffc319d1:7
[   63490ms] [LOG] [SatFilter] Core: 98 U 100/151/30 gapped 0.01 mm stacks=2 Ae=1830mm2 L=0uH Vpeak=772.901V N=4 f=100000Hz Bpeak=0.168048T Bsat=0.3507T OK @ blob:http://localhost:5173/06a3175b-e878-4244-b5ad-41f6ffc319d1:7
[   63490ms] [LOG] [SatFilter] Using provided voltage: 772.901V @ blob:http://localhost:5173/06a3175b-e878-4244-b5ad-41f6ffc319d1:7
[   63490ms] [LOG] [SatFilter] Core: 95 U 93/76/30 gapped 0.01 mm stacks=2 Ae=1727.64mm2 L=0uH Vpeak=772.901V N=4 f=100000Hz Bpeak=0.178004T Bsat=0.35T OK @ blob:http://localhost:5173/06a3175b-e878-4244-b5ad-41f6ffc319d1:7
[   63490ms] [LOG] [SatFilter] Using provided voltage: 772.901V @ blob:http://localhost:5173/06a3175b-e878-4244-b5ad-41f6ffc319d1:7
[   63490ms] [LOG] [SatFilter] Core: 98 U 100/57/25 gapped 0.01 mm stacks=3 Ae=1807.83mm2 L=0uH Vpeak=772.901V N=4 f=100000Hz Bpeak=0.170108T Bsat=0.3507T OK @ blob:http://localhost:5173/06a3175b-e878-4244-b5ad-41f6ffc319d1:7
[   63491ms] [LOG] [SatFilter] Using provided voltage: 772.901V @ blob:http://localhost:5173/06a3175b-e878-4244-b5ad-41f6ffc319d1:7
[   63491ms] [LOG] [SatFilter] Core: 95 P 100/50 gapped 0.07 mm stacks=1 Ae=1411.58mm2 L=0uH Vpeak=772.901V N=4 f=100000Hz Bpeak=0.217861T Bsat=0.35T OK @ blob:http://localhost:5173/06a3175b-e878-4244-b5ad-41f6ffc319d1:7
[   63491ms] [LOG] [SatFilter] Using provided voltage: 772.901V @ blob:http://localhost:5173/06a3175b-e878-4244-b5ad-41f6ffc319d1:7
[   63491ms] [LOG] [SatFilter] Core: 98 U 101/76/30 gapped 0.01 mm stacks=2 Ae=1699.05mm2 L=0uH Vpeak=772.901V N=4 f=100000Hz Bpeak=0.181T Bsat=0.3507T OK @ blob:http://localhost:5173/06a3175b-e878-4244-b5ad-41f6ffc319d1:7
[   63491ms] [LOG] [SatFilter] Using provided voltage: 772.901V @ blob:http://localhost:5173/06a3175b-e878-4244-b5ad-41f6ffc319d1:7
[   63492ms] [LOG] [SatFilter] Core: 98 E 160/38/40 gapped 0.02 mm stacks=2 Ae=1287.13mm2 L=0uH Vpeak=772.901V N=4 f=100000Hz Bpeak=0.238926T Bsat=0.3507T OK @ blob:http://localhost:5173/06a3175b-e878-4244-b5ad-41f6ffc319d1:7
[   63492ms] [LOG] [SatFilter] Using provided voltage: 772.901V @ blob:http://localhost:5173/06a3175b-e878-4244-b5ad-41f6ffc319d1:7
[   63492ms] [LOG] [SatFilter] Core: 95 U 101/76/30 gapped 0.01 mm stacks=2 Ae=1699.05mm2 L=0uH Vpeak=772.901V N=4 f=100000Hz Bpeak=0.181T Bsat=0.35T OK @ blob:http://localhost:5173/06a3175b-e878-4244-b5ad-41f6ffc319d1:7
[   63492ms] [LOG] [SatFilter] Using provided voltage: 772.901V @ blob:http://localhost:5173/06a3175b-e878-4244-b5ad-41f6ffc319d1:7
[   63492ms] [LOG] [SatFilter] Core: 95 E 160/38/40 gapped 0.02 mm stacks=2 Ae=1287.13mm2 L=0uH Vpeak=772.901V N=4 f=100000Hz Bpeak=0.238926T Bsat=0.35T OK @ blob:http://localhost:5173/06a3175b-e878-4244-b5ad-41f6ffc319d1:7
[   63493ms] [LOG] [SatFilter] Using provided voltage: 772.901V @ blob:http://localhost:5173/06a3175b-e878-4244-b5ad-41f6ffc319d1:7
[   63493ms] [LOG] [SatFilter] Core: 95 E 155/77/47 gapped 0.06 mm stacks=1 Ae=1797.41mm2 L=0uH Vpeak=772.901V N=4 f=100000Hz Bpeak=0.171095T Bsat=0.35T OK @ blob:http://localhost:5173/06a3175b-e878-4244-b5ad-41f6ffc319d1:7
[   63493ms] [LOG] [SatFilter] Using provided voltage: 772.901V @ blob:http://localhost:5173/06a3175b-e878-4244-b5ad-41f6ffc319d1:7
[   63493ms] [LOG] [SatFilter] Core: 98 E 155/77/47 gapped 0.06 mm stacks=1 Ae=1797.41mm2 L=0uH Vpeak=772.901V N=4 f=100000Hz Bpeak=0.171095T Bsat=0.3507T OK @ blob:http://localhost:5173/06a3175b-e878-4244-b5ad-41f6ffc319d1:7
[   63493ms] [LOG] [CoreAdviser] After Saturation: 233 @ blob:http://localhost:5173/06a3175b-e878-4244-b5ad-41f6ffc319d1:7
[   63503ms] [LOG] [CoreAdviser] After Losses: 233 @ blob:http://localhost:5173/06a3175b-e878-4244-b5ad-41f6ffc319d1:7
