[      84ms] [LOG] localhost @ http://localhost:5173/wizards:10
[      84ms] [LOG] localhost @ http://localhost:5173/wizards:25
[     214ms] [LOG] [StoreVersioning] Current version date: 2026-03-07 @ http://localhost:5173/src/stores/storeVersioning.js:66
[     215ms] [LOG] [StoreVersioning] Stored version date: 2026-03-07 @ http://localhost:5173/src/stores/storeVersioning.js:67
[     216ms] [LOG] [StoreVersioning] Stores are up to date, no clearing needed. @ http://localhost:5173/src/stores/storeVersioning.js:89
[     223ms] [WARNING] Initializing MKF in Web Worker (fresh)... @ http://localhost:5173/src/main.js?t=1776081402461:156
[     224ms] [WARNING] Loading core materials in backend @ http://localhost:5173/src/main.js?t=1776081402461:164
[     333ms] [LOG] [MKF Worker] Loading WASM from: /wasm/libMKF.wasm.js?v=2026-03-07 @ http://localhost:5173/WebSharedComponents/assets/js/mkfWorker.js?worker_file&type=module:113
[     828ms] [WARNING] [JavaScript Warning: "The WebAssembly exception handling 'try' instruction is deprecated and should no longer be used. Please recompile to use the 'try_table' instruction instead."] @ :0
[     847ms] [WARNING] Loading core materials in simulator @ http://localhost:5173/src/main.js?t=1776081402461:197
[     848ms] [WARNING] Loading core shapes in simulator @ http://localhost:5173/src/main.js?t=1776081402461:200
[     848ms] [WARNING] Loading wires in simulator @ http://localhost:5173/src/main.js?t=1776081402461:203
[    7094ms] [LOG] Core materials loaded @ http://localhost:5173/src/main.js?t=1776081402461:198
[    7524ms] [LOG] Core shapes loaded @ http://localhost:5173/src/main.js?t=1776081402461:201
[   17983ms] [LOG] Wires loaded @ http://localhost:5173/src/main.js?t=1776081402461:204
[   17984ms] [WARNING] All data loaded @ http://localhost:5173/src/main.js?t=1776081402461:213
[   17984ms] [WARNING] Initializing model settings... @ http://localhost:5173/src/main.js?t=1776081402461:216
[   17989ms] [WARNING] Model settings initialized @ http://localhost:5173/src/main.js?t=1776081402461:219
[   18091ms] [LOG] [StateStore] resimulate() called - triggering action subscribers @ http://localhost:5173/src/stores/state.js:393
[   18091ms] [LOG] [StateStore] Stored pending simulation models: JSHandle@object @ http://localhost:5173/src/stores/state.js:396
[   18294ms] [WARNING] [JavaScript Warning: "unreachable code after return statement" {file: "http://localhost:5173/src/components/Wizards/PsfbWizard.vue" line: 79}] @ http://localhost:5173/src/components/Wizards/PsfbWizard.vue:79
