[     307ms] [LOG] localhost @ http://localhost:5173/?nocache=5:10
[     308ms] [LOG] localhost @ http://localhost:5173/?nocache=5:25
[     494ms] [LOG] [StoreVersioning] Current version date: 2026-04-15 @ http://localhost:5173/src/stores/storeVersioning.js?t=1776208382740:66
[     495ms] [LOG] [StoreVersioning] Stored version date: 2026-04-15 @ http://localhost:5173/src/stores/storeVersioning.js?t=1776208382740:67
[     496ms] [LOG] [StoreVersioning] Stores are up to date, no clearing needed. @ http://localhost:5173/src/stores/storeVersioning.js?t=1776208382740:89
[     503ms] [WARNING] Preloading MKF from home page... @ http://localhost:5173/src/main.js?t=1776338108091:60
[     565ms] [LOG] [MKF Worker] Loading WASM from: /wasm/libMKF.wasm.js?v=2026-04-15 @ http://localhost:5173/WebSharedComponents/assets/js/mkfWorker.js?worker_file&type=module:113
[    1718ms] [WARNING] [JavaScript Warning: "The WebAssembly exception handling 'try' instruction is deprecated and should no longer be used. Please recompile to use the 'try_table' instruction instead."] @ :0
[    1734ms] [WARNING] [MAIN] Preload: Loading core materials, shapes and wires... @ http://localhost:5173/src/main.js?t=1776338108091:71
[    7913ms] [LOG] Preload: Core materials loaded @ http://localhost:5173/src/main.js?t=1776338108091:73
[    8223ms] [LOG] Preload: Core shapes loaded @ http://localhost:5173/src/main.js?t=1776338108091:74
[   19542ms] [LOG] Preload: Wires loaded @ http://localhost:5173/src/main.js?t=1776338108091:75
[   19542ms] [WARNING] Preload: Initializing model settings... @ http://localhost:5173/src/main.js?t=1776338108091:79
[   19551ms] [WARNING] Preload: Model settings initialized @ http://localhost:5173/src/main.js?t=1776338108091:82
[   19551ms] [WARNING] MKF preload complete - All data ready @ http://localhost:5173/src/main.js?t=1776338108091:84
[   19652ms] [LOG] [StateStore] resimulate() called - triggering action subscribers @ http://localhost:5173/src/stores/state.js:393
[   19652ms] [LOG] [StateStore] Stored pending simulation models: JSHandle@object @ http://localhost:5173/src/stores/state.js:396
[  134209ms] [LOG] localhost @ http://localhost:5173/?nocache=5:10
[  134209ms] [LOG] localhost @ http://localhost:5173/?nocache=5:25
[  134455ms] [LOG] [StoreVersioning] Current version date: 2026-04-15 @ http://localhost:5173/src/stores/storeVersioning.js?t=1776208382740:66
[  134456ms] [LOG] [StoreVersioning] Stored version date: 2026-04-15 @ http://localhost:5173/src/stores/storeVersioning.js?t=1776208382740:67
[  134456ms] [LOG] [StoreVersioning] Stores are up to date, no clearing needed. @ http://localhost:5173/src/stores/storeVersioning.js?t=1776208382740:89
[  134463ms] [WARNING] Preloading MKF from home page... @ http://localhost:5173/src/main.js?t=1776349546397:60
[  134512ms] [LOG] [MKF Worker] Loading WASM from: /wasm/libMKF.wasm.js?v=2026-04-15 @ http://localhost:5173/WebSharedComponents/assets/js/mkfWorker.js?worker_file&type=module:113
[  134977ms] [WARNING] [JavaScript Warning: "The WebAssembly exception handling 'try' instruction is deprecated and should no longer be used. Please recompile to use the 'try_table' instruction instead."] @ :0
[  134990ms] [WARNING] [MAIN] Preload: Loading core materials, shapes and wires... @ http://localhost:5173/src/main.js?t=1776349546397:71
[  141430ms] [LOG] Preload: Core materials loaded @ http://localhost:5173/src/main.js?t=1776349546397:73
[  141742ms] [LOG] Preload: Core shapes loaded @ http://localhost:5173/src/main.js?t=1776349546397:74
[  152936ms] [LOG] Preload: Wires loaded @ http://localhost:5173/src/main.js?t=1776349546397:75
[  152936ms] [WARNING] Preload: Initializing model settings... @ http://localhost:5173/src/main.js?t=1776349546397:79
[  152944ms] [WARNING] Preload: Model settings initialized @ http://localhost:5173/src/main.js?t=1776349546397:82
[  152945ms] [WARNING] MKF preload complete - All data ready @ http://localhost:5173/src/main.js?t=1776349546397:84
[  153045ms] [LOG] [StateStore] resimulate() called - triggering action subscribers @ http://localhost:5173/src/stores/state.js:393
[  153045ms] [LOG] [StateStore] Stored pending simulation models: JSHandle@object @ http://localhost:5173/src/stores/state.js:396
[14512382ms] [LOG] Resetting MAS @ http://localhost:5173/MagneticBuilder/src/stores/mas.js:43
[14512424ms] [WARNING] Loading core materials in backend @ http://localhost:5173/src/main.js?t=1776349546397:164
[14512429ms] [WARNING] Preload already loaded base data, skipping... @ http://localhost:5173/src/main.js?t=1776349546397:206
[14512430ms] [WARNING] All data loaded @ http://localhost:5173/src/main.js?t=1776349546397:213
[14512430ms] [WARNING] Initializing model settings... @ http://localhost:5173/src/main.js?t=1776349546397:216
[14512448ms] [WARNING] Model settings initialized @ http://localhost:5173/src/main.js?t=1776349546397:219
[14514557ms] [ERROR] Error @ http://localhost:5173/src/components/Toolbox/ControlPanel.vue:101
[14514722ms] [ERROR] [JavaScript Error: "Cross-Origin Request Blocked: The Same Origin Policy disallows reading the remote resource at http://localhost:8000/is_high_performance_backend_available. (Reason: CORS request did not succeed). Status code: (null)."] @ :0
[14514723ms] [ERROR] [JavaScript Error: "Cross-Origin Request Blocked: The Same Origin Policy disallows reading the remote resource at http://localhost:8000/is_high_performance_backend_available. (Reason: CORS request did not succeed). Status code: (null)."] @ :0
[14514816ms] [LOG] [processSvgResult] Original dimensions: 503 x 379.1 @ http://localhost:5173/WebSharedComponents/Common/Magnetic2DVisualizer.vue:274
[14514816ms] [LOG] [processSvgResult] Client dimensions: 355 x 411 @ http://localhost:5173/WebSharedComponents/Common/Magnetic2DVisualizer.vue:275
[14514816ms] [LOG] [processSvgResult] Calculated width: 100% @ http://localhost:5173/WebSharedComponents/Common/Magnetic2DVisualizer.vue:279
[14514995ms] [WARNING] [JavaScript Warning: "The WebAssembly exception handling 'try' instruction is deprecated and should no longer be used. Please recompile to use the 'try_table' instruction instead."] @ :0
[14515002ms] [ERROR] [JavaScript Error: "Cross-Origin Request Blocked: The Same Origin Policy disallows reading the remote resource at http://localhost:8000/plot_wire. (Reason: CORS request did not succeed). Status code: (null)."] @ :0
[14515010ms] [ERROR] [JavaScript Error: "Cross-Origin Request Blocked: The Same Origin Policy disallows reading the remote resource at http://localhost:8000/plot_wire. (Reason: CORS request did not succeed). Status code: (null)."] @ :0
[14515554ms] [LOG] [processSvgResult] Original dimensions: 503 x 379.1 @ http://localhost:5173/WebSharedComponents/Common/Magnetic2DVisualizer.vue:274
[14515555ms] [LOG] [processSvgResult] Client dimensions: 355 x 411 @ http://localhost:5173/WebSharedComponents/Common/Magnetic2DVisualizer.vue:275
[14515555ms] [LOG] [processSvgResult] Calculated width: 100% @ http://localhost:5173/WebSharedComponents/Common/Magnetic2DVisualizer.vue:279
[14516093ms] [ERROR] [JavaScript Error: "Cross-Origin Request Blocked: The Same Origin Policy disallows reading the remote resource at http://localhost:8000/insert_intermediate_mas. (Reason: CORS request did not succeed). Status code: (null)."] @ :0
[14516094ms] [ERROR] Error inserting @ http://localhost:5173/MagneticBuilder/src/components/MagneticBuilder.vue?t=1776338108091:167
[14516095ms] [ERROR] Error @ http://localhost:5173/MagneticBuilder/src/components/MagneticBuilder.vue?t=1776338108091:168
[14516095ms] [ERROR] [JavaScript Error: "Cross-Origin Request Blocked: The Same Origin Policy disallows reading the remote resource at http://localhost:8000/insert_intermediate_mas. (Reason: CORS request did not succeed). Status code: (null)."] @ :0
[14516471ms] [LOG] [processSvgResult] Original dimensions: 503 x 379.1 @ http://localhost:5173/WebSharedComponents/Common/Magnetic2DVisualizer.vue:274
[14516472ms] [LOG] [processSvgResult] Client dimensions: 355 x 411 @ http://localhost:5173/WebSharedComponents/Common/Magnetic2DVisualizer.vue:275
[14516472ms] [LOG] [processSvgResult] Calculated width: 100% @ http://localhost:5173/WebSharedComponents/Common/Magnetic2DVisualizer.vue:279
[20263505ms] [ERROR] [JavaScript Error: "Loading module from “http://localhost:5173/MagneticBuilder/src/components/MagneticBuilder/Graphs/GraphCommonParameters.vue?t=1776369675744” was blocked because of a disallowed MIME type (“”)." {file: "http://localhost:5173/magnetic_tool" line: 0}] @ http://localhost:5173/magnetic_tool:0
[20263509ms] [ERROR] [vite] Error @ http://localhost:5173/@vite/client:808
[20263510ms] [ERROR] [vite] Failed to reload /MagneticBuilder/src/components/MagneticBuilder/Graphs/GraphCommonParameters.vue. This could be due to syntax errors or importing non-existent modules. (see errors above) @ http://localhost:5173/@vite/client:808
[20263513ms] [WARNING] [JavaScript Warning: "Loading failed for the module with source “http://localhost:5173/MagneticBuilder/src/components/MagneticBuilder/Graphs/GraphCommonParameters.vue?t=1776369675744”." {file: "http://localhost:5173/@vite/client" line: 0}] @ http://localhost:5173/@vite/client:0
