This is pdfTeX, Version 3.141592653-2.6-1.40.25 (TeX Live 2023/Debian) (preloaded format=pdflatex 2026.1.12)  12 JAN 2026 14:09
entering extended mode
 restricted \write18 enabled.
 %&-line parsing enabled.
**datasheet_template.tex
(./datasheet_template.tex
LaTeX2e <2023-11-01> patch level 1
L3 programming layer <2024-01-22>

! LaTeX Error: Missing \begin{document}.

See the LaTeX manual or LaTeX Companion for explanation.
Type  H <return>  for immediate help.
 ...                                              
                                                  
l.23 {{P
        REAMBLE}}
? 
! Emergency stop.
 ...                                              
                                                  
l.23 {{P
        REAMBLE}}
You're in trouble here.  Try typing  <return>  to proceed.
If that doesn't work, type  X <return>  to quit.

 
Here is how much of TeX's memory you used:
 17 strings out of 476106
 567 string characters out of 5793933
 1922975 words of memory out of 5000000
 22126 multiletter control sequences out of 15000+600000
 558069 words of font info for 36 fonts, out of 8000000 for 9000
 59 hyphenation exceptions out of 8191
 15i,0n,18p,133b,20s stack positions out of 10000i,1000n,20000p,200000b,200000s
!  ==> Fatal error occurred, no output PDF file produced!
